test_accuracy,0,0.547
test_accuracy,1,0.514
test_accuracy,2,0.5992
test_accuracy,3,0.718
test_accuracy,4,0.6703
test_accuracy,5,0.6819
test_accuracy,6,0.7031
test_accuracy,7,0.6952
test_accuracy,8,0.7466
test_accuracy,9,0.6792
test_accuracy,10,0.7418
test_accuracy,11,0.7794
test_accuracy,12,0.7827
test_accuracy,13,0.788
test_accuracy,14,0.7876
test_accuracy,15,0.786
test_accuracy,16,0.787
test_accuracy,17,0.7881
test_accuracy,18,0.7877
test_accuracy,19,0.7884
test_accuracy,20,0.7883
test_accuracy,21,0.7889
test_accuracy,22,0.7886
test_accuracy,23,0.789
test_accuracy,24,0.7887
test_accuracy,25,0.7884
test_accuracy,26,0.7891
test_accuracy,27,0.7884
test_accuracy,28,0.7899
test_accuracy,29,0.7896
test_accuracy,30,0.7891
test_accuracy,31,0.7888
test_accuracy,32,0.7898
test_accuracy,33,0.7888
test_accuracy,34,0.7887
test_accuracy,35,0.7895
test_accuracy,36,0.7884
test_accuracy,37,0.7888
test_accuracy,38,0.7889
test_accuracy,39,0.7896
test_accuracy,40,0.79
test_accuracy,41,0.789
test_accuracy,42,0.7903
test_accuracy,43,0.7898
test_accuracy,44,0.7889
test_accuracy,45,0.7896
test_accuracy,46,0.79
test_accuracy,47,0.7906
test_accuracy,48,0.7883
test_accuracy,49,0.7894
test_accuracy,50,0.7899
test_accuracy,51,0.7896
test_accuracy,52,0.7896
test_accuracy,53,0.7909
test_accuracy,54,0.7896
test_accuracy,55,0.7892
test_accuracy,56,0.79
test_accuracy,57,0.791
test_accuracy,58,0.7891
test_accuracy,59,0.7903
