test_accuracy,0,0.1802
test_accuracy,1,0.1912
test_accuracy,2,0.1928
test_accuracy,3,0.2018
test_accuracy,4,0.2083
test_accuracy,5,0.252
test_accuracy,6,0.258
test_accuracy,7,0.258
test_accuracy,8,0.2403
test_accuracy,9,0.2355
test_accuracy,10,0.2578
test_accuracy,11,0.2526
test_accuracy,12,0.2545
test_accuracy,13,0.2745
test_accuracy,14,0.2126
test_accuracy,15,0.2601
test_accuracy,16,0.2374
test_accuracy,17,0.2327
test_accuracy,18,0.2625
test_accuracy,19,0.245
test_accuracy,20,0.261
test_accuracy,21,0.2265
test_accuracy,22,0.2539
test_accuracy,23,0.2514
test_accuracy,24,0.2368
test_accuracy,25,0.2777
test_accuracy,26,0.2587
test_accuracy,27,0.2383
test_accuracy,28,0.2558
test_accuracy,29,0.2706
test_accuracy,30,0.2677
test_accuracy,31,0.2404
test_accuracy,32,0.2213
test_accuracy,33,0.2218
test_accuracy,34,0.262
test_accuracy,35,0.2509
test_accuracy,36,0.2477
test_accuracy,37,0.247
test_accuracy,38,0.2461
test_accuracy,39,0.246
test_accuracy,40,0.2473
test_accuracy,41,0.2605
test_accuracy,42,0.2733
test_accuracy,43,0.2546
test_accuracy,44,0.2705
test_accuracy,45,0.2508
test_accuracy,46,0.2534
test_accuracy,47,0.276
test_accuracy,48,0.2607
test_accuracy,49,0.2714
test_accuracy,50,0.2711
test_accuracy,51,0.2536
test_accuracy,52,0.2689
test_accuracy,53,0.2481
test_accuracy,54,0.2711
test_accuracy,55,0.2687
test_accuracy,56,0.2667
test_accuracy,57,0.2514
test_accuracy,58,0.2497
test_accuracy,59,0.2679
