test_accuracy,0,0.5292
test_accuracy,1,0.5391
test_accuracy,2,0.5453
test_accuracy,3,0.5843
test_accuracy,4,0.6457
test_accuracy,5,0.6722
test_accuracy,6,0.6545
test_accuracy,7,0.5633
test_accuracy,8,0.5502
test_accuracy,9,0.681
test_accuracy,10,0.691
test_accuracy,11,0.6595
test_accuracy,12,0.6863
test_accuracy,13,0.6852
test_accuracy,14,0.6637
test_accuracy,15,0.6617
test_accuracy,16,0.6425
test_accuracy,17,0.6871
test_accuracy,18,0.6958
test_accuracy,19,0.6654
test_accuracy,20,0.6729
test_accuracy,21,0.6883
test_accuracy,22,0.6898
test_accuracy,23,0.6949
test_accuracy,24,0.6838
test_accuracy,25,0.6354
test_accuracy,26,0.6395
test_accuracy,27,0.5961
test_accuracy,28,0.688
test_accuracy,29,0.6599
test_accuracy,30,0.6754
test_accuracy,31,0.69
test_accuracy,32,0.6801
test_accuracy,33,0.6985
test_accuracy,34,0.6916
test_accuracy,35,0.6808
test_accuracy,36,0.6185
test_accuracy,37,0.6689
test_accuracy,38,0.6802
test_accuracy,39,0.6876
test_accuracy,40,0.6969
test_accuracy,41,0.7149
test_accuracy,42,0.7177
test_accuracy,43,0.7172
test_accuracy,44,0.7171
test_accuracy,45,0.7158
test_accuracy,46,0.7147
test_accuracy,47,0.7152
test_accuracy,48,0.7156
test_accuracy,49,0.7154
test_accuracy,50,0.7148
test_accuracy,51,0.7131
test_accuracy,52,0.7163
test_accuracy,53,0.7155
test_accuracy,54,0.7146
test_accuracy,55,0.7128
test_accuracy,56,0.7151
test_accuracy,57,0.7154
test_accuracy,58,0.7134
test_accuracy,59,0.7131
