test_accuracy,0,0.5467
test_accuracy,1,0.6328
test_accuracy,2,0.51
test_accuracy,3,0.6396
test_accuracy,4,0.6522
test_accuracy,5,0.6275
test_accuracy,6,0.6578
test_accuracy,7,0.6633
test_accuracy,8,0.5913
test_accuracy,9,0.7021
test_accuracy,10,0.6245
test_accuracy,11,0.7072
test_accuracy,12,0.6341
test_accuracy,13,0.6414
test_accuracy,14,0.6989
test_accuracy,15,0.7046
test_accuracy,16,0.6677
test_accuracy,17,0.6879
test_accuracy,18,0.6551
test_accuracy,19,0.7231
test_accuracy,20,0.7173
test_accuracy,21,0.6912
test_accuracy,22,0.7273
test_accuracy,23,0.7282
test_accuracy,24,0.7423
test_accuracy,25,0.7353
test_accuracy,26,0.7446
test_accuracy,27,0.7479
test_accuracy,28,0.7501
test_accuracy,29,0.75
test_accuracy,30,0.7525
test_accuracy,31,0.7518
test_accuracy,32,0.7518
test_accuracy,33,0.7529
test_accuracy,34,0.7559
test_accuracy,35,0.754
test_accuracy,36,0.754
test_accuracy,37,0.7533
test_accuracy,38,0.752
test_accuracy,39,0.7535
test_accuracy,40,0.7541
test_accuracy,41,0.754
test_accuracy,42,0.7556
test_accuracy,43,0.7556
test_accuracy,44,0.755
test_accuracy,45,0.7548
test_accuracy,46,0.7546
test_accuracy,47,0.7538
test_accuracy,48,0.7543
test_accuracy,49,0.7532
test_accuracy,50,0.7551
test_accuracy,51,0.7534
test_accuracy,52,0.7541
test_accuracy,53,0.7553
test_accuracy,54,0.7556
test_accuracy,55,0.7546
test_accuracy,56,0.7556
test_accuracy,57,0.7553
test_accuracy,58,0.7547
test_accuracy,59,0.7532
