test_accuracy,0,0.5547
test_accuracy,1,0.5783
test_accuracy,2,0.5783
test_accuracy,3,0.5493
test_accuracy,4,0.5538
test_accuracy,5,0.6441
test_accuracy,6,0.6516
test_accuracy,7,0.7268
test_accuracy,8,0.7045
test_accuracy,9,0.7
test_accuracy,10,0.7408
test_accuracy,11,0.7626
test_accuracy,12,0.7715
test_accuracy,13,0.7744
test_accuracy,14,0.7742
test_accuracy,15,0.7759
test_accuracy,16,0.7778
test_accuracy,17,0.7769
test_accuracy,18,0.7786
test_accuracy,19,0.7785
test_accuracy,20,0.7783
test_accuracy,21,0.7789
test_accuracy,22,0.7816
test_accuracy,23,0.7789
test_accuracy,24,0.78
test_accuracy,25,0.7806
test_accuracy,26,0.7812
test_accuracy,27,0.7797
test_accuracy,28,0.7808
test_accuracy,29,0.7794
test_accuracy,30,0.7791
test_accuracy,31,0.7801
test_accuracy,32,0.7796
test_accuracy,33,0.7796
test_accuracy,34,0.7772
test_accuracy,35,0.7808
test_accuracy,36,0.7787
test_accuracy,37,0.7801
test_accuracy,38,0.7814
test_accuracy,39,0.7797
test_accuracy,40,0.7796
test_accuracy,41,0.7803
test_accuracy,42,0.7798
test_accuracy,43,0.7813
test_accuracy,44,0.7804
test_accuracy,45,0.7806
test_accuracy,46,0.7819
test_accuracy,47,0.78
test_accuracy,48,0.78
test_accuracy,49,0.7811
test_accuracy,50,0.7811
test_accuracy,51,0.7812
test_accuracy,52,0.7808
test_accuracy,53,0.78
test_accuracy,54,0.7822
test_accuracy,55,0.7811
test_accuracy,56,0.7811
test_accuracy,57,0.7805
test_accuracy,58,0.7789
test_accuracy,59,0.779
