test_accuracy,0,0.5633
test_accuracy,1,0.5148
test_accuracy,2,0.5516
test_accuracy,3,0.674
test_accuracy,4,0.5812
test_accuracy,5,0.7161
test_accuracy,6,0.5308
test_accuracy,7,0.5971
test_accuracy,8,0.7071
test_accuracy,9,0.678
test_accuracy,10,0.6497
test_accuracy,11,0.7112
test_accuracy,12,0.6645
test_accuracy,13,0.7252
test_accuracy,14,0.7084
test_accuracy,15,0.7166
test_accuracy,16,0.7486
test_accuracy,17,0.7522
test_accuracy,18,0.754
test_accuracy,19,0.7525
test_accuracy,20,0.7548
test_accuracy,21,0.7527
test_accuracy,22,0.7558
test_accuracy,23,0.7553
test_accuracy,24,0.7387
test_accuracy,25,0.7562
test_accuracy,26,0.7569
test_accuracy,27,0.754
test_accuracy,28,0.759
test_accuracy,29,0.7584
test_accuracy,30,0.7593
test_accuracy,31,0.7583
test_accuracy,32,0.7562
test_accuracy,33,0.7579
test_accuracy,34,0.7568
test_accuracy,35,0.7566
test_accuracy,36,0.7571
test_accuracy,37,0.7583
test_accuracy,38,0.7548
test_accuracy,39,0.7577
test_accuracy,40,0.7584
test_accuracy,41,0.7584
test_accuracy,42,0.7567
test_accuracy,43,0.7586
test_accuracy,44,0.7591
test_accuracy,45,0.7582
test_accuracy,46,0.7586
test_accuracy,47,0.7595
test_accuracy,48,0.7572
test_accuracy,49,0.7572
test_accuracy,50,0.758
test_accuracy,51,0.7565
test_accuracy,52,0.7583
test_accuracy,53,0.7563
test_accuracy,54,0.7575
test_accuracy,55,0.7558
test_accuracy,56,0.7581
test_accuracy,57,0.757
test_accuracy,58,0.7585
test_accuracy,59,0.7556
