test_accuracy,0,0.1713
test_accuracy,1,0.1597
test_accuracy,2,0.18
test_accuracy,3,0.1776
test_accuracy,4,0.1912
test_accuracy,5,0.208
test_accuracy,6,0.1859
test_accuracy,7,0.1905
test_accuracy,8,0.2248
test_accuracy,9,0.204
test_accuracy,10,0.2362
test_accuracy,11,0.2379
test_accuracy,12,0.2385
test_accuracy,13,0.2548
test_accuracy,14,0.2356
test_accuracy,15,0.2033
test_accuracy,16,0.2432
test_accuracy,17,0.2532
test_accuracy,18,0.2479
test_accuracy,19,0.2333
test_accuracy,20,0.2324
test_accuracy,21,0.2469
test_accuracy,22,0.2471
test_accuracy,23,0.2505
test_accuracy,24,0.2449
test_accuracy,25,0.1754
test_accuracy,26,0.2531
test_accuracy,27,0.2385
test_accuracy,28,0.2242
test_accuracy,29,0.2429
test_accuracy,30,0.2435
test_accuracy,31,0.2289
test_accuracy,32,0.2511
test_accuracy,33,0.2357
test_accuracy,34,0.2514
test_accuracy,35,0.2524
test_accuracy,36,0.2529
test_accuracy,37,0.2405
test_accuracy,38,0.2403
test_accuracy,39,0.2486
test_accuracy,40,0.2533
test_accuracy,41,0.2497
test_accuracy,42,0.2491
test_accuracy,43,0.2534
test_accuracy,44,0.2545
test_accuracy,45,0.2537
test_accuracy,46,0.2481
test_accuracy,47,0.2515
test_accuracy,48,0.2516
test_accuracy,49,0.2401
test_accuracy,50,0.2474
test_accuracy,51,0.2508
test_accuracy,52,0.2512
test_accuracy,53,0.2515
test_accuracy,54,0.2513
test_accuracy,55,0.2493
test_accuracy,56,0.2524
test_accuracy,57,0.2502
test_accuracy,58,0.2503
test_accuracy,59,0.2461
