test_accuracy,0,0.5786
test_accuracy,1,0.5947
test_accuracy,2,0.5645
test_accuracy,3,0.6613
test_accuracy,4,0.536
test_accuracy,5,0.6467
test_accuracy,6,0.6521
test_accuracy,7,0.6723
test_accuracy,8,0.4498
test_accuracy,9,0.6703
test_accuracy,10,0.6448
test_accuracy,11,0.6635
test_accuracy,12,0.6917
test_accuracy,13,0.6819
test_accuracy,14,0.646
test_accuracy,15,0.7093
test_accuracy,16,0.6756
test_accuracy,17,0.7031
test_accuracy,18,0.6883
test_accuracy,19,0.7054
test_accuracy,20,0.7163
test_accuracy,21,0.6976
test_accuracy,22,0.7176
test_accuracy,23,0.7088
test_accuracy,24,0.6905
test_accuracy,25,0.7188
test_accuracy,26,0.7367
test_accuracy,27,0.7448
test_accuracy,28,0.7482
test_accuracy,29,0.7452
test_accuracy,30,0.7439
test_accuracy,31,0.7486
test_accuracy,32,0.7466
test_accuracy,33,0.7474
test_accuracy,34,0.7534
test_accuracy,35,0.7516
test_accuracy,36,0.7491
test_accuracy,37,0.7502
test_accuracy,38,0.7509
test_accuracy,39,0.7517
test_accuracy,40,0.7506
test_accuracy,41,0.7508
test_accuracy,42,0.7499
test_accuracy,43,0.7514
test_accuracy,44,0.7523
test_accuracy,45,0.7507
test_accuracy,46,0.7525
test_accuracy,47,0.7513
test_accuracy,48,0.7535
test_accuracy,49,0.7527
test_accuracy,50,0.7518
test_accuracy,51,0.7522
test_accuracy,52,0.7534
test_accuracy,53,0.7516
test_accuracy,54,0.7509
test_accuracy,55,0.751
test_accuracy,56,0.7513
test_accuracy,57,0.751
test_accuracy,58,0.7508
test_accuracy,59,0.751
