test_accuracy,0,0.5287
test_accuracy,1,0.5169
test_accuracy,2,0.6246
test_accuracy,3,0.409
test_accuracy,4,0.5942
test_accuracy,5,0.6461
test_accuracy,6,0.6618
test_accuracy,7,0.6649
test_accuracy,8,0.5745
test_accuracy,9,0.6637
test_accuracy,10,0.6857
test_accuracy,11,0.6737
test_accuracy,12,0.6517
test_accuracy,13,0.5922
test_accuracy,14,0.6847
test_accuracy,15,0.6465
test_accuracy,16,0.6377
test_accuracy,17,0.6919
test_accuracy,18,0.6575
test_accuracy,19,0.666
test_accuracy,20,0.6873
test_accuracy,21,0.6147
test_accuracy,22,0.6929
test_accuracy,23,0.6512
test_accuracy,24,0.6685
test_accuracy,25,0.668
test_accuracy,26,0.6184
test_accuracy,27,0.6726
test_accuracy,28,0.6943
test_accuracy,29,0.6975
test_accuracy,30,0.6847
test_accuracy,31,0.6644
test_accuracy,32,0.6848
test_accuracy,33,0.6772
test_accuracy,34,0.6922
test_accuracy,35,0.6449
test_accuracy,36,0.6874
test_accuracy,37,0.6744
test_accuracy,38,0.6293
test_accuracy,39,0.6558
test_accuracy,40,0.7011
test_accuracy,41,0.721
test_accuracy,42,0.7194
test_accuracy,43,0.7237
test_accuracy,44,0.7242
test_accuracy,45,0.7222
test_accuracy,46,0.7218
test_accuracy,47,0.7236
test_accuracy,48,0.7245
test_accuracy,49,0.725
test_accuracy,50,0.7221
test_accuracy,51,0.7227
test_accuracy,52,0.7244
test_accuracy,53,0.7259
test_accuracy,54,0.7243
test_accuracy,55,0.7246
test_accuracy,56,0.7242
test_accuracy,57,0.7248
test_accuracy,58,0.726
test_accuracy,59,0.724
