test_accuracy,0,0.5195
test_accuracy,1,0.5167
test_accuracy,2,0.6192
test_accuracy,3,0.6723
test_accuracy,4,0.649
test_accuracy,5,0.6687
test_accuracy,6,0.6831
test_accuracy,7,0.7405
test_accuracy,8,0.6498
test_accuracy,9,0.7437
test_accuracy,10,0.7225
test_accuracy,11,0.7615
test_accuracy,12,0.7641
test_accuracy,13,0.769
test_accuracy,14,0.7858
test_accuracy,15,0.7836
test_accuracy,16,0.7858
test_accuracy,17,0.7863
test_accuracy,18,0.7866
test_accuracy,19,0.788
test_accuracy,20,0.786
test_accuracy,21,0.7869
test_accuracy,22,0.7869
test_accuracy,23,0.7883
test_accuracy,24,0.7861
test_accuracy,25,0.7876
test_accuracy,26,0.7882
test_accuracy,27,0.7876
test_accuracy,28,0.7869
test_accuracy,29,0.7891
test_accuracy,30,0.7877
test_accuracy,31,0.7878
test_accuracy,32,0.7882
test_accuracy,33,0.787
test_accuracy,34,0.789
test_accuracy,35,0.7889
test_accuracy,36,0.7876
test_accuracy,37,0.7873
test_accuracy,38,0.7885
test_accuracy,39,0.7889
test_accuracy,40,0.7885
test_accuracy,41,0.7892
test_accuracy,42,0.7881
test_accuracy,43,0.7891
test_accuracy,44,0.7885
test_accuracy,45,0.7882
test_accuracy,46,0.7872
test_accuracy,47,0.788
test_accuracy,48,0.7887
test_accuracy,49,0.7883
test_accuracy,50,0.788
test_accuracy,51,0.7892
test_accuracy,52,0.788
test_accuracy,53,0.7881
test_accuracy,54,0.7892
test_accuracy,55,0.7896
test_accuracy,56,0.7886
test_accuracy,57,0.7896
test_accuracy,58,0.7884
test_accuracy,59,0.7889
