test_accuracy,0,0.4721
test_accuracy,1,0.6667
test_accuracy,2,0.6537
test_accuracy,3,0.7074
test_accuracy,4,0.6565
test_accuracy,5,0.6934
test_accuracy,6,0.7083
test_accuracy,7,0.6686
test_accuracy,8,0.7089
test_accuracy,9,0.7558
test_accuracy,10,0.7425
test_accuracy,11,0.761
test_accuracy,12,0.7728
test_accuracy,13,0.7759
test_accuracy,14,0.7783
test_accuracy,15,0.774
test_accuracy,16,0.7787
test_accuracy,17,0.7768
test_accuracy,18,0.7771
test_accuracy,19,0.7782
test_accuracy,20,0.7779
test_accuracy,21,0.7781
test_accuracy,22,0.7778
test_accuracy,23,0.7781
test_accuracy,24,0.7782
test_accuracy,25,0.7783
test_accuracy,26,0.7775
test_accuracy,27,0.7778
test_accuracy,28,0.7781
test_accuracy,29,0.7801
test_accuracy,30,0.7791
test_accuracy,31,0.7778
test_accuracy,32,0.7791
test_accuracy,33,0.7782
test_accuracy,34,0.7783
test_accuracy,35,0.7774
test_accuracy,36,0.778
test_accuracy,37,0.7788
test_accuracy,38,0.78
test_accuracy,39,0.7796
test_accuracy,40,0.7781
test_accuracy,41,0.7797
test_accuracy,42,0.779
test_accuracy,43,0.7783
test_accuracy,44,0.7773
test_accuracy,45,0.7764
test_accuracy,46,0.7779
test_accuracy,47,0.7796
test_accuracy,48,0.7786
test_accuracy,49,0.7787
test_accuracy,50,0.778
test_accuracy,51,0.7784
test_accuracy,52,0.7788
test_accuracy,53,0.7774
test_accuracy,54,0.7795
test_accuracy,55,0.7783
test_accuracy,56,0.7777
test_accuracy,57,0.7786
test_accuracy,58,0.7781
test_accuracy,59,0.7782
