test_accuracy,0,0.4721
test_accuracy,1,0.6415
test_accuracy,2,0.6043
test_accuracy,3,0.609
test_accuracy,4,0.6764
test_accuracy,5,0.6636
test_accuracy,6,0.6033
test_accuracy,7,0.7194
test_accuracy,8,0.736
test_accuracy,9,0.7057
test_accuracy,10,0.774
test_accuracy,11,0.786
test_accuracy,12,0.794
test_accuracy,13,0.7969
test_accuracy,14,0.7968
test_accuracy,15,0.7982
test_accuracy,16,0.7995
test_accuracy,17,0.7983
test_accuracy,18,0.7991
test_accuracy,19,0.8006
test_accuracy,20,0.7994
test_accuracy,21,0.8004
test_accuracy,22,0.7996
test_accuracy,23,0.7989
test_accuracy,24,0.7999
test_accuracy,25,0.7999
test_accuracy,26,0.8017
test_accuracy,27,0.8011
test_accuracy,28,0.8008
test_accuracy,29,0.8005
test_accuracy,30,0.8016
test_accuracy,31,0.8012
test_accuracy,32,0.8016
test_accuracy,33,0.803
test_accuracy,34,0.8019
test_accuracy,35,0.8001
test_accuracy,36,0.8031
test_accuracy,37,0.8005
test_accuracy,38,0.8017
test_accuracy,39,0.8005
test_accuracy,40,0.8029
test_accuracy,41,0.8027
test_accuracy,42,0.8018
test_accuracy,43,0.8012
test_accuracy,44,0.8008
test_accuracy,45,0.802
test_accuracy,46,0.8031
test_accuracy,47,0.8005
test_accuracy,48,0.8022
test_accuracy,49,0.8002
test_accuracy,50,0.8015
test_accuracy,51,0.802
test_accuracy,52,0.8012
test_accuracy,53,0.8022
test_accuracy,54,0.8019
test_accuracy,55,0.8007
test_accuracy,56,0.8019
test_accuracy,57,0.803
test_accuracy,58,0.8025
test_accuracy,59,0.8017
