test_accuracy,0,0.1
test_accuracy,1,0.4815
test_accuracy,2,0.5594
test_accuracy,3,0.5913
test_accuracy,4,0.6509
test_accuracy,5,0.6418
test_accuracy,6,0.6723
test_accuracy,7,0.6167
test_accuracy,8,0.6849
test_accuracy,9,0.6394
test_accuracy,10,0.7131
test_accuracy,11,0.679
test_accuracy,12,0.7008
test_accuracy,13,0.6928
test_accuracy,14,0.646
test_accuracy,15,0.6709
test_accuracy,16,0.7028
test_accuracy,17,0.6894
test_accuracy,18,0.6905
test_accuracy,19,0.7123
test_accuracy,20,0.7327
test_accuracy,21,0.6535
test_accuracy,22,0.6737
test_accuracy,23,0.718
test_accuracy,24,0.7181
test_accuracy,25,0.6983
test_accuracy,26,0.63
test_accuracy,27,0.6947
test_accuracy,28,0.6935
test_accuracy,29,0.7239
test_accuracy,30,0.6999
test_accuracy,31,0.6989
test_accuracy,32,0.6977
test_accuracy,33,0.6989
test_accuracy,34,0.7199
test_accuracy,35,0.6881
test_accuracy,36,0.6677
test_accuracy,37,0.6746
test_accuracy,38,0.714
test_accuracy,39,0.7052
test_accuracy,40,0.6932
test_accuracy,41,0.7425
test_accuracy,42,0.7441
test_accuracy,43,0.7444
test_accuracy,44,0.7461
test_accuracy,45,0.746
test_accuracy,46,0.7475
test_accuracy,47,0.7456
test_accuracy,48,0.7456
test_accuracy,49,0.7486
test_accuracy,50,0.745
test_accuracy,51,0.7455
test_accuracy,52,0.7456
test_accuracy,53,0.7471
test_accuracy,54,0.7447
test_accuracy,55,0.7477
test_accuracy,56,0.7445
test_accuracy,57,0.7455
test_accuracy,58,0.746
test_accuracy,59,0.7446
