test_accuracy,0,0.1
test_accuracy,1,0.5131
test_accuracy,2,0.5753
test_accuracy,3,0.6474
test_accuracy,4,0.6313
test_accuracy,5,0.6407
test_accuracy,6,0.6852
test_accuracy,7,0.6943
test_accuracy,8,0.7238
test_accuracy,9,0.6903
test_accuracy,10,0.6517
test_accuracy,11,0.645
test_accuracy,12,0.6993
test_accuracy,13,0.7239
test_accuracy,14,0.6202
test_accuracy,15,0.6705
test_accuracy,16,0.7154
test_accuracy,17,0.6755
test_accuracy,18,0.7042
test_accuracy,19,0.6046
test_accuracy,20,0.6615
test_accuracy,21,0.7363
test_accuracy,22,0.7476
test_accuracy,23,0.726
test_accuracy,24,0.7393
test_accuracy,25,0.7389
test_accuracy,26,0.727
test_accuracy,27,0.7569
test_accuracy,28,0.7308
test_accuracy,29,0.7645
test_accuracy,30,0.7481
test_accuracy,31,0.767
test_accuracy,32,0.7516
test_accuracy,33,0.7668
test_accuracy,34,0.7665
test_accuracy,35,0.7708
test_accuracy,36,0.7685
test_accuracy,37,0.7424
test_accuracy,38,0.7669
test_accuracy,39,0.7702
test_accuracy,40,0.7712
test_accuracy,41,0.7715
test_accuracy,42,0.7702
test_accuracy,43,0.7709
test_accuracy,44,0.7692
test_accuracy,45,0.7705
test_accuracy,46,0.7703
test_accuracy,47,0.77
test_accuracy,48,0.769
test_accuracy,49,0.7706
test_accuracy,50,0.7689
test_accuracy,51,0.7712
test_accuracy,52,0.7687
test_accuracy,53,0.7724
test_accuracy,54,0.7705
test_accuracy,55,0.7701
test_accuracy,56,0.7689
test_accuracy,57,0.7697
test_accuracy,58,0.7695
test_accuracy,59,0.7734
