test_accuracy,0,0.1
test_accuracy,1,0.6128
test_accuracy,2,0.5534
test_accuracy,3,0.6713
test_accuracy,4,0.6843
test_accuracy,5,0.556
test_accuracy,6,0.6691
test_accuracy,7,0.7301
test_accuracy,8,0.6856
test_accuracy,9,0.7273
test_accuracy,10,0.6968
test_accuracy,11,0.7248
test_accuracy,12,0.6392
test_accuracy,13,0.7279
test_accuracy,14,0.7134
test_accuracy,15,0.6942
test_accuracy,16,0.74
test_accuracy,17,0.5968
test_accuracy,18,0.6776
test_accuracy,19,0.7252
test_accuracy,20,0.7394
test_accuracy,21,0.7032
test_accuracy,22,0.7523
test_accuracy,23,0.7371
test_accuracy,24,0.726
test_accuracy,25,0.749
test_accuracy,26,0.7543
test_accuracy,27,0.7471
test_accuracy,28,0.7516
test_accuracy,29,0.7557
test_accuracy,30,0.7673
test_accuracy,31,0.771
test_accuracy,32,0.7746
test_accuracy,33,0.7761
test_accuracy,34,0.7751
test_accuracy,35,0.7775
test_accuracy,36,0.7774
test_accuracy,37,0.7768
test_accuracy,38,0.7762
test_accuracy,39,0.775
test_accuracy,40,0.7768
test_accuracy,41,0.7779
test_accuracy,42,0.7785
test_accuracy,43,0.7778
test_accuracy,44,0.78
test_accuracy,45,0.7784
test_accuracy,46,0.7781
test_accuracy,47,0.7779
test_accuracy,48,0.7788
test_accuracy,49,0.7791
test_accuracy,50,0.7788
test_accuracy,51,0.7783
test_accuracy,52,0.7774
test_accuracy,53,0.7788
test_accuracy,54,0.7783
test_accuracy,55,0.7773
test_accuracy,56,0.7778
test_accuracy,57,0.7776
test_accuracy,58,0.7781
test_accuracy,59,0.7776
