test_accuracy,0,0.1
test_accuracy,1,0.2831
test_accuracy,2,0.499
test_accuracy,3,0.5537
test_accuracy,4,0.6693
test_accuracy,5,0.6104
test_accuracy,6,0.6011
test_accuracy,7,0.7087
test_accuracy,8,0.6486
test_accuracy,9,0.5454
test_accuracy,10,0.7021
test_accuracy,11,0.6536
test_accuracy,12,0.4433
test_accuracy,13,0.626
test_accuracy,14,0.6616
test_accuracy,15,0.6933
test_accuracy,16,0.7077
test_accuracy,17,0.7011
test_accuracy,18,0.6773
test_accuracy,19,0.6742
test_accuracy,20,0.6845
test_accuracy,21,0.6672
test_accuracy,22,0.6809
test_accuracy,23,0.6721
test_accuracy,24,0.7161
test_accuracy,25,0.6698
test_accuracy,26,0.7156
test_accuracy,27,0.6852
test_accuracy,28,0.6967
test_accuracy,29,0.6882
test_accuracy,30,0.6705
test_accuracy,31,0.7038
test_accuracy,32,0.7194
test_accuracy,33,0.7122
test_accuracy,34,0.6921
test_accuracy,35,0.6903
test_accuracy,36,0.7015
test_accuracy,37,0.7246
test_accuracy,38,0.6988
test_accuracy,39,0.7156
test_accuracy,40,0.6882
test_accuracy,41,0.7458
test_accuracy,42,0.7444
test_accuracy,43,0.7457
test_accuracy,44,0.7457
test_accuracy,45,0.7444
test_accuracy,46,0.7467
test_accuracy,47,0.7452
test_accuracy,48,0.7445
test_accuracy,49,0.7464
test_accuracy,50,0.745
test_accuracy,51,0.7446
test_accuracy,52,0.7446
test_accuracy,53,0.7461
test_accuracy,54,0.7431
test_accuracy,55,0.7432
test_accuracy,56,0.7428
test_accuracy,57,0.745
test_accuracy,58,0.7439
test_accuracy,59,0.744
