test_accuracy,0,0.1
test_accuracy,1,0.4111
test_accuracy,2,0.5185
test_accuracy,3,0.5575
test_accuracy,4,0.5975
test_accuracy,5,0.547
test_accuracy,6,0.6497
test_accuracy,7,0.5588
test_accuracy,8,0.6654
test_accuracy,9,0.6437
test_accuracy,10,0.434
test_accuracy,11,0.6895
test_accuracy,12,0.7104
test_accuracy,13,0.7121
test_accuracy,14,0.6068
test_accuracy,15,0.6766
test_accuracy,16,0.7231
test_accuracy,17,0.7088
test_accuracy,18,0.7315
test_accuracy,19,0.6867
test_accuracy,20,0.6488
test_accuracy,21,0.5958
test_accuracy,22,0.6953
test_accuracy,23,0.6305
test_accuracy,24,0.6996
test_accuracy,25,0.6709
test_accuracy,26,0.6728
test_accuracy,27,0.6369
test_accuracy,28,0.695
test_accuracy,29,0.7091
test_accuracy,30,0.6795
test_accuracy,31,0.7088
test_accuracy,32,0.698
test_accuracy,33,0.6817
test_accuracy,34,0.6867
test_accuracy,35,0.7085
test_accuracy,36,0.7084
test_accuracy,37,0.7185
test_accuracy,38,0.69
test_accuracy,39,0.6991
test_accuracy,40,0.7047
test_accuracy,41,0.7415
test_accuracy,42,0.7426
test_accuracy,43,0.741
test_accuracy,44,0.7436
test_accuracy,45,0.744
test_accuracy,46,0.7424
test_accuracy,47,0.7437
test_accuracy,48,0.7437
test_accuracy,49,0.7432
test_accuracy,50,0.7439
test_accuracy,51,0.7418
test_accuracy,52,0.7426
test_accuracy,53,0.7434
test_accuracy,54,0.7424
test_accuracy,55,0.7417
test_accuracy,56,0.745
test_accuracy,57,0.7426
test_accuracy,58,0.7446
test_accuracy,59,0.7455
