test_accuracy,0,0.1
test_accuracy,1,0.6948
test_accuracy,2,0.5987
test_accuracy,3,0.5154
test_accuracy,4,0.7425
test_accuracy,5,0.676
test_accuracy,6,0.7028
test_accuracy,7,0.7338
test_accuracy,8,0.7203
test_accuracy,9,0.7164
test_accuracy,10,0.6913
test_accuracy,11,0.7556
test_accuracy,12,0.7688
test_accuracy,13,0.7841
test_accuracy,14,0.7901
test_accuracy,15,0.7981
test_accuracy,16,0.7951
test_accuracy,17,0.8001
test_accuracy,18,0.8006
test_accuracy,19,0.7987
test_accuracy,20,0.8006
test_accuracy,21,0.7988
test_accuracy,22,0.7985
test_accuracy,23,0.796
test_accuracy,24,0.8007
test_accuracy,25,0.7993
test_accuracy,26,0.8002
test_accuracy,27,0.7989
test_accuracy,28,0.7979
test_accuracy,29,0.7991
test_accuracy,30,0.7996
test_accuracy,31,0.799
test_accuracy,32,0.8003
test_accuracy,33,0.8014
test_accuracy,34,0.7995
test_accuracy,35,0.8
test_accuracy,36,0.7995
test_accuracy,37,0.7993
test_accuracy,38,0.7999
test_accuracy,39,0.7994
test_accuracy,40,0.7995
test_accuracy,41,0.7982
test_accuracy,42,0.7973
test_accuracy,43,0.7996
test_accuracy,44,0.7981
test_accuracy,45,0.8008
test_accuracy,46,0.8011
test_accuracy,47,0.7995
test_accuracy,48,0.8004
test_accuracy,49,0.799
test_accuracy,50,0.7995
test_accuracy,51,0.7982
test_accuracy,52,0.799
test_accuracy,53,0.8003
test_accuracy,54,0.8
test_accuracy,55,0.8009
test_accuracy,56,0.7995
test_accuracy,57,0.8002
test_accuracy,58,0.7993
test_accuracy,59,0.8005
