test_accuracy,0,0.1
test_accuracy,1,0.4931
test_accuracy,2,0.6565
test_accuracy,3,0.6098
test_accuracy,4,0.6391
test_accuracy,5,0.6764
test_accuracy,6,0.6795
test_accuracy,7,0.6241
test_accuracy,8,0.685
test_accuracy,9,0.725
test_accuracy,10,0.6646
test_accuracy,11,0.7161
test_accuracy,12,0.7026
test_accuracy,13,0.718
test_accuracy,14,0.7169
test_accuracy,15,0.6839
test_accuracy,16,0.7443
test_accuracy,17,0.7169
test_accuracy,18,0.6303
test_accuracy,19,0.7346
test_accuracy,20,0.6052
test_accuracy,21,0.6814
test_accuracy,22,0.7092
test_accuracy,23,0.7531
test_accuracy,24,0.7267
test_accuracy,25,0.7375
test_accuracy,26,0.7465
test_accuracy,27,0.7109
test_accuracy,28,0.7095
test_accuracy,29,0.7582
test_accuracy,30,0.7421
test_accuracy,31,0.7343
test_accuracy,32,0.732
test_accuracy,33,0.7483
test_accuracy,34,0.7519
test_accuracy,35,0.7646
test_accuracy,36,0.7213
test_accuracy,37,0.755
test_accuracy,38,0.7561
test_accuracy,39,0.7689
test_accuracy,40,0.7681
test_accuracy,41,0.7693
test_accuracy,42,0.7704
test_accuracy,43,0.7706
test_accuracy,44,0.7724
test_accuracy,45,0.7745
test_accuracy,46,0.7734
test_accuracy,47,0.7724
test_accuracy,48,0.7733
test_accuracy,49,0.7736
test_accuracy,50,0.7716
test_accuracy,51,0.7719
test_accuracy,52,0.7731
test_accuracy,53,0.7743
test_accuracy,54,0.7731
test_accuracy,55,0.7737
test_accuracy,56,0.7732
test_accuracy,57,0.7737
test_accuracy,58,0.7724
test_accuracy,59,0.7745
