test_accuracy,0,0.1
test_accuracy,1,0.1023
test_accuracy,2,0.1068
test_accuracy,3,0.1686
test_accuracy,4,0.187
test_accuracy,5,0.2188
test_accuracy,6,0.1947
test_accuracy,7,0.2054
test_accuracy,8,0.2487
test_accuracy,9,0.2447
test_accuracy,10,0.2378
test_accuracy,11,0.2175
test_accuracy,12,0.2293
test_accuracy,13,0.2748
test_accuracy,14,0.2356
test_accuracy,15,0.2381
test_accuracy,16,0.1767
test_accuracy,17,0.1856
test_accuracy,18,0.2416
test_accuracy,19,0.2456
test_accuracy,20,0.2164
test_accuracy,21,0.2624
test_accuracy,22,0.2324
test_accuracy,23,0.2505
test_accuracy,24,0.2595
test_accuracy,25,0.2507
test_accuracy,26,0.2505
test_accuracy,27,0.2529
test_accuracy,28,0.2553
test_accuracy,29,0.2263
test_accuracy,30,0.222
test_accuracy,31,0.2388
test_accuracy,32,0.2801
test_accuracy,33,0.2511
test_accuracy,34,0.2508
test_accuracy,35,0.221
test_accuracy,36,0.2516
test_accuracy,37,0.1903
test_accuracy,38,0.278
test_accuracy,39,0.2688
test_accuracy,40,0.2342
test_accuracy,41,0.2721
test_accuracy,42,0.2707
test_accuracy,43,0.2714
test_accuracy,44,0.269
test_accuracy,45,0.2719
test_accuracy,46,0.272
test_accuracy,47,0.2705
test_accuracy,48,0.2698
test_accuracy,49,0.2715
test_accuracy,50,0.2735
test_accuracy,51,0.2697
test_accuracy,52,0.2726
test_accuracy,53,0.2748
test_accuracy,54,0.272
test_accuracy,55,0.2747
test_accuracy,56,0.2838
test_accuracy,57,0.2705
test_accuracy,58,0.2868
test_accuracy,59,0.2584
