test_accuracy,0,0.1531
test_accuracy,1,0.3367
test_accuracy,2,0.6135
test_accuracy,3,0.7087
test_accuracy,4,0.5361
test_accuracy,5,0.7182
test_accuracy,6,0.7085
test_accuracy,7,0.761
test_accuracy,8,0.7394
test_accuracy,9,0.7201
test_accuracy,10,0.7713
test_accuracy,11,0.7822
test_accuracy,12,0.7902
test_accuracy,13,0.7951
test_accuracy,14,0.8054
test_accuracy,15,0.8067
test_accuracy,16,0.8056
test_accuracy,17,0.8049
test_accuracy,18,0.8051
test_accuracy,19,0.8074
test_accuracy,20,0.8064
test_accuracy,21,0.806
test_accuracy,22,0.8075
test_accuracy,23,0.8071
test_accuracy,24,0.8067
test_accuracy,25,0.8055
test_accuracy,26,0.8055
test_accuracy,27,0.8051
test_accuracy,28,0.8075
test_accuracy,29,0.8081
test_accuracy,30,0.806
test_accuracy,31,0.8068
test_accuracy,32,0.8049
test_accuracy,33,0.8074
test_accuracy,34,0.8058
test_accuracy,35,0.8067
test_accuracy,36,0.8082
test_accuracy,37,0.8074
test_accuracy,38,0.8078
test_accuracy,39,0.808
test_accuracy,40,0.8059
test_accuracy,41,0.8072
test_accuracy,42,0.807
test_accuracy,43,0.8055
test_accuracy,44,0.8062
test_accuracy,45,0.8067
test_accuracy,46,0.8067
test_accuracy,47,0.8066
test_accuracy,48,0.8063
test_accuracy,49,0.8064
test_accuracy,50,0.8056
test_accuracy,51,0.8063
test_accuracy,52,0.8064
test_accuracy,53,0.8068
test_accuracy,54,0.8069
test_accuracy,55,0.807
test_accuracy,56,0.8073
test_accuracy,57,0.8079
test_accuracy,58,0.8063
test_accuracy,59,0.8067
