test_accuracy,0,0.1
test_accuracy,1,0.5413
test_accuracy,2,0.5976
test_accuracy,3,0.5531
test_accuracy,4,0.5883
test_accuracy,5,0.6293
test_accuracy,6,0.6532
test_accuracy,7,0.5544
test_accuracy,8,0.6803
test_accuracy,9,0.6607
test_accuracy,10,0.6221
test_accuracy,11,0.6429
test_accuracy,12,0.6157
test_accuracy,13,0.6626
test_accuracy,14,0.6851
test_accuracy,15,0.6779
test_accuracy,16,0.5374
test_accuracy,17,0.6722
test_accuracy,18,0.6571
test_accuracy,19,0.6837
test_accuracy,20,0.7076
test_accuracy,21,0.6778
test_accuracy,22,0.7027
test_accuracy,23,0.6752
test_accuracy,24,0.6995
test_accuracy,25,0.6623
test_accuracy,26,0.6799
test_accuracy,27,0.6866
test_accuracy,28,0.6875
test_accuracy,29,0.6269
test_accuracy,30,0.6748
test_accuracy,31,0.6555
test_accuracy,32,0.6705
test_accuracy,33,0.6653
test_accuracy,34,0.6825
test_accuracy,35,0.6767
test_accuracy,36,0.6689
test_accuracy,37,0.6817
test_accuracy,38,0.6896
test_accuracy,39,0.668
test_accuracy,40,0.7069
test_accuracy,41,0.7316
test_accuracy,42,0.7334
test_accuracy,43,0.7348
test_accuracy,44,0.734
test_accuracy,45,0.7331
test_accuracy,46,0.7327
test_accuracy,47,0.7321
test_accuracy,48,0.7334
test_accuracy,49,0.7326
test_accuracy,50,0.7329
test_accuracy,51,0.7346
test_accuracy,52,0.732
test_accuracy,53,0.7322
test_accuracy,54,0.7313
test_accuracy,55,0.732
test_accuracy,56,0.733
test_accuracy,57,0.7332
test_accuracy,58,0.7322
test_accuracy,59,0.7322
