test_accuracy,0,0.1
test_accuracy,1,0.6193
test_accuracy,2,0.2111
test_accuracy,3,0.6231
test_accuracy,4,0.6409
test_accuracy,5,0.6486
test_accuracy,6,0.6261
test_accuracy,7,0.6686
test_accuracy,8,0.6787
test_accuracy,9,0.6989
test_accuracy,10,0.716
test_accuracy,11,0.701
test_accuracy,12,0.6189
test_accuracy,13,0.6866
test_accuracy,14,0.7401
test_accuracy,15,0.7246
test_accuracy,16,0.7273
test_accuracy,17,0.6956
test_accuracy,18,0.7294
test_accuracy,19,0.6749
test_accuracy,20,0.7286
test_accuracy,21,0.7445
test_accuracy,22,0.7469
test_accuracy,23,0.7402
test_accuracy,24,0.7204
test_accuracy,25,0.7425
test_accuracy,26,0.7315
test_accuracy,27,0.7331
test_accuracy,28,0.7584
test_accuracy,29,0.7558
test_accuracy,30,0.7634
test_accuracy,31,0.7509
test_accuracy,32,0.7581
test_accuracy,33,0.7595
test_accuracy,34,0.7688
test_accuracy,35,0.771
test_accuracy,36,0.7705
test_accuracy,37,0.7751
test_accuracy,38,0.7729
test_accuracy,39,0.7723
test_accuracy,40,0.773
test_accuracy,41,0.7756
test_accuracy,42,0.7743
test_accuracy,43,0.7741
test_accuracy,44,0.7761
test_accuracy,45,0.7749
test_accuracy,46,0.775
test_accuracy,47,0.7762
test_accuracy,48,0.7742
test_accuracy,49,0.7756
test_accuracy,50,0.7772
test_accuracy,51,0.7755
test_accuracy,52,0.7756
test_accuracy,53,0.7756
test_accuracy,54,0.7761
test_accuracy,55,0.7748
test_accuracy,56,0.7769
test_accuracy,57,0.7783
test_accuracy,58,0.7766
test_accuracy,59,0.775
