test_accuracy,0,0.1
test_accuracy,1,0.4519
test_accuracy,2,0.65
test_accuracy,3,0.639
test_accuracy,4,0.7019
test_accuracy,5,0.5783
test_accuracy,6,0.7111
test_accuracy,7,0.6782
test_accuracy,8,0.7187
test_accuracy,9,0.6297
test_accuracy,10,0.6683
test_accuracy,11,0.7233
test_accuracy,12,0.771
test_accuracy,13,0.7672
test_accuracy,14,0.7784
test_accuracy,15,0.7968
test_accuracy,16,0.7964
test_accuracy,17,0.7962
test_accuracy,18,0.7964
test_accuracy,19,0.7966
test_accuracy,20,0.7965
test_accuracy,21,0.7973
test_accuracy,22,0.7991
test_accuracy,23,0.7962
test_accuracy,24,0.7978
test_accuracy,25,0.7981
test_accuracy,26,0.7989
test_accuracy,27,0.7987
test_accuracy,28,0.7986
test_accuracy,29,0.7983
test_accuracy,30,0.7984
test_accuracy,31,0.7986
test_accuracy,32,0.8
test_accuracy,33,0.7989
test_accuracy,34,0.7983
test_accuracy,35,0.7982
test_accuracy,36,0.7998
test_accuracy,37,0.8006
test_accuracy,38,0.7992
test_accuracy,39,0.8
test_accuracy,40,0.8009
test_accuracy,41,0.8007
test_accuracy,42,0.8004
test_accuracy,43,0.8
test_accuracy,44,0.8001
test_accuracy,45,0.8001
test_accuracy,46,0.7994
test_accuracy,47,0.8005
test_accuracy,48,0.8006
test_accuracy,49,0.8002
test_accuracy,50,0.7998
test_accuracy,51,0.799
test_accuracy,52,0.8
test_accuracy,53,0.8
test_accuracy,54,0.8005
test_accuracy,55,0.8008
test_accuracy,56,0.8004
test_accuracy,57,0.8001
test_accuracy,58,0.7998
test_accuracy,59,0.7996
