test_accuracy,0,0.1
test_accuracy,1,0.6106
test_accuracy,2,0.4104
test_accuracy,3,0.6807
test_accuracy,4,0.6954
test_accuracy,5,0.6448
test_accuracy,6,0.7087
test_accuracy,7,0.6267
test_accuracy,8,0.6868
test_accuracy,9,0.7266
test_accuracy,10,0.6635
test_accuracy,11,0.585
test_accuracy,12,0.7274
test_accuracy,13,0.745
test_accuracy,14,0.6987
test_accuracy,15,0.7329
test_accuracy,16,0.6891
test_accuracy,17,0.7515
test_accuracy,18,0.7495
test_accuracy,19,0.7727
test_accuracy,20,0.7625
test_accuracy,21,0.7771
test_accuracy,22,0.7857
test_accuracy,23,0.7648
test_accuracy,24,0.792
test_accuracy,25,0.7935
test_accuracy,26,0.793
test_accuracy,27,0.7934
test_accuracy,28,0.794
test_accuracy,29,0.7942
test_accuracy,30,0.7942
test_accuracy,31,0.7927
test_accuracy,32,0.7923
test_accuracy,33,0.7916
test_accuracy,34,0.7959
test_accuracy,35,0.7929
test_accuracy,36,0.7942
test_accuracy,37,0.7935
test_accuracy,38,0.7931
test_accuracy,39,0.7918
test_accuracy,40,0.7924
test_accuracy,41,0.7931
test_accuracy,42,0.7944
test_accuracy,43,0.7923
test_accuracy,44,0.7936
test_accuracy,45,0.7928
test_accuracy,46,0.7932
test_accuracy,47,0.7921
test_accuracy,48,0.7943
test_accuracy,49,0.7933
test_accuracy,50,0.7946
test_accuracy,51,0.7933
test_accuracy,52,0.7909
test_accuracy,53,0.7948
test_accuracy,54,0.7934
test_accuracy,55,0.7933
test_accuracy,56,0.7934
test_accuracy,57,0.7926
test_accuracy,58,0.7928
test_accuracy,59,0.792
