test_accuracy,0,0.1
test_accuracy,1,0.5137
test_accuracy,2,0.6144
test_accuracy,3,0.6283
test_accuracy,4,0.6497
test_accuracy,5,0.5985
test_accuracy,6,0.6862
test_accuracy,7,0.5581
test_accuracy,8,0.6043
test_accuracy,9,0.69
test_accuracy,10,0.6495
test_accuracy,11,0.7012
test_accuracy,12,0.6623
test_accuracy,13,0.6407
test_accuracy,14,0.584
test_accuracy,15,0.6679
test_accuracy,16,0.6255
test_accuracy,17,0.6668
test_accuracy,18,0.6988
test_accuracy,19,0.5868
test_accuracy,20,0.5334
test_accuracy,21,0.6921
test_accuracy,22,0.7119
test_accuracy,23,0.7188
test_accuracy,24,0.6986
test_accuracy,25,0.7001
test_accuracy,26,0.6766
test_accuracy,27,0.7087
test_accuracy,28,0.7048
test_accuracy,29,0.6983
test_accuracy,30,0.7042
test_accuracy,31,0.6913
test_accuracy,32,0.6948
test_accuracy,33,0.7066
test_accuracy,34,0.7182
test_accuracy,35,0.7148
test_accuracy,36,0.686
test_accuracy,37,0.6375
test_accuracy,38,0.7179
test_accuracy,39,0.7227
test_accuracy,40,0.7105
test_accuracy,41,0.7427
test_accuracy,42,0.7419
test_accuracy,43,0.7391
test_accuracy,44,0.7403
test_accuracy,45,0.7424
test_accuracy,46,0.7409
test_accuracy,47,0.7407
test_accuracy,48,0.7412
test_accuracy,49,0.7402
test_accuracy,50,0.7429
test_accuracy,51,0.7417
test_accuracy,52,0.7431
test_accuracy,53,0.7414
test_accuracy,54,0.742
test_accuracy,55,0.7422
test_accuracy,56,0.7421
test_accuracy,57,0.7409
test_accuracy,58,0.743
test_accuracy,59,0.7398
