test_accuracy,0,0.1
test_accuracy,1,0.3119
test_accuracy,2,0.6003
test_accuracy,3,0.6247
test_accuracy,4,0.694
test_accuracy,5,0.6976
test_accuracy,6,0.6648
test_accuracy,7,0.6783
test_accuracy,8,0.7203
test_accuracy,9,0.7087
test_accuracy,10,0.6853
test_accuracy,11,0.7128
test_accuracy,12,0.6439
test_accuracy,13,0.7108
test_accuracy,14,0.6857
test_accuracy,15,0.7267
test_accuracy,16,0.7292
test_accuracy,17,0.7134
test_accuracy,18,0.7269
test_accuracy,19,0.7412
test_accuracy,20,0.7064
test_accuracy,21,0.7338
test_accuracy,22,0.6713
test_accuracy,23,0.6828
test_accuracy,24,0.7522
test_accuracy,25,0.7439
test_accuracy,26,0.7578
test_accuracy,27,0.749
test_accuracy,28,0.7322
test_accuracy,29,0.7243
test_accuracy,30,0.7662
test_accuracy,31,0.7677
test_accuracy,32,0.754
test_accuracy,33,0.7676
test_accuracy,34,0.7678
test_accuracy,35,0.776
test_accuracy,36,0.7753
test_accuracy,37,0.7676
test_accuracy,38,0.7788
test_accuracy,39,0.7791
test_accuracy,40,0.7735
test_accuracy,41,0.7807
test_accuracy,42,0.7801
test_accuracy,43,0.7806
test_accuracy,44,0.7813
test_accuracy,45,0.7815
test_accuracy,46,0.7815
test_accuracy,47,0.7816
test_accuracy,48,0.7805
test_accuracy,49,0.7818
test_accuracy,50,0.7817
test_accuracy,51,0.7818
test_accuracy,52,0.782
test_accuracy,53,0.7815
test_accuracy,54,0.783
test_accuracy,55,0.782
test_accuracy,56,0.7825
test_accuracy,57,0.7816
test_accuracy,58,0.7825
test_accuracy,59,0.7822
