test_accuracy,0,0.5277
test_accuracy,1,0.5521
test_accuracy,2,0.5603
test_accuracy,3,0.6555
test_accuracy,4,0.6735
test_accuracy,5,0.6679
test_accuracy,6,0.6675
test_accuracy,7,0.6786
test_accuracy,8,0.662
test_accuracy,9,0.6387
test_accuracy,10,0.6868
test_accuracy,11,0.6336
test_accuracy,12,0.6535
test_accuracy,13,0.7117
test_accuracy,14,0.7246
test_accuracy,15,0.7052
test_accuracy,16,0.7306
test_accuracy,17,0.7459
test_accuracy,18,0.7527
test_accuracy,19,0.7547
test_accuracy,20,0.7557
test_accuracy,21,0.754
test_accuracy,22,0.7537
test_accuracy,23,0.7534
test_accuracy,24,0.7567
test_accuracy,25,0.7542
test_accuracy,26,0.755
test_accuracy,27,0.7535
test_accuracy,28,0.7541
test_accuracy,29,0.7553
test_accuracy,30,0.754
test_accuracy,31,0.7552
test_accuracy,32,0.7539
test_accuracy,33,0.7534
test_accuracy,34,0.7563
test_accuracy,35,0.7544
test_accuracy,36,0.7551
test_accuracy,37,0.7549
test_accuracy,38,0.7539
test_accuracy,39,0.7529
test_accuracy,40,0.7552
test_accuracy,41,0.7549
test_accuracy,42,0.7538
test_accuracy,43,0.7557
test_accuracy,44,0.7549
test_accuracy,45,0.7527
test_accuracy,46,0.7533
test_accuracy,47,0.7546
test_accuracy,48,0.7537
test_accuracy,49,0.7544
test_accuracy,50,0.755
test_accuracy,51,0.7534
test_accuracy,52,0.7564
test_accuracy,53,0.7566
test_accuracy,54,0.7557
test_accuracy,55,0.7561
test_accuracy,56,0.7549
test_accuracy,57,0.7557
test_accuracy,58,0.7545
test_accuracy,59,0.7553
