test_accuracy,0,0.6135
test_accuracy,1,0.5716
test_accuracy,2,0.6399
test_accuracy,3,0.6387
test_accuracy,4,0.6746
test_accuracy,5,0.6419
test_accuracy,6,0.6357
test_accuracy,7,0.707
test_accuracy,8,0.7059
test_accuracy,9,0.7198
test_accuracy,10,0.6874
test_accuracy,11,0.7172
test_accuracy,12,0.747
test_accuracy,13,0.7595
test_accuracy,14,0.7645
test_accuracy,15,0.7677
test_accuracy,16,0.7692
test_accuracy,17,0.7697
test_accuracy,18,0.7679
test_accuracy,19,0.7699
test_accuracy,20,0.7709
test_accuracy,21,0.7692
test_accuracy,22,0.771
test_accuracy,23,0.7694
test_accuracy,24,0.769
test_accuracy,25,0.7705
test_accuracy,26,0.7687
test_accuracy,27,0.7695
test_accuracy,28,0.7702
test_accuracy,29,0.7693
test_accuracy,30,0.7708
test_accuracy,31,0.771
test_accuracy,32,0.7706
test_accuracy,33,0.772
test_accuracy,34,0.7722
test_accuracy,35,0.7722
test_accuracy,36,0.7701
test_accuracy,37,0.771
test_accuracy,38,0.768
test_accuracy,39,0.7724
test_accuracy,40,0.772
test_accuracy,41,0.7723
test_accuracy,42,0.7707
test_accuracy,43,0.7708
test_accuracy,44,0.7714
test_accuracy,45,0.7711
test_accuracy,46,0.7712
test_accuracy,47,0.7712
test_accuracy,48,0.7718
test_accuracy,49,0.7704
test_accuracy,50,0.771
test_accuracy,51,0.7709
test_accuracy,52,0.7712
test_accuracy,53,0.7712
test_accuracy,54,0.7704
test_accuracy,55,0.7695
test_accuracy,56,0.7717
test_accuracy,57,0.7715
test_accuracy,58,0.7711
test_accuracy,59,0.7706
