test_accuracy,0,0.5724
test_accuracy,1,0.6776
test_accuracy,2,0.6633
test_accuracy,3,0.7076
test_accuracy,4,0.6704
test_accuracy,5,0.6689
test_accuracy,6,0.7043
test_accuracy,7,0.7157
test_accuracy,8,0.6403
test_accuracy,9,0.7278
test_accuracy,10,0.7538
test_accuracy,11,0.776
test_accuracy,12,0.7702
test_accuracy,13,0.7805
test_accuracy,14,0.7817
test_accuracy,15,0.7821
test_accuracy,16,0.7825
test_accuracy,17,0.7828
test_accuracy,18,0.7832
test_accuracy,19,0.7829
test_accuracy,20,0.7829
test_accuracy,21,0.7831
test_accuracy,22,0.783
test_accuracy,23,0.7845
test_accuracy,24,0.7847
test_accuracy,25,0.7848
test_accuracy,26,0.7823
test_accuracy,27,0.7837
test_accuracy,28,0.7845
test_accuracy,29,0.7826
test_accuracy,30,0.7828
test_accuracy,31,0.7847
test_accuracy,32,0.7832
test_accuracy,33,0.7844
test_accuracy,34,0.7845
test_accuracy,35,0.7839
test_accuracy,36,0.7838
test_accuracy,37,0.7851
test_accuracy,38,0.7851
test_accuracy,39,0.7859
test_accuracy,40,0.7842
test_accuracy,41,0.7846
test_accuracy,42,0.7855
test_accuracy,43,0.7849
test_accuracy,44,0.7834
test_accuracy,45,0.7837
test_accuracy,46,0.7843
test_accuracy,47,0.7831
test_accuracy,48,0.7856
test_accuracy,49,0.7834
test_accuracy,50,0.7844
test_accuracy,51,0.7847
test_accuracy,52,0.7849
test_accuracy,53,0.7842
test_accuracy,54,0.7848
test_accuracy,55,0.7841
test_accuracy,56,0.784
test_accuracy,57,0.7838
test_accuracy,58,0.7849
test_accuracy,59,0.7856
