test_accuracy,0,0.513
test_accuracy,1,0.6
test_accuracy,2,0.5218
test_accuracy,3,0.5783
test_accuracy,4,0.63
test_accuracy,5,0.5936
test_accuracy,6,0.5639
test_accuracy,7,0.6777
test_accuracy,8,0.6415
test_accuracy,9,0.6883
test_accuracy,10,0.6256
test_accuracy,11,0.7015
test_accuracy,12,0.6629
test_accuracy,13,0.5785
test_accuracy,14,0.6991
test_accuracy,15,0.6854
test_accuracy,16,0.5745
test_accuracy,17,0.6819
test_accuracy,18,0.6266
test_accuracy,19,0.5607
test_accuracy,20,0.6886
test_accuracy,21,0.6898
test_accuracy,22,0.6703
test_accuracy,23,0.6927
test_accuracy,24,0.6997
test_accuracy,25,0.6865
test_accuracy,26,0.65
test_accuracy,27,0.6519
test_accuracy,28,0.6144
test_accuracy,29,0.6726
test_accuracy,30,0.6946
test_accuracy,31,0.6979
test_accuracy,32,0.6654
test_accuracy,33,0.6704
test_accuracy,34,0.6931
test_accuracy,35,0.6858
test_accuracy,36,0.691
test_accuracy,37,0.6791
test_accuracy,38,0.705
test_accuracy,39,0.6804
test_accuracy,40,0.6844
test_accuracy,41,0.7252
test_accuracy,42,0.7266
test_accuracy,43,0.7261
test_accuracy,44,0.7262
test_accuracy,45,0.7259
test_accuracy,46,0.7239
test_accuracy,47,0.7255
test_accuracy,48,0.7264
test_accuracy,49,0.7264
test_accuracy,50,0.724
test_accuracy,51,0.7233
test_accuracy,52,0.7265
test_accuracy,53,0.726
test_accuracy,54,0.7245
test_accuracy,55,0.7246
test_accuracy,56,0.7261
test_accuracy,57,0.7256
test_accuracy,58,0.7244
test_accuracy,59,0.726
