test_accuracy,0,0.5307
test_accuracy,1,0.4626
test_accuracy,2,0.602
test_accuracy,3,0.6747
test_accuracy,4,0.595
test_accuracy,5,0.6645
test_accuracy,6,0.6798
test_accuracy,7,0.5661
test_accuracy,8,0.6246
test_accuracy,9,0.6499
test_accuracy,10,0.686
test_accuracy,11,0.6834
test_accuracy,12,0.7036
test_accuracy,13,0.7028
test_accuracy,14,0.599
test_accuracy,15,0.6979
test_accuracy,16,0.5212
test_accuracy,17,0.6912
test_accuracy,18,0.7051
test_accuracy,19,0.7203
test_accuracy,20,0.7229
test_accuracy,21,0.7187
test_accuracy,22,0.6986
test_accuracy,23,0.7226
test_accuracy,24,0.7229
test_accuracy,25,0.7294
test_accuracy,26,0.7352
test_accuracy,27,0.7414
test_accuracy,28,0.7431
test_accuracy,29,0.744
test_accuracy,30,0.7465
test_accuracy,31,0.7441
test_accuracy,32,0.744
test_accuracy,33,0.7435
test_accuracy,34,0.7451
test_accuracy,35,0.7469
test_accuracy,36,0.7471
test_accuracy,37,0.7471
test_accuracy,38,0.7458
test_accuracy,39,0.7475
test_accuracy,40,0.7475
test_accuracy,41,0.7476
test_accuracy,42,0.7486
test_accuracy,43,0.7475
test_accuracy,44,0.7471
test_accuracy,45,0.7503
test_accuracy,46,0.7481
test_accuracy,47,0.749
test_accuracy,48,0.7488
test_accuracy,49,0.7478
test_accuracy,50,0.7499
test_accuracy,51,0.7475
test_accuracy,52,0.7487
test_accuracy,53,0.7478
test_accuracy,54,0.7475
test_accuracy,55,0.7482
test_accuracy,56,0.7488
test_accuracy,57,0.749
test_accuracy,58,0.7486
test_accuracy,59,0.7474
