test_accuracy,0,0.1495
test_accuracy,1,0.1
test_accuracy,2,0.1663
test_accuracy,3,0.1638
test_accuracy,4,0.1698
test_accuracy,5,0.1793
test_accuracy,6,0.1027
test_accuracy,7,0.1762
test_accuracy,8,0.1817
test_accuracy,9,0.1762
test_accuracy,10,0.1173
test_accuracy,11,0.1743
test_accuracy,12,0.179
test_accuracy,13,0.1813
test_accuracy,14,0.1802
test_accuracy,15,0.1863
test_accuracy,16,0.1746
test_accuracy,17,0.1587
test_accuracy,18,0.1495
test_accuracy,19,0.1794
test_accuracy,20,0.1
test_accuracy,21,0.1848
test_accuracy,22,0.1866
test_accuracy,23,0.1821
test_accuracy,24,0.1679
test_accuracy,25,0.1637
test_accuracy,26,0.1758
test_accuracy,27,0.1704
test_accuracy,28,0.1795
test_accuracy,29,0.1824
test_accuracy,30,0.1762
test_accuracy,31,0.1657
test_accuracy,32,0.1632
test_accuracy,33,0.1729
test_accuracy,34,0.185
test_accuracy,35,0.168
test_accuracy,36,0.1817
test_accuracy,37,0.1782
test_accuracy,38,0.1797
test_accuracy,39,0.1602
test_accuracy,40,0.1616
test_accuracy,41,0.1744
test_accuracy,42,0.1799
test_accuracy,43,0.1752
test_accuracy,44,0.1638
test_accuracy,45,0.177
test_accuracy,46,0.1752
test_accuracy,47,0.1648
test_accuracy,48,0.1643
test_accuracy,49,0.175
test_accuracy,50,0.1642
test_accuracy,51,0.1722
test_accuracy,52,0.1732
test_accuracy,53,0.1641
test_accuracy,54,0.1733
test_accuracy,55,0.1724
test_accuracy,56,0.175
test_accuracy,57,0.1737
test_accuracy,58,0.1747
test_accuracy,59,0.1733
