test_accuracy,0,0.5592
test_accuracy,1,0.6669
test_accuracy,2,0.6528
test_accuracy,3,0.6583
test_accuracy,4,0.6057
test_accuracy,5,0.5982
test_accuracy,6,0.7144
test_accuracy,7,0.6734
test_accuracy,8,0.6808
test_accuracy,9,0.6757
test_accuracy,10,0.6989
test_accuracy,11,0.6224
test_accuracy,12,0.7318
test_accuracy,13,0.7594
test_accuracy,14,0.7556
test_accuracy,15,0.7635
test_accuracy,16,0.7646
test_accuracy,17,0.7648
test_accuracy,18,0.7665
test_accuracy,19,0.7654
test_accuracy,20,0.7673
test_accuracy,21,0.7664
test_accuracy,22,0.7671
test_accuracy,23,0.7679
test_accuracy,24,0.7668
test_accuracy,25,0.7667
test_accuracy,26,0.7677
test_accuracy,27,0.7678
test_accuracy,28,0.7669
test_accuracy,29,0.769
test_accuracy,30,0.7669
test_accuracy,31,0.768
test_accuracy,32,0.7689
test_accuracy,33,0.7688
test_accuracy,34,0.7673
test_accuracy,35,0.7682
test_accuracy,36,0.7684
test_accuracy,37,0.7684
test_accuracy,38,0.7692
test_accuracy,39,0.7682
test_accuracy,40,0.7689
test_accuracy,41,0.7684
test_accuracy,42,0.7685
test_accuracy,43,0.7696
test_accuracy,44,0.7676
test_accuracy,45,0.7692
test_accuracy,46,0.7677
test_accuracy,47,0.7687
test_accuracy,48,0.7673
test_accuracy,49,0.769
test_accuracy,50,0.7689
test_accuracy,51,0.7685
test_accuracy,52,0.7685
test_accuracy,53,0.7681
test_accuracy,54,0.7705
test_accuracy,55,0.7692
test_accuracy,56,0.7703
test_accuracy,57,0.7691
test_accuracy,58,0.7695
test_accuracy,59,0.7676
