test_accuracy,0,0.5214
test_accuracy,1,0.5979
test_accuracy,2,0.705
test_accuracy,3,0.6599
test_accuracy,4,0.6689
test_accuracy,5,0.5351
test_accuracy,6,0.7175
test_accuracy,7,0.7348
test_accuracy,8,0.7357
test_accuracy,9,0.7082
test_accuracy,10,0.7279
test_accuracy,11,0.7091
test_accuracy,12,0.7528
test_accuracy,13,0.7804
test_accuracy,14,0.7923
test_accuracy,15,0.7917
test_accuracy,16,0.7944
test_accuracy,17,0.7933
test_accuracy,18,0.7938
test_accuracy,19,0.793
test_accuracy,20,0.795
test_accuracy,21,0.7945
test_accuracy,22,0.7949
test_accuracy,23,0.7951
test_accuracy,24,0.7957
test_accuracy,25,0.7961
test_accuracy,26,0.7957
test_accuracy,27,0.7926
test_accuracy,28,0.7963
test_accuracy,29,0.794
test_accuracy,30,0.7957
test_accuracy,31,0.7949
test_accuracy,32,0.7949
test_accuracy,33,0.7956
test_accuracy,34,0.7942
test_accuracy,35,0.7964
test_accuracy,36,0.7966
test_accuracy,37,0.7962
test_accuracy,38,0.7963
test_accuracy,39,0.7973
test_accuracy,40,0.795
test_accuracy,41,0.7946
test_accuracy,42,0.7957
test_accuracy,43,0.7963
test_accuracy,44,0.7949
test_accuracy,45,0.7955
test_accuracy,46,0.7962
test_accuracy,47,0.796
test_accuracy,48,0.7965
test_accuracy,49,0.7958
test_accuracy,50,0.7954
test_accuracy,51,0.7962
test_accuracy,52,0.7965
test_accuracy,53,0.7949
test_accuracy,54,0.7955
test_accuracy,55,0.7965
test_accuracy,56,0.7974
test_accuracy,57,0.7957
test_accuracy,58,0.7958
test_accuracy,59,0.7962
