test_accuracy,0,0.6005
test_accuracy,1,0.4546
test_accuracy,2,0.5858
test_accuracy,3,0.6774
test_accuracy,4,0.6499
test_accuracy,5,0.7309
test_accuracy,6,0.687
test_accuracy,7,0.7374
test_accuracy,8,0.7486
test_accuracy,9,0.7548
test_accuracy,10,0.7791
test_accuracy,11,0.7604
test_accuracy,12,0.7696
test_accuracy,13,0.7913
test_accuracy,14,0.8017
test_accuracy,15,0.8062
test_accuracy,16,0.806
test_accuracy,17,0.8064
test_accuracy,18,0.8076
test_accuracy,19,0.8079
test_accuracy,20,0.8097
test_accuracy,21,0.8084
test_accuracy,22,0.8094
test_accuracy,23,0.8106
test_accuracy,24,0.8105
test_accuracy,25,0.8092
test_accuracy,26,0.8094
test_accuracy,27,0.8085
test_accuracy,28,0.8097
test_accuracy,29,0.8099
test_accuracy,30,0.8102
test_accuracy,31,0.8086
test_accuracy,32,0.8089
test_accuracy,33,0.8099
test_accuracy,34,0.8082
test_accuracy,35,0.8078
test_accuracy,36,0.8084
test_accuracy,37,0.8078
test_accuracy,38,0.8084
test_accuracy,39,0.8095
test_accuracy,40,0.8086
test_accuracy,41,0.8079
test_accuracy,42,0.8086
test_accuracy,43,0.809
test_accuracy,44,0.8094
test_accuracy,45,0.8095
test_accuracy,46,0.8097
test_accuracy,47,0.8087
test_accuracy,48,0.8098
test_accuracy,49,0.8089
test_accuracy,50,0.8084
test_accuracy,51,0.8102
test_accuracy,52,0.8099
test_accuracy,53,0.8078
test_accuracy,54,0.8086
test_accuracy,55,0.8091
test_accuracy,56,0.8079
test_accuracy,57,0.81
test_accuracy,58,0.809
test_accuracy,59,0.8087
