test_accuracy,0,0.5148
test_accuracy,1,0.5786
test_accuracy,2,0.6448
test_accuracy,3,0.6178
test_accuracy,4,0.6553
test_accuracy,5,0.6187
test_accuracy,6,0.6982
test_accuracy,7,0.6084
test_accuracy,8,0.5963
test_accuracy,9,0.6204
test_accuracy,10,0.707
test_accuracy,11,0.6012
test_accuracy,12,0.6816
test_accuracy,13,0.6546
test_accuracy,14,0.6477
test_accuracy,15,0.6602
test_accuracy,16,0.6616
test_accuracy,17,0.6646
test_accuracy,18,0.7088
test_accuracy,19,0.7015
test_accuracy,20,0.674
test_accuracy,21,0.7237
test_accuracy,22,0.7
test_accuracy,23,0.7209
test_accuracy,24,0.7018
test_accuracy,25,0.7266
test_accuracy,26,0.7253
test_accuracy,27,0.7333
test_accuracy,28,0.7415
test_accuracy,29,0.7479
test_accuracy,30,0.7453
test_accuracy,31,0.7474
test_accuracy,32,0.7471
test_accuracy,33,0.7459
test_accuracy,34,0.7497
test_accuracy,35,0.7478
test_accuracy,36,0.7479
test_accuracy,37,0.7472
test_accuracy,38,0.7462
test_accuracy,39,0.7477
test_accuracy,40,0.7468
test_accuracy,41,0.7475
test_accuracy,42,0.748
test_accuracy,43,0.7476
test_accuracy,44,0.7452
test_accuracy,45,0.7478
test_accuracy,46,0.7463
test_accuracy,47,0.7465
test_accuracy,48,0.7455
test_accuracy,49,0.7473
test_accuracy,50,0.7472
test_accuracy,51,0.7521
test_accuracy,52,0.7468
test_accuracy,53,0.7467
test_accuracy,54,0.7489
test_accuracy,55,0.7464
test_accuracy,56,0.7469
test_accuracy,57,0.7476
test_accuracy,58,0.7478
test_accuracy,59,0.7482
