test_accuracy,0,0.2173
test_accuracy,1,0.1893
test_accuracy,2,0.2771
test_accuracy,3,0.3122
test_accuracy,4,0.3358
test_accuracy,5,0.3668
test_accuracy,6,0.3039
test_accuracy,7,0.3728
test_accuracy,8,0.36
test_accuracy,9,0.3775
test_accuracy,10,0.3775
test_accuracy,11,0.4018
test_accuracy,12,0.4207
test_accuracy,13,0.4286
test_accuracy,14,0.4233
test_accuracy,15,0.4119
test_accuracy,16,0.4276
test_accuracy,17,0.4345
test_accuracy,18,0.4399
test_accuracy,19,0.4304
test_accuracy,20,0.4451
test_accuracy,21,0.4635
test_accuracy,22,0.4675
test_accuracy,23,0.4433
test_accuracy,24,0.4824
test_accuracy,25,0.4374
test_accuracy,26,0.4494
test_accuracy,27,0.4184
test_accuracy,28,0.4683
test_accuracy,29,0.4577
test_accuracy,30,0.4789
test_accuracy,31,0.4685
test_accuracy,32,0.469
test_accuracy,33,0.493
test_accuracy,34,0.469
test_accuracy,35,0.4811
test_accuracy,36,0.4762
test_accuracy,37,0.4492
test_accuracy,38,0.4734
test_accuracy,39,0.473
test_accuracy,40,0.4999
test_accuracy,41,0.5136
test_accuracy,42,0.5011
test_accuracy,43,0.5004
test_accuracy,44,0.5074
test_accuracy,45,0.4942
test_accuracy,46,0.496
test_accuracy,47,0.4986
test_accuracy,48,0.5085
test_accuracy,49,0.5063
test_accuracy,50,0.5072
test_accuracy,51,0.4919
test_accuracy,52,0.492
test_accuracy,53,0.5045
test_accuracy,54,0.4993
test_accuracy,55,0.5047
test_accuracy,56,0.4974
test_accuracy,57,0.4955
test_accuracy,58,0.4925
test_accuracy,59,0.4947
