test_accuracy,0,0.513
test_accuracy,1,0.5855
test_accuracy,2,0.5154
test_accuracy,3,0.6218
test_accuracy,4,0.6444
test_accuracy,5,0.5949
test_accuracy,6,0.6541
test_accuracy,7,0.6567
test_accuracy,8,0.6346
test_accuracy,9,0.6565
test_accuracy,10,0.681
test_accuracy,11,0.6929
test_accuracy,12,0.6734
test_accuracy,13,0.6545
test_accuracy,14,0.6209
test_accuracy,15,0.6929
test_accuracy,16,0.6967
test_accuracy,17,0.6735
test_accuracy,18,0.6971
test_accuracy,19,0.6526
test_accuracy,20,0.7029
test_accuracy,21,0.626
test_accuracy,22,0.6409
test_accuracy,23,0.6935
test_accuracy,24,0.6789
test_accuracy,25,0.6934
test_accuracy,26,0.6999
test_accuracy,27,0.6743
test_accuracy,28,0.6821
test_accuracy,29,0.6738
test_accuracy,30,0.6847
test_accuracy,31,0.698
test_accuracy,32,0.7006
test_accuracy,33,0.6724
test_accuracy,34,0.7027
test_accuracy,35,0.6879
test_accuracy,36,0.7047
test_accuracy,37,0.6668
test_accuracy,38,0.6961
test_accuracy,39,0.692
test_accuracy,40,0.6657
test_accuracy,41,0.7213
test_accuracy,42,0.7221
test_accuracy,43,0.7218
test_accuracy,44,0.7231
test_accuracy,45,0.7226
test_accuracy,46,0.7223
test_accuracy,47,0.7235
test_accuracy,48,0.7228
test_accuracy,49,0.7215
test_accuracy,50,0.7208
test_accuracy,51,0.7213
test_accuracy,52,0.7226
test_accuracy,53,0.7195
test_accuracy,54,0.7202
test_accuracy,55,0.7213
test_accuracy,56,0.7222
test_accuracy,57,0.7213
test_accuracy,58,0.7207
test_accuracy,59,0.7223
