test_accuracy,0,0.1
test_accuracy,1,0.6192
test_accuracy,2,0.61
test_accuracy,3,0.6981
test_accuracy,4,0.7284
test_accuracy,5,0.7266
test_accuracy,6,0.7088
test_accuracy,7,0.7338
test_accuracy,8,0.7271
test_accuracy,9,0.6536
test_accuracy,10,0.691
test_accuracy,11,0.7196
test_accuracy,12,0.6987
test_accuracy,13,0.7367
test_accuracy,14,0.7543
test_accuracy,15,0.7385
test_accuracy,16,0.7423
test_accuracy,17,0.7451
test_accuracy,18,0.7701
test_accuracy,19,0.788
test_accuracy,20,0.7937
test_accuracy,21,0.7907
test_accuracy,22,0.7938
test_accuracy,23,0.7937
test_accuracy,24,0.7924
test_accuracy,25,0.7946
test_accuracy,26,0.7957
test_accuracy,27,0.7959
test_accuracy,28,0.7965
test_accuracy,29,0.7953
test_accuracy,30,0.7961
test_accuracy,31,0.7956
test_accuracy,32,0.797
test_accuracy,33,0.7934
test_accuracy,34,0.7946
test_accuracy,35,0.7962
test_accuracy,36,0.7952
test_accuracy,37,0.7965
test_accuracy,38,0.7959
test_accuracy,39,0.7941
test_accuracy,40,0.7976
test_accuracy,41,0.7948
test_accuracy,42,0.7952
test_accuracy,43,0.7951
test_accuracy,44,0.7947
test_accuracy,45,0.7957
test_accuracy,46,0.794
test_accuracy,47,0.7943
test_accuracy,48,0.7944
test_accuracy,49,0.7935
test_accuracy,50,0.7945
test_accuracy,51,0.7954
test_accuracy,52,0.7962
test_accuracy,53,0.7955
test_accuracy,54,0.7957
test_accuracy,55,0.7959
test_accuracy,56,0.7958
test_accuracy,57,0.7959
test_accuracy,58,0.7961
test_accuracy,59,0.7949
