test_accuracy,0,0.1
test_accuracy,1,0.5362
test_accuracy,2,0.608
test_accuracy,3,0.6037
test_accuracy,4,0.596
test_accuracy,5,0.6716
test_accuracy,6,0.6156
test_accuracy,7,0.6465
test_accuracy,8,0.6952
test_accuracy,9,0.6201
test_accuracy,10,0.6814
test_accuracy,11,0.623
test_accuracy,12,0.6929
test_accuracy,13,0.6849
test_accuracy,14,0.6949
test_accuracy,15,0.6906
test_accuracy,16,0.6432
test_accuracy,17,0.6642
test_accuracy,18,0.7159
test_accuracy,19,0.6458
test_accuracy,20,0.5319
test_accuracy,21,0.6131
test_accuracy,22,0.7196
test_accuracy,23,0.7275
test_accuracy,24,0.7089
test_accuracy,25,0.7148
test_accuracy,26,0.6897
test_accuracy,27,0.6815
test_accuracy,28,0.6919
test_accuracy,29,0.6951
test_accuracy,30,0.6496
test_accuracy,31,0.7046
test_accuracy,32,0.6795
test_accuracy,33,0.6672
test_accuracy,34,0.7186
test_accuracy,35,0.6975
test_accuracy,36,0.6639
test_accuracy,37,0.6583
test_accuracy,38,0.6822
test_accuracy,39,0.7082
test_accuracy,40,0.6878
test_accuracy,41,0.73
test_accuracy,42,0.7323
test_accuracy,43,0.7295
test_accuracy,44,0.7323
test_accuracy,45,0.7316
test_accuracy,46,0.7321
test_accuracy,47,0.7306
test_accuracy,48,0.7308
test_accuracy,49,0.7303
test_accuracy,50,0.7295
test_accuracy,51,0.7298
test_accuracy,52,0.731
test_accuracy,53,0.7305
test_accuracy,54,0.7286
test_accuracy,55,0.7284
test_accuracy,56,0.7306
test_accuracy,57,0.7292
test_accuracy,58,0.7309
test_accuracy,59,0.7293
