test_accuracy,0,0.1
test_accuracy,1,0.5832
test_accuracy,2,0.5676
test_accuracy,3,0.5491
test_accuracy,4,0.6151
test_accuracy,5,0.691
test_accuracy,6,0.6713
test_accuracy,7,0.7252
test_accuracy,8,0.6535
test_accuracy,9,0.4638
test_accuracy,10,0.7214
test_accuracy,11,0.7038
test_accuracy,12,0.7405
test_accuracy,13,0.7192
test_accuracy,14,0.6797
test_accuracy,15,0.7441
test_accuracy,16,0.7248
test_accuracy,17,0.733
test_accuracy,18,0.716
test_accuracy,19,0.7134
test_accuracy,20,0.7455
test_accuracy,21,0.7044
test_accuracy,22,0.7101
test_accuracy,23,0.6782
test_accuracy,24,0.7418
test_accuracy,25,0.7232
test_accuracy,26,0.7352
test_accuracy,27,0.7618
test_accuracy,28,0.7432
test_accuracy,29,0.7686
test_accuracy,30,0.7658
test_accuracy,31,0.768
test_accuracy,32,0.7714
test_accuracy,33,0.7731
test_accuracy,34,0.7751
test_accuracy,35,0.7745
test_accuracy,36,0.7771
test_accuracy,37,0.7755
test_accuracy,38,0.7757
test_accuracy,39,0.7735
test_accuracy,40,0.7747
test_accuracy,41,0.7753
test_accuracy,42,0.7758
test_accuracy,43,0.7767
test_accuracy,44,0.7747
test_accuracy,45,0.7788
test_accuracy,46,0.7768
test_accuracy,47,0.7774
test_accuracy,48,0.7762
test_accuracy,49,0.7772
test_accuracy,50,0.7762
test_accuracy,51,0.7783
test_accuracy,52,0.7769
test_accuracy,53,0.7764
test_accuracy,54,0.7778
test_accuracy,55,0.7764
test_accuracy,56,0.7777
test_accuracy,57,0.7772
test_accuracy,58,0.7778
test_accuracy,59,0.7771
