test_accuracy,0,0.5317
test_accuracy,1,0.5625
test_accuracy,2,0.5873
test_accuracy,3,0.5669
test_accuracy,4,0.5876
test_accuracy,5,0.6309
test_accuracy,6,0.6514
test_accuracy,7,0.6605
test_accuracy,8,0.6552
test_accuracy,9,0.6399
test_accuracy,10,0.6156
test_accuracy,11,0.6321
test_accuracy,12,0.6695
test_accuracy,13,0.6578
test_accuracy,14,0.6757
test_accuracy,15,0.6511
test_accuracy,16,0.6391
test_accuracy,17,0.631
test_accuracy,18,0.6915
test_accuracy,19,0.6766
test_accuracy,20,0.6786
test_accuracy,21,0.6698
test_accuracy,22,0.6737
test_accuracy,23,0.6835
test_accuracy,24,0.6919
test_accuracy,25,0.69
test_accuracy,26,0.5868
test_accuracy,27,0.6682
test_accuracy,28,0.6044
test_accuracy,29,0.6626
test_accuracy,30,0.6716
test_accuracy,31,0.6499
test_accuracy,32,0.669
test_accuracy,33,0.6661
test_accuracy,34,0.674
test_accuracy,35,0.6993
test_accuracy,36,0.6642
test_accuracy,37,0.5794
test_accuracy,38,0.6977
test_accuracy,39,0.705
test_accuracy,40,0.6901
test_accuracy,41,0.7235
test_accuracy,42,0.7227
test_accuracy,43,0.7211
test_accuracy,44,0.7261
test_accuracy,45,0.7248
test_accuracy,46,0.7253
test_accuracy,47,0.7231
test_accuracy,48,0.7275
test_accuracy,49,0.7262
test_accuracy,50,0.7241
test_accuracy,51,0.7266
test_accuracy,52,0.7257
test_accuracy,53,0.7259
test_accuracy,54,0.7219
test_accuracy,55,0.7269
test_accuracy,56,0.7254
test_accuracy,57,0.7243
test_accuracy,58,0.7228
test_accuracy,59,0.7267
