test_accuracy,0,0.1592
test_accuracy,1,0.1408
test_accuracy,2,0.1769
test_accuracy,3,0.1704
test_accuracy,4,0.1669
test_accuracy,5,0.1794
test_accuracy,6,0.1817
test_accuracy,7,0.1536
test_accuracy,8,0.1591
test_accuracy,9,0.1628
test_accuracy,10,0.163
test_accuracy,11,0.1696
test_accuracy,12,0.1733
test_accuracy,13,0.1709
test_accuracy,14,0.1652
test_accuracy,15,0.1731
test_accuracy,16,0.1654
test_accuracy,17,0.1534
test_accuracy,18,0.1684
test_accuracy,19,0.1681
test_accuracy,20,0.1386
test_accuracy,21,0.172
test_accuracy,22,0.1664
test_accuracy,23,0.1615
test_accuracy,24,0.1723
test_accuracy,25,0.1715
test_accuracy,26,0.1603
test_accuracy,27,0.174
test_accuracy,28,0.1437
test_accuracy,29,0.1625
test_accuracy,30,0.1632
test_accuracy,31,0.1732
test_accuracy,32,0.1495
test_accuracy,33,0.1695
test_accuracy,34,0.1735
test_accuracy,35,0.1661
test_accuracy,36,0.1798
test_accuracy,37,0.1577
test_accuracy,38,0.1736
test_accuracy,39,0.1785
test_accuracy,40,0.1643
test_accuracy,41,0.1705
test_accuracy,42,0.1693
test_accuracy,43,0.1621
test_accuracy,44,0.1698
test_accuracy,45,0.1721
test_accuracy,46,0.1712
test_accuracy,47,0.1706
test_accuracy,48,0.1698
test_accuracy,49,0.1692
test_accuracy,50,0.1704
test_accuracy,51,0.1713
test_accuracy,52,0.1703
test_accuracy,53,0.1703
test_accuracy,54,0.1698
test_accuracy,55,0.1613
test_accuracy,56,0.1687
test_accuracy,57,0.1682
test_accuracy,58,0.1682
test_accuracy,59,0.1684
