test_accuracy,0,0.5396
test_accuracy,1,0.6061
test_accuracy,2,0.5594
test_accuracy,3,0.6277
test_accuracy,4,0.5785
test_accuracy,5,0.6379
test_accuracy,6,0.609
test_accuracy,7,0.6897
test_accuracy,8,0.666
test_accuracy,9,0.6828
test_accuracy,10,0.712
test_accuracy,11,0.6525
test_accuracy,12,0.5627
test_accuracy,13,0.6889
test_accuracy,14,0.574
test_accuracy,15,0.7158
test_accuracy,16,0.6635
test_accuracy,17,0.6628
test_accuracy,18,0.7025
test_accuracy,19,0.68
test_accuracy,20,0.7164
test_accuracy,21,0.7261
test_accuracy,22,0.7272
test_accuracy,23,0.72
test_accuracy,24,0.7417
test_accuracy,25,0.7432
test_accuracy,26,0.7433
test_accuracy,27,0.7421
test_accuracy,28,0.7493
test_accuracy,29,0.7454
test_accuracy,30,0.7511
test_accuracy,31,0.7454
test_accuracy,32,0.7518
test_accuracy,33,0.7529
test_accuracy,34,0.7514
test_accuracy,35,0.7514
test_accuracy,36,0.7521
test_accuracy,37,0.7511
test_accuracy,38,0.7526
test_accuracy,39,0.7518
test_accuracy,40,0.7509
test_accuracy,41,0.7515
test_accuracy,42,0.753
test_accuracy,43,0.7531
test_accuracy,44,0.7536
test_accuracy,45,0.7517
test_accuracy,46,0.753
test_accuracy,47,0.7516
test_accuracy,48,0.753
test_accuracy,49,0.7553
test_accuracy,50,0.7533
test_accuracy,51,0.7542
test_accuracy,52,0.7527
test_accuracy,53,0.7529
test_accuracy,54,0.7529
test_accuracy,55,0.7527
test_accuracy,56,0.7527
test_accuracy,57,0.7521
test_accuracy,58,0.7525
test_accuracy,59,0.7526
