test_accuracy,0,0.5662
test_accuracy,1,0.4833
test_accuracy,2,0.5862
test_accuracy,3,0.61
test_accuracy,4,0.6829
test_accuracy,5,0.7093
test_accuracy,6,0.6529
test_accuracy,7,0.7187
test_accuracy,8,0.4914
test_accuracy,9,0.7522
test_accuracy,10,0.7227
test_accuracy,11,0.7505
test_accuracy,12,0.7484
test_accuracy,13,0.7766
test_accuracy,14,0.7842
test_accuracy,15,0.7877
test_accuracy,16,0.7865
test_accuracy,17,0.7869
test_accuracy,18,0.7878
test_accuracy,19,0.7864
test_accuracy,20,0.7889
test_accuracy,21,0.7899
test_accuracy,22,0.79
test_accuracy,23,0.7901
test_accuracy,24,0.79
test_accuracy,25,0.7919
test_accuracy,26,0.79
test_accuracy,27,0.7903
test_accuracy,28,0.7902
test_accuracy,29,0.7906
test_accuracy,30,0.7894
test_accuracy,31,0.7902
test_accuracy,32,0.7896
test_accuracy,33,0.7912
test_accuracy,34,0.7907
test_accuracy,35,0.7902
test_accuracy,36,0.7903
test_accuracy,37,0.7911
test_accuracy,38,0.7907
test_accuracy,39,0.7897
test_accuracy,40,0.7885
test_accuracy,41,0.7894
test_accuracy,42,0.7905
test_accuracy,43,0.7909
test_accuracy,44,0.7894
test_accuracy,45,0.7884
test_accuracy,46,0.7893
test_accuracy,47,0.7897
test_accuracy,48,0.7906
test_accuracy,49,0.7904
test_accuracy,50,0.7902
test_accuracy,51,0.7901
test_accuracy,52,0.7899
test_accuracy,53,0.7894
test_accuracy,54,0.7898
test_accuracy,55,0.7915
test_accuracy,56,0.7914
test_accuracy,57,0.7903
test_accuracy,58,0.7912
test_accuracy,59,0.7906
