test_accuracy,0,0.3342
test_accuracy,1,0.6276
test_accuracy,2,0.6544
test_accuracy,3,0.6104
test_accuracy,4,0.651
test_accuracy,5,0.6369
test_accuracy,6,0.6901
test_accuracy,7,0.6555
test_accuracy,8,0.6957
test_accuracy,9,0.7087
test_accuracy,10,0.6978
test_accuracy,11,0.7269
test_accuracy,12,0.7369
test_accuracy,13,0.76
test_accuracy,14,0.77
test_accuracy,15,0.7745
test_accuracy,16,0.7746
test_accuracy,17,0.7755
test_accuracy,18,0.776
test_accuracy,19,0.7763
test_accuracy,20,0.7748
test_accuracy,21,0.7751
test_accuracy,22,0.7756
test_accuracy,23,0.7752
test_accuracy,24,0.775
test_accuracy,25,0.7751
test_accuracy,26,0.7777
test_accuracy,27,0.7754
test_accuracy,28,0.7778
test_accuracy,29,0.7751
test_accuracy,30,0.7765
test_accuracy,31,0.7762
test_accuracy,32,0.7777
test_accuracy,33,0.7762
test_accuracy,34,0.7751
test_accuracy,35,0.7776
test_accuracy,36,0.7776
test_accuracy,37,0.7757
test_accuracy,38,0.7773
test_accuracy,39,0.776
test_accuracy,40,0.7765
test_accuracy,41,0.778
test_accuracy,42,0.7776
test_accuracy,43,0.7789
test_accuracy,44,0.7771
test_accuracy,45,0.7781
test_accuracy,46,0.7772
test_accuracy,47,0.7784
test_accuracy,48,0.777
test_accuracy,49,0.7777
test_accuracy,50,0.7774
test_accuracy,51,0.7775
test_accuracy,52,0.7771
test_accuracy,53,0.7791
test_accuracy,54,0.7773
test_accuracy,55,0.7772
test_accuracy,56,0.777
test_accuracy,57,0.7777
test_accuracy,58,0.7775
test_accuracy,59,0.7785
