test_accuracy,0,0.177
test_accuracy,1,0.2464
test_accuracy,2,0.2358
test_accuracy,3,0.3088
test_accuracy,4,0.3458
test_accuracy,5,0.3967
test_accuracy,6,0.3842
test_accuracy,7,0.4214
test_accuracy,8,0.4492
test_accuracy,9,0.4513
test_accuracy,10,0.4234
test_accuracy,11,0.4101
test_accuracy,12,0.3942
test_accuracy,13,0.4886
test_accuracy,14,0.4048
test_accuracy,15,0.4825
test_accuracy,16,0.5006
test_accuracy,17,0.4192
test_accuracy,18,0.434
test_accuracy,19,0.4473
test_accuracy,20,0.5074
test_accuracy,21,0.5024
test_accuracy,22,0.4631
test_accuracy,23,0.4639
test_accuracy,24,0.4577
test_accuracy,25,0.4792
test_accuracy,26,0.4757
test_accuracy,27,0.4928
test_accuracy,28,0.4979
test_accuracy,29,0.4905
test_accuracy,30,0.484
test_accuracy,31,0.4763
test_accuracy,32,0.5368
test_accuracy,33,0.5231
test_accuracy,34,0.5297
test_accuracy,35,0.5086
test_accuracy,36,0.5142
test_accuracy,37,0.5181
test_accuracy,38,0.5475
test_accuracy,39,0.5418
test_accuracy,40,0.5404
test_accuracy,41,0.5594
test_accuracy,42,0.5694
test_accuracy,43,0.5644
test_accuracy,44,0.5638
test_accuracy,45,0.5679
test_accuracy,46,0.5644
test_accuracy,47,0.5676
test_accuracy,48,0.5717
test_accuracy,49,0.567
test_accuracy,50,0.5653
test_accuracy,51,0.5698
test_accuracy,52,0.5693
test_accuracy,53,0.5624
test_accuracy,54,0.5589
test_accuracy,55,0.5593
test_accuracy,56,0.5605
test_accuracy,57,0.5701
test_accuracy,58,0.5667
test_accuracy,59,0.566
