test_accuracy,0,0.5386
test_accuracy,1,0.6072
test_accuracy,2,0.6501
test_accuracy,3,0.6622
test_accuracy,4,0.6995
test_accuracy,5,0.6384
test_accuracy,6,0.5891
test_accuracy,7,0.5989
test_accuracy,8,0.7027
test_accuracy,9,0.6951
test_accuracy,10,0.7064
test_accuracy,11,0.704
test_accuracy,12,0.6847
test_accuracy,13,0.6543
test_accuracy,14,0.5892
test_accuracy,15,0.7087
test_accuracy,16,0.7145
test_accuracy,17,0.667
test_accuracy,18,0.722
test_accuracy,19,0.7035
test_accuracy,20,0.7011
test_accuracy,21,0.722
test_accuracy,22,0.7305
test_accuracy,23,0.7241
test_accuracy,24,0.7274
test_accuracy,25,0.739
test_accuracy,26,0.7326
test_accuracy,27,0.745
test_accuracy,28,0.7475
test_accuracy,29,0.7445
test_accuracy,30,0.7502
test_accuracy,31,0.748
test_accuracy,32,0.7472
test_accuracy,33,0.7507
test_accuracy,34,0.7488
test_accuracy,35,0.7514
test_accuracy,36,0.748
test_accuracy,37,0.7487
test_accuracy,38,0.7508
test_accuracy,39,0.7489
test_accuracy,40,0.7495
test_accuracy,41,0.7491
test_accuracy,42,0.7483
test_accuracy,43,0.7496
test_accuracy,44,0.7497
test_accuracy,45,0.7508
test_accuracy,46,0.7492
test_accuracy,47,0.7486
test_accuracy,48,0.751
test_accuracy,49,0.7508
test_accuracy,50,0.7501
test_accuracy,51,0.7485
test_accuracy,52,0.7488
test_accuracy,53,0.7503
test_accuracy,54,0.7507
test_accuracy,55,0.7507
test_accuracy,56,0.7502
test_accuracy,57,0.7507
test_accuracy,58,0.7509
test_accuracy,59,0.751
