test_accuracy,0,0.1
test_accuracy,1,0.1
test_accuracy,2,0.1
test_accuracy,3,0.1
test_accuracy,4,0.1
test_accuracy,5,0.1
test_accuracy,6,0.1
test_accuracy,7,0.1
test_accuracy,8,0.1
test_accuracy,9,0.1
test_accuracy,10,0.1
test_accuracy,11,0.1
test_accuracy,12,0.1
test_accuracy,13,0.1
test_accuracy,14,0.1
test_accuracy,15,0.1
test_accuracy,16,0.1
test_accuracy,17,0.1
test_accuracy,18,0.1
test_accuracy,19,0.1
test_accuracy,20,0.1
test_accuracy,21,0.1
test_accuracy,22,0.1
test_accuracy,23,0.1
test_accuracy,24,0.1
test_accuracy,25,0.1
test_accuracy,26,0.1
test_accuracy,27,0.1
test_accuracy,28,0.1
test_accuracy,29,0.1
test_accuracy,30,0.1
test_accuracy,31,0.1
test_accuracy,32,0.1
test_accuracy,33,0.1
test_accuracy,34,0.1
test_accuracy,35,0.1
test_accuracy,36,0.1
test_accuracy,37,0.1
test_accuracy,38,0.1
test_accuracy,39,0.1
test_accuracy,40,0.1
test_accuracy,41,0.1
test_accuracy,42,0.1
test_accuracy,43,0.1
test_accuracy,44,0.1
test_accuracy,45,0.1
test_accuracy,46,0.1
test_accuracy,47,0.1
test_accuracy,48,0.1
test_accuracy,49,0.1
test_accuracy,50,0.1
test_accuracy,51,0.1
test_accuracy,52,0.1
test_accuracy,53,0.1
test_accuracy,54,0.1
test_accuracy,55,0.1
