test_accuracy,0,0.5198
test_accuracy,1,0.628
test_accuracy,2,0.4902
test_accuracy,3,0.6123
test_accuracy,4,0.6332
test_accuracy,5,0.6672
test_accuracy,6,0.6946
test_accuracy,7,0.7051
test_accuracy,8,0.6921
test_accuracy,9,0.5752
test_accuracy,10,0.6935
test_accuracy,11,0.607
test_accuracy,12,0.7074
test_accuracy,13,0.6953
test_accuracy,14,0.7061
test_accuracy,15,0.7226
test_accuracy,16,0.7518
test_accuracy,17,0.7526
test_accuracy,18,0.7523
test_accuracy,19,0.7577
test_accuracy,20,0.7575
test_accuracy,21,0.7594
test_accuracy,22,0.7602
test_accuracy,23,0.758
test_accuracy,24,0.7574
test_accuracy,25,0.7591
test_accuracy,26,0.7596
test_accuracy,27,0.7603
test_accuracy,28,0.7592
test_accuracy,29,0.7605
test_accuracy,30,0.7631
test_accuracy,31,0.7599
test_accuracy,32,0.7617
test_accuracy,33,0.7555
test_accuracy,34,0.7596
test_accuracy,35,0.7603
test_accuracy,36,0.7588
test_accuracy,37,0.7587
test_accuracy,38,0.7613
test_accuracy,39,0.7598
test_accuracy,40,0.7589
test_accuracy,41,0.7595
test_accuracy,42,0.7581
test_accuracy,43,0.7589
test_accuracy,44,0.7595
test_accuracy,45,0.7606
test_accuracy,46,0.7592
test_accuracy,47,0.7613
test_accuracy,48,0.7597
test_accuracy,49,0.7588
test_accuracy,50,0.7596
test_accuracy,51,0.7579
test_accuracy,52,0.7592
test_accuracy,53,0.7587
test_accuracy,54,0.7602
test_accuracy,55,0.7613
test_accuracy,56,0.7597
test_accuracy,57,0.7602
test_accuracy,58,0.7613
test_accuracy,59,0.7602
