test_accuracy,0,0.5148
test_accuracy,1,0.5817
test_accuracy,2,0.6107
test_accuracy,3,0.5785
test_accuracy,4,0.4894
test_accuracy,5,0.5273
test_accuracy,6,0.595
test_accuracy,7,0.6893
test_accuracy,8,0.6638
test_accuracy,9,0.6088
test_accuracy,10,0.6495
test_accuracy,11,0.6974
test_accuracy,12,0.7077
test_accuracy,13,0.665
test_accuracy,14,0.7019
test_accuracy,15,0.6689
test_accuracy,16,0.6724
test_accuracy,17,0.6579
test_accuracy,18,0.6888
test_accuracy,19,0.6887
test_accuracy,20,0.6805
test_accuracy,21,0.6626
test_accuracy,22,0.6476
test_accuracy,23,0.6618
test_accuracy,24,0.6665
test_accuracy,25,0.7009
test_accuracy,26,0.6904
test_accuracy,27,0.6926
test_accuracy,28,0.6911
test_accuracy,29,0.6913
test_accuracy,30,0.6648
test_accuracy,31,0.6451
test_accuracy,32,0.6878
test_accuracy,33,0.6818
test_accuracy,34,0.7056
test_accuracy,35,0.6844
test_accuracy,36,0.6918
test_accuracy,37,0.6622
test_accuracy,38,0.6942
test_accuracy,39,0.6873
test_accuracy,40,0.7024
test_accuracy,41,0.7185
test_accuracy,42,0.7204
test_accuracy,43,0.7218
test_accuracy,44,0.7192
test_accuracy,45,0.7174
test_accuracy,46,0.7168
test_accuracy,47,0.7164
test_accuracy,48,0.7202
test_accuracy,49,0.7172
test_accuracy,50,0.7164
test_accuracy,51,0.7171
test_accuracy,52,0.7177
test_accuracy,53,0.7154
test_accuracy,54,0.7174
test_accuracy,55,0.7168
test_accuracy,56,0.7169
test_accuracy,57,0.7199
test_accuracy,58,0.717
test_accuracy,59,0.7164
