test_accuracy,0,0.4781
test_accuracy,1,0.629
test_accuracy,2,0.6794
test_accuracy,3,0.6258
test_accuracy,4,0.6976
test_accuracy,5,0.6523
test_accuracy,6,0.6506
test_accuracy,7,0.7046
test_accuracy,8,0.7087
test_accuracy,9,0.709
test_accuracy,10,0.7227
test_accuracy,11,0.7652
test_accuracy,12,0.7601
test_accuracy,13,0.7773
test_accuracy,14,0.778
test_accuracy,15,0.7816
test_accuracy,16,0.7826
test_accuracy,17,0.7835
test_accuracy,18,0.7838
test_accuracy,19,0.7827
test_accuracy,20,0.7739
test_accuracy,21,0.784
test_accuracy,22,0.7839
test_accuracy,23,0.7843
test_accuracy,24,0.7828
test_accuracy,25,0.7842
test_accuracy,26,0.7856
test_accuracy,27,0.7843
test_accuracy,28,0.7843
test_accuracy,29,0.7852
test_accuracy,30,0.7848
test_accuracy,31,0.7841
test_accuracy,32,0.7842
test_accuracy,33,0.7843
test_accuracy,34,0.784
test_accuracy,35,0.7846
test_accuracy,36,0.7846
test_accuracy,37,0.7832
test_accuracy,38,0.7839
test_accuracy,39,0.7834
test_accuracy,40,0.7841
test_accuracy,41,0.785
test_accuracy,42,0.783
test_accuracy,43,0.7841
test_accuracy,44,0.7854
test_accuracy,45,0.7841
test_accuracy,46,0.7857
test_accuracy,47,0.7842
test_accuracy,48,0.7828
test_accuracy,49,0.7848
test_accuracy,50,0.7834
test_accuracy,51,0.7841
test_accuracy,52,0.7856
test_accuracy,53,0.7833
test_accuracy,54,0.7839
test_accuracy,55,0.7856
test_accuracy,56,0.7853
test_accuracy,57,0.7847
test_accuracy,58,0.7836
test_accuracy,59,0.7849
