test_accuracy,0,0.5354
test_accuracy,1,0.4932
test_accuracy,2,0.595
test_accuracy,3,0.5758
test_accuracy,4,0.5934
test_accuracy,5,0.6754
test_accuracy,6,0.6909
test_accuracy,7,0.6741
test_accuracy,8,0.6769
test_accuracy,9,0.7121
test_accuracy,10,0.7098
test_accuracy,11,0.6892
test_accuracy,12,0.7464
test_accuracy,13,0.7528
test_accuracy,14,0.7638
test_accuracy,15,0.7698
test_accuracy,16,0.7711
test_accuracy,17,0.7692
test_accuracy,18,0.7702
test_accuracy,19,0.7693
test_accuracy,20,0.7713
test_accuracy,21,0.7706
test_accuracy,22,0.7714
test_accuracy,23,0.7706
test_accuracy,24,0.77
test_accuracy,25,0.7722
test_accuracy,26,0.7721
test_accuracy,27,0.7727
test_accuracy,28,0.7721
test_accuracy,29,0.7717
test_accuracy,30,0.7717
test_accuracy,31,0.7712
test_accuracy,32,0.7721
test_accuracy,33,0.7732
test_accuracy,34,0.7725
test_accuracy,35,0.7727
test_accuracy,36,0.7714
test_accuracy,37,0.7701
test_accuracy,38,0.7727
test_accuracy,39,0.7736
test_accuracy,40,0.7718
test_accuracy,41,0.7724
test_accuracy,42,0.7728
test_accuracy,43,0.773
test_accuracy,44,0.7743
test_accuracy,45,0.7741
test_accuracy,46,0.7736
test_accuracy,47,0.7744
test_accuracy,48,0.7736
test_accuracy,49,0.7745
test_accuracy,50,0.7731
test_accuracy,51,0.7732
test_accuracy,52,0.7715
test_accuracy,53,0.7734
test_accuracy,54,0.7744
test_accuracy,55,0.773
test_accuracy,56,0.7729
test_accuracy,57,0.7741
test_accuracy,58,0.7739
test_accuracy,59,0.7715
