test_accuracy,0,0.5585
test_accuracy,1,0.5628
test_accuracy,2,0.6568
test_accuracy,3,0.6668
test_accuracy,4,0.6226
test_accuracy,5,0.656
test_accuracy,6,0.6661
test_accuracy,7,0.7286
test_accuracy,8,0.7374
test_accuracy,9,0.7473
test_accuracy,10,0.713
test_accuracy,11,0.7485
test_accuracy,12,0.7057
test_accuracy,13,0.7624
test_accuracy,14,0.766
test_accuracy,15,0.7866
test_accuracy,16,0.792
test_accuracy,17,0.7938
test_accuracy,18,0.7954
test_accuracy,19,0.7948
test_accuracy,20,0.7962
test_accuracy,21,0.7955
test_accuracy,22,0.7968
test_accuracy,23,0.7973
test_accuracy,24,0.7968
test_accuracy,25,0.7961
test_accuracy,26,0.7976
test_accuracy,27,0.7961
test_accuracy,28,0.7968
test_accuracy,29,0.798
test_accuracy,30,0.7961
test_accuracy,31,0.7962
test_accuracy,32,0.7968
test_accuracy,33,0.7972
test_accuracy,34,0.7982
test_accuracy,35,0.7953
test_accuracy,36,0.7973
test_accuracy,37,0.7968
test_accuracy,38,0.7983
test_accuracy,39,0.7964
test_accuracy,40,0.7988
test_accuracy,41,0.7978
test_accuracy,42,0.7984
test_accuracy,43,0.7978
test_accuracy,44,0.7985
test_accuracy,45,0.7979
test_accuracy,46,0.7973
test_accuracy,47,0.7978
test_accuracy,48,0.7975
test_accuracy,49,0.7975
test_accuracy,50,0.7983
test_accuracy,51,0.7978
test_accuracy,52,0.7986
test_accuracy,53,0.7972
test_accuracy,54,0.799
test_accuracy,55,0.7998
test_accuracy,56,0.7988
test_accuracy,57,0.7959
test_accuracy,58,0.7978
test_accuracy,59,0.7961
