test_accuracy,0,0.5169
test_accuracy,1,0.5095
test_accuracy,2,0.4737
test_accuracy,3,0.6667
test_accuracy,4,0.5913
test_accuracy,5,0.6259
test_accuracy,6,0.6687
test_accuracy,7,0.6687
test_accuracy,8,0.5846
test_accuracy,9,0.7125
test_accuracy,10,0.6794
test_accuracy,11,0.5972
test_accuracy,12,0.5793
test_accuracy,13,0.648
test_accuracy,14,0.6748
test_accuracy,15,0.6198
test_accuracy,16,0.6808
test_accuracy,17,0.7049
test_accuracy,18,0.6798
test_accuracy,19,0.7176
test_accuracy,20,0.7054
test_accuracy,21,0.7319
test_accuracy,22,0.6964
test_accuracy,23,0.7142
test_accuracy,24,0.7303
test_accuracy,25,0.7323
test_accuracy,26,0.7372
test_accuracy,27,0.7417
test_accuracy,28,0.743
test_accuracy,29,0.7487
test_accuracy,30,0.7475
test_accuracy,31,0.7506
test_accuracy,32,0.7508
test_accuracy,33,0.7505
test_accuracy,34,0.751
test_accuracy,35,0.7516
test_accuracy,36,0.7519
test_accuracy,37,0.7524
test_accuracy,38,0.7504
test_accuracy,39,0.7515
test_accuracy,40,0.7537
test_accuracy,41,0.7545
test_accuracy,42,0.7535
test_accuracy,43,0.7551
test_accuracy,44,0.7532
test_accuracy,45,0.7539
test_accuracy,46,0.7534
test_accuracy,47,0.7535
test_accuracy,48,0.7547
test_accuracy,49,0.7538
test_accuracy,50,0.7527
test_accuracy,51,0.7536
test_accuracy,52,0.7538
test_accuracy,53,0.7547
test_accuracy,54,0.7531
test_accuracy,55,0.754
test_accuracy,56,0.7534
test_accuracy,57,0.7543
test_accuracy,58,0.7551
test_accuracy,59,0.754
