test_accuracy,0,0.51
test_accuracy,1,0.5374
test_accuracy,2,0.5186
test_accuracy,3,0.5966
test_accuracy,4,0.6376
test_accuracy,5,0.6185
test_accuracy,6,0.6698
test_accuracy,7,0.6187
test_accuracy,8,0.6571
test_accuracy,9,0.6839
test_accuracy,10,0.6908
test_accuracy,11,0.6186
test_accuracy,12,0.6506
test_accuracy,13,0.6641
test_accuracy,14,0.6476
test_accuracy,15,0.6715
test_accuracy,16,0.6832
test_accuracy,17,0.6575
test_accuracy,18,0.661
test_accuracy,19,0.7028
test_accuracy,20,0.6929
test_accuracy,21,0.6936
test_accuracy,22,0.6719
test_accuracy,23,0.6793
test_accuracy,24,0.6774
test_accuracy,25,0.6922
test_accuracy,26,0.6644
test_accuracy,27,0.6893
test_accuracy,28,0.7099
test_accuracy,29,0.6632
test_accuracy,30,0.6839
test_accuracy,31,0.6296
test_accuracy,32,0.6828
test_accuracy,33,0.6888
test_accuracy,34,0.6991
test_accuracy,35,0.6996
test_accuracy,36,0.6533
test_accuracy,37,0.6191
test_accuracy,38,0.6564
test_accuracy,39,0.6982
test_accuracy,40,0.6963
test_accuracy,41,0.7215
test_accuracy,42,0.7221
test_accuracy,43,0.7217
test_accuracy,44,0.7212
test_accuracy,45,0.7225
test_accuracy,46,0.7211
test_accuracy,47,0.7204
test_accuracy,48,0.7202
test_accuracy,49,0.7206
test_accuracy,50,0.7227
test_accuracy,51,0.7218
test_accuracy,52,0.7227
test_accuracy,53,0.7223
test_accuracy,54,0.7207
test_accuracy,55,0.7234
test_accuracy,56,0.7208
test_accuracy,57,0.722
test_accuracy,58,0.7186
test_accuracy,59,0.7204
