test_accuracy,0,0.5424
test_accuracy,1,0.6154
test_accuracy,2,0.6258
test_accuracy,3,0.6407
test_accuracy,4,0.662
test_accuracy,5,0.6842
test_accuracy,6,0.6592
test_accuracy,7,0.6719
test_accuracy,8,0.6899
test_accuracy,9,0.7254
test_accuracy,10,0.6676
test_accuracy,11,0.755
test_accuracy,12,0.7658
test_accuracy,13,0.7764
test_accuracy,14,0.7812
test_accuracy,15,0.7799
test_accuracy,16,0.7784
test_accuracy,17,0.7807
test_accuracy,18,0.7808
test_accuracy,19,0.7801
test_accuracy,20,0.7789
test_accuracy,21,0.7801
test_accuracy,22,0.7816
test_accuracy,23,0.7805
test_accuracy,24,0.7829
test_accuracy,25,0.7834
test_accuracy,26,0.7808
test_accuracy,27,0.7817
test_accuracy,28,0.7814
test_accuracy,29,0.7805
test_accuracy,30,0.7803
test_accuracy,31,0.7812
test_accuracy,32,0.7807
test_accuracy,33,0.7811
test_accuracy,34,0.7822
test_accuracy,35,0.7812
test_accuracy,36,0.7813
test_accuracy,37,0.7808
test_accuracy,38,0.7808
test_accuracy,39,0.7798
test_accuracy,40,0.7808
test_accuracy,41,0.7807
test_accuracy,42,0.7794
test_accuracy,43,0.7823
test_accuracy,44,0.7806
test_accuracy,45,0.7826
test_accuracy,46,0.7802
test_accuracy,47,0.7807
test_accuracy,48,0.7811
test_accuracy,49,0.7823
test_accuracy,50,0.781
test_accuracy,51,0.7813
test_accuracy,52,0.7798
test_accuracy,53,0.7811
test_accuracy,54,0.7811
test_accuracy,55,0.7813
test_accuracy,56,0.7813
test_accuracy,57,0.7818
test_accuracy,58,0.7808
test_accuracy,59,0.7808
