test_accuracy,0,0.4719
test_accuracy,1,0.6598
test_accuracy,2,0.6525
test_accuracy,3,0.6841
test_accuracy,4,0.7103
test_accuracy,5,0.7016
test_accuracy,6,0.7182
test_accuracy,7,0.7151
test_accuracy,8,0.696
test_accuracy,9,0.736
test_accuracy,10,0.7642
test_accuracy,11,0.7638
test_accuracy,12,0.7754
test_accuracy,13,0.7822
test_accuracy,14,0.7837
test_accuracy,15,0.7836
test_accuracy,16,0.7875
test_accuracy,17,0.7869
test_accuracy,18,0.785
test_accuracy,19,0.7869
test_accuracy,20,0.7864
test_accuracy,21,0.7875
test_accuracy,22,0.7877
test_accuracy,23,0.7896
test_accuracy,24,0.787
test_accuracy,25,0.788
test_accuracy,26,0.7879
test_accuracy,27,0.7893
test_accuracy,28,0.7885
test_accuracy,29,0.7888
test_accuracy,30,0.7891
test_accuracy,31,0.7891
test_accuracy,32,0.7895
test_accuracy,33,0.7895
test_accuracy,34,0.7897
test_accuracy,35,0.7899
test_accuracy,36,0.7888
test_accuracy,37,0.7888
test_accuracy,38,0.7916
test_accuracy,39,0.7897
test_accuracy,40,0.7889
test_accuracy,41,0.7886
test_accuracy,42,0.7888
test_accuracy,43,0.7908
test_accuracy,44,0.7896
test_accuracy,45,0.7908
test_accuracy,46,0.7899
test_accuracy,47,0.7897
test_accuracy,48,0.79
test_accuracy,49,0.7907
test_accuracy,50,0.7903
test_accuracy,51,0.7894
test_accuracy,52,0.7909
test_accuracy,53,0.7902
test_accuracy,54,0.7888
test_accuracy,55,0.7896
test_accuracy,56,0.7898
test_accuracy,57,0.7905
test_accuracy,58,0.7896
test_accuracy,59,0.7911
