test_accuracy,0,0.571
test_accuracy,1,0.6112
test_accuracy,2,0.5842
test_accuracy,3,0.6312
test_accuracy,4,0.4995
test_accuracy,5,0.6624
test_accuracy,6,0.6848
test_accuracy,7,0.6379
test_accuracy,8,0.667
test_accuracy,9,0.7047
test_accuracy,10,0.7142
test_accuracy,11,0.7019
test_accuracy,12,0.7151
test_accuracy,13,0.684
test_accuracy,14,0.7103
test_accuracy,15,0.7501
test_accuracy,16,0.7523
test_accuracy,17,0.7637
test_accuracy,18,0.7642
test_accuracy,19,0.7625
test_accuracy,20,0.7633
test_accuracy,21,0.7643
test_accuracy,22,0.7624
test_accuracy,23,0.7653
test_accuracy,24,0.7648
test_accuracy,25,0.7623
test_accuracy,26,0.7639
test_accuracy,27,0.766
test_accuracy,28,0.7656
test_accuracy,29,0.7637
test_accuracy,30,0.764
test_accuracy,31,0.7634
test_accuracy,32,0.7629
test_accuracy,33,0.7638
test_accuracy,34,0.7635
test_accuracy,35,0.7651
test_accuracy,36,0.7648
test_accuracy,37,0.7636
test_accuracy,38,0.7642
test_accuracy,39,0.765
test_accuracy,40,0.762
test_accuracy,41,0.7642
test_accuracy,42,0.7653
test_accuracy,43,0.765
test_accuracy,44,0.7641
test_accuracy,45,0.7648
test_accuracy,46,0.7631
test_accuracy,47,0.7645
test_accuracy,48,0.7619
test_accuracy,49,0.7655
test_accuracy,50,0.7635
test_accuracy,51,0.7637
test_accuracy,52,0.7646
test_accuracy,53,0.7641
test_accuracy,54,0.7651
test_accuracy,55,0.764
test_accuracy,56,0.7646
test_accuracy,57,0.7635
test_accuracy,58,0.7638
test_accuracy,59,0.7639
