test_accuracy,0,0.0953
test_accuracy,1,0.1437
test_accuracy,2,0.1
test_accuracy,3,0.1607
test_accuracy,4,0.2068
test_accuracy,5,0.1911
test_accuracy,6,0.2265
test_accuracy,7,0.2537
test_accuracy,8,0.24
test_accuracy,9,0.2614
test_accuracy,10,0.2746
test_accuracy,11,0.2816
test_accuracy,12,0.2783
test_accuracy,13,0.2757
test_accuracy,14,0.2777
test_accuracy,15,0.2883
test_accuracy,16,0.3292
test_accuracy,17,0.3087
test_accuracy,18,0.3321
test_accuracy,19,0.3341
test_accuracy,20,0.3312
test_accuracy,21,0.3426
test_accuracy,22,0.2773
test_accuracy,23,0.316
test_accuracy,24,0.3505
test_accuracy,25,0.3547
test_accuracy,26,0.3714
test_accuracy,27,0.3314
test_accuracy,28,0.3456
test_accuracy,29,0.3212
test_accuracy,30,0.3052
test_accuracy,31,0.3544
test_accuracy,32,0.3729
test_accuracy,33,0.3628
test_accuracy,34,0.3984
test_accuracy,35,0.3766
test_accuracy,36,0.3964
test_accuracy,37,0.3705
test_accuracy,38,0.3884
test_accuracy,39,0.4023
test_accuracy,40,0.3964
test_accuracy,41,0.4015
test_accuracy,42,0.3893
test_accuracy,43,0.3934
test_accuracy,44,0.4107
test_accuracy,45,0.3983
test_accuracy,46,0.3975
test_accuracy,47,0.4003
test_accuracy,48,0.4007
test_accuracy,49,0.3944
test_accuracy,50,0.3962
test_accuracy,51,0.3939
test_accuracy,52,0.4042
test_accuracy,53,0.3956
test_accuracy,54,0.4078
test_accuracy,55,0.3942
test_accuracy,56,0.3933
test_accuracy,57,0.393
test_accuracy,58,0.3959
test_accuracy,59,0.3927
