test_accuracy,0,0.1
test_accuracy,1,0.1
test_accuracy,2,0.1
test_accuracy,3,0.1
test_accuracy,4,0.1573
test_accuracy,5,0.1843
test_accuracy,6,0.183
test_accuracy,7,0.1881
test_accuracy,8,0.2218
test_accuracy,9,0.2347
test_accuracy,10,0.2859
test_accuracy,11,0.2764
test_accuracy,12,0.2845
test_accuracy,13,0.3062
test_accuracy,14,0.2799
test_accuracy,15,0.285
test_accuracy,16,0.3364
test_accuracy,17,0.3527
test_accuracy,18,0.3558
test_accuracy,19,0.3615
test_accuracy,20,0.3713
test_accuracy,21,0.3724
test_accuracy,22,0.377
test_accuracy,23,0.3683
test_accuracy,24,0.3946
test_accuracy,25,0.382
test_accuracy,26,0.4076
test_accuracy,27,0.3643
test_accuracy,28,0.393
test_accuracy,29,0.4009
test_accuracy,30,0.4141
test_accuracy,31,0.4196
test_accuracy,32,0.3668
test_accuracy,33,0.4225
test_accuracy,34,0.4104
test_accuracy,35,0.2752
test_accuracy,36,0.3553
test_accuracy,37,0.4178
test_accuracy,38,0.4062
test_accuracy,39,0.3735
test_accuracy,40,0.4224
test_accuracy,41,0.4454
test_accuracy,42,0.4312
test_accuracy,43,0.4475
test_accuracy,44,0.4332
test_accuracy,45,0.4477
test_accuracy,46,0.4424
test_accuracy,47,0.4435
test_accuracy,48,0.4336
test_accuracy,49,0.4467
test_accuracy,50,0.4372
test_accuracy,51,0.4405
test_accuracy,52,0.4456
test_accuracy,53,0.4419
test_accuracy,54,0.4419
test_accuracy,55,0.4465
test_accuracy,56,0.4409
test_accuracy,57,0.4318
test_accuracy,58,0.4318
test_accuracy,59,0.4459
