test_accuracy,0,0.5346
test_accuracy,1,0.6233
test_accuracy,2,0.6366
test_accuracy,3,0.612
test_accuracy,4,0.6392
test_accuracy,5,0.6674
test_accuracy,6,0.6978
test_accuracy,7,0.7059
test_accuracy,8,0.6424
test_accuracy,9,0.6078
test_accuracy,10,0.6889
test_accuracy,11,0.6725
test_accuracy,12,0.6448
test_accuracy,13,0.69
test_accuracy,14,0.7084
test_accuracy,15,0.6827
test_accuracy,16,0.7361
test_accuracy,17,0.7516
test_accuracy,18,0.7487
test_accuracy,19,0.7568
test_accuracy,20,0.7545
test_accuracy,21,0.7548
test_accuracy,22,0.7564
test_accuracy,23,0.7555
test_accuracy,24,0.7561
test_accuracy,25,0.7588
test_accuracy,26,0.7578
test_accuracy,27,0.7591
test_accuracy,28,0.7576
test_accuracy,29,0.7585
test_accuracy,30,0.7587
test_accuracy,31,0.7597
test_accuracy,32,0.7587
test_accuracy,33,0.7587
test_accuracy,34,0.7569
test_accuracy,35,0.7589
test_accuracy,36,0.7581
test_accuracy,37,0.7601
test_accuracy,38,0.7599
test_accuracy,39,0.7595
test_accuracy,40,0.7608
test_accuracy,41,0.7601
test_accuracy,42,0.7608
test_accuracy,43,0.7593
test_accuracy,44,0.7592
test_accuracy,45,0.7597
test_accuracy,46,0.7619
test_accuracy,47,0.7605
test_accuracy,48,0.7615
test_accuracy,49,0.7615
test_accuracy,50,0.7607
test_accuracy,51,0.7583
test_accuracy,52,0.76
test_accuracy,53,0.76
test_accuracy,54,0.7608
test_accuracy,55,0.7602
test_accuracy,56,0.7588
test_accuracy,57,0.7596
test_accuracy,58,0.7596
test_accuracy,59,0.7592
