test_accuracy,0,0.4281
test_accuracy,1,0.5461
test_accuracy,2,0.5355
test_accuracy,3,0.6469
test_accuracy,4,0.5762
test_accuracy,5,0.6038
test_accuracy,6,0.5675
test_accuracy,7,0.5918
test_accuracy,8,0.6835
test_accuracy,9,0.6635
test_accuracy,10,0.6171
test_accuracy,11,0.6724
test_accuracy,12,0.6276
test_accuracy,13,0.5523
test_accuracy,14,0.6948
test_accuracy,15,0.6874
test_accuracy,16,0.6717
test_accuracy,17,0.7008
test_accuracy,18,0.6654
test_accuracy,19,0.65
test_accuracy,20,0.6432
test_accuracy,21,0.5711
test_accuracy,22,0.6861
test_accuracy,23,0.647
test_accuracy,24,0.6932
test_accuracy,25,0.6806
test_accuracy,26,0.667
test_accuracy,27,0.7003
test_accuracy,28,0.6985
test_accuracy,29,0.6732
test_accuracy,30,0.6824
test_accuracy,31,0.6884
test_accuracy,32,0.6929
test_accuracy,33,0.6565
test_accuracy,34,0.6155
test_accuracy,35,0.6828
test_accuracy,36,0.6867
test_accuracy,37,0.695
test_accuracy,38,0.682
test_accuracy,39,0.6845
test_accuracy,40,0.6511
test_accuracy,41,0.7203
test_accuracy,42,0.7205
test_accuracy,43,0.7228
test_accuracy,44,0.722
test_accuracy,45,0.7237
test_accuracy,46,0.7224
test_accuracy,47,0.7198
test_accuracy,48,0.7211
test_accuracy,49,0.7247
test_accuracy,50,0.7235
test_accuracy,51,0.7202
test_accuracy,52,0.7217
test_accuracy,53,0.7214
test_accuracy,54,0.7228
test_accuracy,55,0.7215
test_accuracy,56,0.7228
test_accuracy,57,0.7222
test_accuracy,58,0.7205
test_accuracy,59,0.7216
