test_accuracy,0,0.5972
test_accuracy,1,0.4055
test_accuracy,2,0.5957
test_accuracy,3,0.6809
test_accuracy,4,0.7047
test_accuracy,5,0.6693
test_accuracy,6,0.6136
test_accuracy,7,0.5728
test_accuracy,8,0.6688
test_accuracy,9,0.7308
test_accuracy,10,0.7016
test_accuracy,11,0.7132
test_accuracy,12,0.7578
test_accuracy,13,0.7685
test_accuracy,14,0.7697
test_accuracy,15,0.7741
test_accuracy,16,0.7758
test_accuracy,17,0.7754
test_accuracy,18,0.7762
test_accuracy,19,0.7761
test_accuracy,20,0.7757
test_accuracy,21,0.7747
test_accuracy,22,0.7772
test_accuracy,23,0.7742
test_accuracy,24,0.7752
test_accuracy,25,0.7744
test_accuracy,26,0.7754
test_accuracy,27,0.7743
test_accuracy,28,0.7758
test_accuracy,29,0.7763
test_accuracy,30,0.7767
test_accuracy,31,0.7756
test_accuracy,32,0.7762
test_accuracy,33,0.7757
test_accuracy,34,0.7757
test_accuracy,35,0.7745
test_accuracy,36,0.776
test_accuracy,37,0.7765
test_accuracy,38,0.7759
test_accuracy,39,0.776
test_accuracy,40,0.7772
test_accuracy,41,0.7768
test_accuracy,42,0.7758
test_accuracy,43,0.7759
test_accuracy,44,0.7765
test_accuracy,45,0.776
test_accuracy,46,0.7772
test_accuracy,47,0.7764
test_accuracy,48,0.7767
test_accuracy,49,0.7758
test_accuracy,50,0.7747
test_accuracy,51,0.7763
test_accuracy,52,0.7764
test_accuracy,53,0.776
test_accuracy,54,0.7769
test_accuracy,55,0.7767
test_accuracy,56,0.7755
test_accuracy,57,0.7755
test_accuracy,58,0.7752
test_accuracy,59,0.7757
