test_accuracy,0,0.5352
test_accuracy,1,0.5621
test_accuracy,2,0.5988
test_accuracy,3,0.5741
test_accuracy,4,0.6375
test_accuracy,5,0.6827
test_accuracy,6,0.6446
test_accuracy,7,0.6234
test_accuracy,8,0.702
test_accuracy,9,0.6819
test_accuracy,10,0.6792
test_accuracy,11,0.7029
test_accuracy,12,0.5132
test_accuracy,13,0.6303
test_accuracy,14,0.6885
test_accuracy,15,0.7177
test_accuracy,16,0.6918
test_accuracy,17,0.6834
test_accuracy,18,0.7101
test_accuracy,19,0.6436
test_accuracy,20,0.7114
test_accuracy,21,0.7283
test_accuracy,22,0.7151
test_accuracy,23,0.7062
test_accuracy,24,0.7069
test_accuracy,25,0.7033
test_accuracy,26,0.7393
test_accuracy,27,0.7382
test_accuracy,28,0.7408
test_accuracy,29,0.7437
test_accuracy,30,0.7397
test_accuracy,31,0.7462
test_accuracy,32,0.746
test_accuracy,33,0.7445
test_accuracy,34,0.7487
test_accuracy,35,0.7474
test_accuracy,36,0.7481
test_accuracy,37,0.749
test_accuracy,38,0.7491
test_accuracy,39,0.7471
test_accuracy,40,0.7495
test_accuracy,41,0.7503
test_accuracy,42,0.7477
test_accuracy,43,0.7504
test_accuracy,44,0.7508
test_accuracy,45,0.751
test_accuracy,46,0.7493
test_accuracy,47,0.75
test_accuracy,48,0.7505
test_accuracy,49,0.7492
test_accuracy,50,0.7508
test_accuracy,51,0.7502
test_accuracy,52,0.7499
test_accuracy,53,0.7507
test_accuracy,54,0.7506
test_accuracy,55,0.7504
test_accuracy,56,0.7507
test_accuracy,57,0.7522
test_accuracy,58,0.7499
test_accuracy,59,0.7492
