test_accuracy,0,0.1
test_accuracy,1,0.4315
test_accuracy,2,0.5519
test_accuracy,3,0.6043
test_accuracy,4,0.532
test_accuracy,5,0.5339
test_accuracy,6,0.4954
test_accuracy,7,0.6768
test_accuracy,8,0.6497
test_accuracy,9,0.6257
test_accuracy,10,0.709
test_accuracy,11,0.6523
test_accuracy,12,0.6107
test_accuracy,13,0.6828
test_accuracy,14,0.5528
test_accuracy,15,0.6412
test_accuracy,16,0.7075
test_accuracy,17,0.711
test_accuracy,18,0.6617
test_accuracy,19,0.7022
test_accuracy,20,0.679
test_accuracy,21,0.6893
test_accuracy,22,0.6737
test_accuracy,23,0.699
test_accuracy,24,0.6831
test_accuracy,25,0.6503
test_accuracy,26,0.7002
test_accuracy,27,0.6937
test_accuracy,28,0.6709
test_accuracy,29,0.7096
test_accuracy,30,0.6711
test_accuracy,31,0.6856
test_accuracy,32,0.7109
test_accuracy,33,0.6279
test_accuracy,34,0.7205
test_accuracy,35,0.687
test_accuracy,36,0.7141
test_accuracy,37,0.6901
test_accuracy,38,0.711
test_accuracy,39,0.7022
test_accuracy,40,0.6977
test_accuracy,41,0.7384
test_accuracy,42,0.7407
test_accuracy,43,0.7405
test_accuracy,44,0.7407
test_accuracy,45,0.7423
test_accuracy,46,0.7422
test_accuracy,47,0.7402
test_accuracy,48,0.7408
test_accuracy,49,0.7417
test_accuracy,50,0.7412
test_accuracy,51,0.7407
test_accuracy,52,0.7421
test_accuracy,53,0.7426
test_accuracy,54,0.7394
test_accuracy,55,0.7384
test_accuracy,56,0.7409
test_accuracy,57,0.7378
test_accuracy,58,0.7391
test_accuracy,59,0.7383
