test_accuracy,0,0.1
test_accuracy,1,0.519
test_accuracy,2,0.6099
test_accuracy,3,0.6337
test_accuracy,4,0.6299
test_accuracy,5,0.6254
test_accuracy,6,0.6563
test_accuracy,7,0.6761
test_accuracy,8,0.6793
test_accuracy,9,0.6844
test_accuracy,10,0.6731
test_accuracy,11,0.6557
test_accuracy,12,0.7312
test_accuracy,13,0.6717
test_accuracy,14,0.7159
test_accuracy,15,0.7358
test_accuracy,16,0.6791
test_accuracy,17,0.7456
test_accuracy,18,0.7405
test_accuracy,19,0.7257
test_accuracy,20,0.7014
test_accuracy,21,0.7151
test_accuracy,22,0.722
test_accuracy,23,0.7361
test_accuracy,24,0.7344
test_accuracy,25,0.7505
test_accuracy,26,0.7182
test_accuracy,27,0.7538
test_accuracy,28,0.742
test_accuracy,29,0.7311
test_accuracy,30,0.7448
test_accuracy,31,0.7504
test_accuracy,32,0.7557
test_accuracy,33,0.7626
test_accuracy,34,0.7723
test_accuracy,35,0.7574
test_accuracy,36,0.7734
test_accuracy,37,0.7709
test_accuracy,38,0.7776
test_accuracy,39,0.7765
test_accuracy,40,0.7731
test_accuracy,41,0.777
test_accuracy,42,0.7767
test_accuracy,43,0.7748
test_accuracy,44,0.7762
test_accuracy,45,0.7773
test_accuracy,46,0.7768
test_accuracy,47,0.7755
test_accuracy,48,0.776
test_accuracy,49,0.7763
test_accuracy,50,0.7753
test_accuracy,51,0.7757
test_accuracy,52,0.7766
test_accuracy,53,0.775
test_accuracy,54,0.7768
test_accuracy,55,0.7759
test_accuracy,56,0.7768
test_accuracy,57,0.7763
test_accuracy,58,0.7772
test_accuracy,59,0.7768
