test_accuracy,0,0.4987
test_accuracy,1,0.5505
test_accuracy,2,0.711
test_accuracy,3,0.6187
test_accuracy,4,0.6909
test_accuracy,5,0.7137
test_accuracy,6,0.6969
test_accuracy,7,0.6925
test_accuracy,8,0.7561
test_accuracy,9,0.7261
test_accuracy,10,0.7548
test_accuracy,11,0.7695
test_accuracy,12,0.7884
test_accuracy,13,0.7819
test_accuracy,14,0.8034
test_accuracy,15,0.8018
test_accuracy,16,0.8027
test_accuracy,17,0.8037
test_accuracy,18,0.8046
test_accuracy,19,0.8043
test_accuracy,20,0.8043
test_accuracy,21,0.8045
test_accuracy,22,0.8044
test_accuracy,23,0.8045
test_accuracy,24,0.8048
test_accuracy,25,0.8045
test_accuracy,26,0.8044
test_accuracy,27,0.8064
test_accuracy,28,0.8062
test_accuracy,29,0.8063
test_accuracy,30,0.806
test_accuracy,31,0.8063
test_accuracy,32,0.8059
test_accuracy,33,0.807
test_accuracy,34,0.8059
test_accuracy,35,0.8067
test_accuracy,36,0.8059
test_accuracy,37,0.8063
test_accuracy,38,0.8052
test_accuracy,39,0.8054
test_accuracy,40,0.8051
test_accuracy,41,0.8067
test_accuracy,42,0.8066
test_accuracy,43,0.8068
test_accuracy,44,0.8073
test_accuracy,45,0.8064
test_accuracy,46,0.805
test_accuracy,47,0.8056
test_accuracy,48,0.8054
test_accuracy,49,0.8038
test_accuracy,50,0.8076
test_accuracy,51,0.8059
test_accuracy,52,0.806
test_accuracy,53,0.8072
test_accuracy,54,0.8065
test_accuracy,55,0.8066
test_accuracy,56,0.806
test_accuracy,57,0.8055
test_accuracy,58,0.8063
test_accuracy,59,0.8057
