test_accuracy,0,0.1
test_accuracy,1,0.5525
test_accuracy,2,0.457
test_accuracy,3,0.7379
test_accuracy,4,0.7231
test_accuracy,5,0.6938
test_accuracy,6,0.7165
test_accuracy,7,0.717
test_accuracy,8,0.6355
test_accuracy,9,0.7503
test_accuracy,10,0.709
test_accuracy,11,0.7062
test_accuracy,12,0.7743
test_accuracy,13,0.7856
test_accuracy,14,0.7944
test_accuracy,15,0.796
test_accuracy,16,0.7974
test_accuracy,17,0.7984
test_accuracy,18,0.7996
test_accuracy,19,0.7996
test_accuracy,20,0.8
test_accuracy,21,0.8
test_accuracy,22,0.7989
test_accuracy,23,0.7982
test_accuracy,24,0.8011
test_accuracy,25,0.7985
test_accuracy,26,0.7997
test_accuracy,27,0.8004
test_accuracy,28,0.7989
test_accuracy,29,0.7993
test_accuracy,30,0.7999
test_accuracy,31,0.8004
test_accuracy,32,0.7996
test_accuracy,33,0.7981
test_accuracy,34,0.799
test_accuracy,35,0.8
test_accuracy,36,0.7998
test_accuracy,37,0.7994
test_accuracy,38,0.7995
test_accuracy,39,0.8001
test_accuracy,40,0.7991
test_accuracy,41,0.8002
test_accuracy,42,0.8009
test_accuracy,43,0.7997
test_accuracy,44,0.8007
test_accuracy,45,0.8001
test_accuracy,46,0.7992
test_accuracy,47,0.8006
test_accuracy,48,0.8002
test_accuracy,49,0.8005
test_accuracy,50,0.7991
test_accuracy,51,0.8015
test_accuracy,52,0.8011
test_accuracy,53,0.7996
test_accuracy,54,0.8004
test_accuracy,55,0.7997
test_accuracy,56,0.8
test_accuracy,57,0.8005
test_accuracy,58,0.8013
test_accuracy,59,0.8001
