test_accuracy,0,0.1
test_accuracy,1,0.4599
test_accuracy,2,0.4894
test_accuracy,3,0.6225
test_accuracy,4,0.5961
test_accuracy,5,0.5634
test_accuracy,6,0.4737
test_accuracy,7,0.6706
test_accuracy,8,0.6698
test_accuracy,9,0.435
test_accuracy,10,0.6894
test_accuracy,11,0.6574
test_accuracy,12,0.6851
test_accuracy,13,0.6548
test_accuracy,14,0.6541
test_accuracy,15,0.651
test_accuracy,16,0.6864
test_accuracy,17,0.6953
test_accuracy,18,0.6642
test_accuracy,19,0.7009
test_accuracy,20,0.6961
test_accuracy,21,0.6168
test_accuracy,22,0.6958
test_accuracy,23,0.6541
test_accuracy,24,0.6871
test_accuracy,25,0.679
test_accuracy,26,0.6627
test_accuracy,27,0.6842
test_accuracy,28,0.6923
test_accuracy,29,0.691
test_accuracy,30,0.6994
test_accuracy,31,0.7053
test_accuracy,32,0.7101
test_accuracy,33,0.7097
test_accuracy,34,0.6957
test_accuracy,35,0.697
test_accuracy,36,0.697
test_accuracy,37,0.6698
test_accuracy,38,0.7063
test_accuracy,39,0.677
test_accuracy,40,0.6513
test_accuracy,41,0.7381
test_accuracy,42,0.7386
test_accuracy,43,0.7356
test_accuracy,44,0.7363
test_accuracy,45,0.7365
test_accuracy,46,0.7362
test_accuracy,47,0.7376
test_accuracy,48,0.7356
test_accuracy,49,0.7382
test_accuracy,50,0.7364
test_accuracy,51,0.7351
test_accuracy,52,0.7347
test_accuracy,53,0.7336
test_accuracy,54,0.7358
test_accuracy,55,0.7343
test_accuracy,56,0.734
test_accuracy,57,0.7346
test_accuracy,58,0.7333
test_accuracy,59,0.7355
