test_accuracy,0,0.5312
test_accuracy,1,0.5285
test_accuracy,2,0.6911
test_accuracy,3,0.6588
test_accuracy,4,0.6356
test_accuracy,5,0.672
test_accuracy,6,0.5956
test_accuracy,7,0.7391
test_accuracy,8,0.7403
test_accuracy,9,0.741
test_accuracy,10,0.7698
test_accuracy,11,0.7614
test_accuracy,12,0.7984
test_accuracy,13,0.8047
test_accuracy,14,0.809
test_accuracy,15,0.8118
test_accuracy,16,0.8126
test_accuracy,17,0.8123
test_accuracy,18,0.8124
test_accuracy,19,0.8131
test_accuracy,20,0.8113
test_accuracy,21,0.8138
test_accuracy,22,0.8112
test_accuracy,23,0.8123
test_accuracy,24,0.8125
test_accuracy,25,0.8121
test_accuracy,26,0.8121
test_accuracy,27,0.8132
test_accuracy,28,0.8122
test_accuracy,29,0.8132
test_accuracy,30,0.8128
test_accuracy,31,0.8125
test_accuracy,32,0.8131
test_accuracy,33,0.8127
test_accuracy,34,0.8138
test_accuracy,35,0.8116
test_accuracy,36,0.8126
test_accuracy,37,0.8133
test_accuracy,38,0.8123
test_accuracy,39,0.8123
test_accuracy,40,0.813
test_accuracy,41,0.8138
test_accuracy,42,0.8122
test_accuracy,43,0.8129
test_accuracy,44,0.8134
test_accuracy,45,0.8113
test_accuracy,46,0.8134
test_accuracy,47,0.8131
test_accuracy,48,0.8132
test_accuracy,49,0.8121
test_accuracy,50,0.8123
test_accuracy,51,0.8131
test_accuracy,52,0.8129
test_accuracy,53,0.8135
test_accuracy,54,0.8126
test_accuracy,55,0.8128
test_accuracy,56,0.8125
test_accuracy,57,0.8134
test_accuracy,58,0.8134
test_accuracy,59,0.8119
