test_accuracy,0,0.1
test_accuracy,1,0.4156
test_accuracy,2,0.6574
test_accuracy,3,0.6586
test_accuracy,4,0.6982
test_accuracy,5,0.6062
test_accuracy,6,0.6931
test_accuracy,7,0.6748
test_accuracy,8,0.7149
test_accuracy,9,0.7115
test_accuracy,10,0.7323
test_accuracy,11,0.7106
test_accuracy,12,0.7324
test_accuracy,13,0.6927
test_accuracy,14,0.7077
test_accuracy,15,0.6153
test_accuracy,16,0.7263
test_accuracy,17,0.7257
test_accuracy,18,0.7359
test_accuracy,19,0.7539
test_accuracy,20,0.7101
test_accuracy,21,0.7214
test_accuracy,22,0.6696
test_accuracy,23,0.6783
test_accuracy,24,0.751
test_accuracy,25,0.7436
test_accuracy,26,0.7459
test_accuracy,27,0.7471
test_accuracy,28,0.7645
test_accuracy,29,0.7589
test_accuracy,30,0.7552
test_accuracy,31,0.7504
test_accuracy,32,0.7421
test_accuracy,33,0.7633
test_accuracy,34,0.7607
test_accuracy,35,0.7498
test_accuracy,36,0.7664
test_accuracy,37,0.7351
test_accuracy,38,0.7688
test_accuracy,39,0.7666
test_accuracy,40,0.7701
test_accuracy,41,0.7727
test_accuracy,42,0.7733
test_accuracy,43,0.774
test_accuracy,44,0.775
test_accuracy,45,0.7737
test_accuracy,46,0.7749
test_accuracy,47,0.7744
test_accuracy,48,0.774
test_accuracy,49,0.7737
test_accuracy,50,0.7745
test_accuracy,51,0.7762
test_accuracy,52,0.7749
test_accuracy,53,0.7749
test_accuracy,54,0.7746
test_accuracy,55,0.7746
test_accuracy,56,0.7735
test_accuracy,57,0.7748
test_accuracy,58,0.775
test_accuracy,59,0.7746
