test_accuracy,0,0.1
test_accuracy,1,0.6112
test_accuracy,2,0.6269
test_accuracy,3,0.4867
test_accuracy,4,0.6329
test_accuracy,5,0.684
test_accuracy,6,0.6898
test_accuracy,7,0.676
test_accuracy,8,0.6783
test_accuracy,9,0.6798
test_accuracy,10,0.677
test_accuracy,11,0.7061
test_accuracy,12,0.7326
test_accuracy,13,0.7194
test_accuracy,14,0.7206
test_accuracy,15,0.7518
test_accuracy,16,0.7642
test_accuracy,17,0.7713
test_accuracy,18,0.7788
test_accuracy,19,0.7882
test_accuracy,20,0.7894
test_accuracy,21,0.7887
test_accuracy,22,0.7887
test_accuracy,23,0.7914
test_accuracy,24,0.79
test_accuracy,25,0.7914
test_accuracy,26,0.7911
test_accuracy,27,0.7913
test_accuracy,28,0.7912
test_accuracy,29,0.7907
test_accuracy,30,0.791
test_accuracy,31,0.7925
test_accuracy,32,0.7912
test_accuracy,33,0.7921
test_accuracy,34,0.7902
test_accuracy,35,0.79
test_accuracy,36,0.7915
test_accuracy,37,0.7909
test_accuracy,38,0.7899
test_accuracy,39,0.7902
test_accuracy,40,0.791
test_accuracy,41,0.7908
test_accuracy,42,0.7905
test_accuracy,43,0.791
test_accuracy,44,0.7898
test_accuracy,45,0.7904
test_accuracy,46,0.7903
test_accuracy,47,0.7901
test_accuracy,48,0.7911
test_accuracy,49,0.7912
test_accuracy,50,0.7907
test_accuracy,51,0.7914
test_accuracy,52,0.792
test_accuracy,53,0.7909
test_accuracy,54,0.7899
test_accuracy,55,0.7902
test_accuracy,56,0.791
test_accuracy,57,0.791
test_accuracy,58,0.7903
test_accuracy,59,0.7909
