test_accuracy,0,0.4455
test_accuracy,1,0.5162
test_accuracy,2,0.5594
test_accuracy,3,0.6381
test_accuracy,4,0.6422
test_accuracy,5,0.6324
test_accuracy,6,0.6443
test_accuracy,7,0.6503
test_accuracy,8,0.675
test_accuracy,9,0.6563
test_accuracy,10,0.5776
test_accuracy,11,0.6102
test_accuracy,12,0.6892
test_accuracy,13,0.6919
test_accuracy,14,0.6328
test_accuracy,15,0.6808
test_accuracy,16,0.6755
test_accuracy,17,0.6577
test_accuracy,18,0.6398
test_accuracy,19,0.6467
test_accuracy,20,0.707
test_accuracy,21,0.6442
test_accuracy,22,0.6763
test_accuracy,23,0.6901
test_accuracy,24,0.6696
test_accuracy,25,0.6797
test_accuracy,26,0.7057
test_accuracy,27,0.692
test_accuracy,28,0.6652
test_accuracy,29,0.7056
test_accuracy,30,0.6806
test_accuracy,31,0.6803
test_accuracy,32,0.705
test_accuracy,33,0.6397
test_accuracy,34,0.6814
test_accuracy,35,0.6583
test_accuracy,36,0.6957
test_accuracy,37,0.7024
test_accuracy,38,0.6506
test_accuracy,39,0.6733
test_accuracy,40,0.6989
test_accuracy,41,0.727
test_accuracy,42,0.7294
test_accuracy,43,0.7293
test_accuracy,44,0.7263
test_accuracy,45,0.728
test_accuracy,46,0.7265
test_accuracy,47,0.7272
test_accuracy,48,0.7284
test_accuracy,49,0.726
test_accuracy,50,0.7263
test_accuracy,51,0.7279
test_accuracy,52,0.7285
test_accuracy,53,0.7252
test_accuracy,54,0.7267
test_accuracy,55,0.727
test_accuracy,56,0.7272
test_accuracy,57,0.7271
test_accuracy,58,0.7252
test_accuracy,59,0.7272
