test_accuracy,0,0.5369
test_accuracy,1,0.5082
test_accuracy,2,0.5981
test_accuracy,3,0.6477
test_accuracy,4,0.6226
test_accuracy,5,0.6833
test_accuracy,6,0.5688
test_accuracy,7,0.6718
test_accuracy,8,0.6689
test_accuracy,9,0.5745
test_accuracy,10,0.6737
test_accuracy,11,0.62
test_accuracy,12,0.6609
test_accuracy,13,0.6889
test_accuracy,14,0.6468
test_accuracy,15,0.6902
test_accuracy,16,0.7008
test_accuracy,17,0.676
test_accuracy,18,0.7114
test_accuracy,19,0.72
test_accuracy,20,0.7291
test_accuracy,21,0.7244
test_accuracy,22,0.6958
test_accuracy,23,0.7229
test_accuracy,24,0.7338
test_accuracy,25,0.7322
test_accuracy,26,0.7295
test_accuracy,27,0.7475
test_accuracy,28,0.7459
test_accuracy,29,0.7554
test_accuracy,30,0.7547
test_accuracy,31,0.7537
test_accuracy,32,0.756
test_accuracy,33,0.7579
test_accuracy,34,0.7536
test_accuracy,35,0.7581
test_accuracy,36,0.7567
test_accuracy,37,0.757
test_accuracy,38,0.7568
test_accuracy,39,0.7538
test_accuracy,40,0.7549
test_accuracy,41,0.7571
test_accuracy,42,0.7569
test_accuracy,43,0.7574
test_accuracy,44,0.7573
test_accuracy,45,0.7572
test_accuracy,46,0.7581
test_accuracy,47,0.7569
test_accuracy,48,0.7565
test_accuracy,49,0.7572
test_accuracy,50,0.7579
test_accuracy,51,0.7577
test_accuracy,52,0.7583
test_accuracy,53,0.757
test_accuracy,54,0.758
test_accuracy,55,0.7582
test_accuracy,56,0.7564
test_accuracy,57,0.7555
test_accuracy,58,0.7563
test_accuracy,59,0.757
