test_accuracy,0,0.5629
test_accuracy,1,0.5992
test_accuracy,2,0.54
test_accuracy,3,0.6459
test_accuracy,4,0.6105
test_accuracy,5,0.4432
test_accuracy,6,0.671
test_accuracy,7,0.6407
test_accuracy,8,0.6739
test_accuracy,9,0.5755
test_accuracy,10,0.6853
test_accuracy,11,0.7092
test_accuracy,12,0.6864
test_accuracy,13,0.7234
test_accuracy,14,0.7224
test_accuracy,15,0.7327
test_accuracy,16,0.7504
test_accuracy,17,0.7542
test_accuracy,18,0.7579
test_accuracy,19,0.7628
test_accuracy,20,0.7641
test_accuracy,21,0.7593
test_accuracy,22,0.7639
test_accuracy,23,0.7638
test_accuracy,24,0.7636
test_accuracy,25,0.7611
test_accuracy,26,0.7648
test_accuracy,27,0.7646
test_accuracy,28,0.7635
test_accuracy,29,0.7637
test_accuracy,30,0.7633
test_accuracy,31,0.7625
test_accuracy,32,0.763
test_accuracy,33,0.7652
test_accuracy,34,0.7624
test_accuracy,35,0.7652
test_accuracy,36,0.765
test_accuracy,37,0.7658
test_accuracy,38,0.7653
test_accuracy,39,0.7625
test_accuracy,40,0.765
test_accuracy,41,0.7651
test_accuracy,42,0.7634
test_accuracy,43,0.7639
test_accuracy,44,0.7644
test_accuracy,45,0.7631
test_accuracy,46,0.7647
test_accuracy,47,0.7648
test_accuracy,48,0.7651
test_accuracy,49,0.7633
test_accuracy,50,0.7656
test_accuracy,51,0.7638
test_accuracy,52,0.7657
test_accuracy,53,0.7658
test_accuracy,54,0.7639
test_accuracy,55,0.7641
test_accuracy,56,0.7635
test_accuracy,57,0.7629
test_accuracy,58,0.7663
test_accuracy,59,0.7637
