test_accuracy,0,0.6244
test_accuracy,1,0.5651
test_accuracy,2,0.6713
test_accuracy,3,0.6492
test_accuracy,4,0.6246
test_accuracy,5,0.6838
test_accuracy,6,0.6657
test_accuracy,7,0.6844
test_accuracy,8,0.6855
test_accuracy,9,0.7211
test_accuracy,10,0.7445
test_accuracy,11,0.7586
test_accuracy,12,0.767
test_accuracy,13,0.776
test_accuracy,14,0.7777
test_accuracy,15,0.7806
test_accuracy,16,0.7792
test_accuracy,17,0.781
test_accuracy,18,0.7798
test_accuracy,19,0.7819
test_accuracy,20,0.7805
test_accuracy,21,0.7821
test_accuracy,22,0.783
test_accuracy,23,0.7821
test_accuracy,24,0.7823
test_accuracy,25,0.7828
test_accuracy,26,0.781
test_accuracy,27,0.7809
test_accuracy,28,0.7819
test_accuracy,29,0.7825
test_accuracy,30,0.7833
test_accuracy,31,0.7815
test_accuracy,32,0.7803
test_accuracy,33,0.7816
test_accuracy,34,0.7813
test_accuracy,35,0.7822
test_accuracy,36,0.7813
test_accuracy,37,0.7824
test_accuracy,38,0.7811
test_accuracy,39,0.7812
test_accuracy,40,0.7832
test_accuracy,41,0.782
test_accuracy,42,0.7829
test_accuracy,43,0.782
test_accuracy,44,0.784
test_accuracy,45,0.7832
test_accuracy,46,0.7801
test_accuracy,47,0.7823
test_accuracy,48,0.7831
test_accuracy,49,0.7822
test_accuracy,50,0.7833
test_accuracy,51,0.7818
test_accuracy,52,0.7824
test_accuracy,53,0.783
test_accuracy,54,0.7832
test_accuracy,55,0.7821
test_accuracy,56,0.7836
test_accuracy,57,0.7827
test_accuracy,58,0.7817
test_accuracy,59,0.7828
