test_accuracy,0,0.6281
test_accuracy,1,0.5821
test_accuracy,2,0.6898
test_accuracy,3,0.5534
test_accuracy,4,0.697
test_accuracy,5,0.6045
test_accuracy,6,0.6918
test_accuracy,7,0.6469
test_accuracy,8,0.7037
test_accuracy,9,0.7288
test_accuracy,10,0.7373
test_accuracy,11,0.7305
test_accuracy,12,0.7821
test_accuracy,13,0.7775
test_accuracy,14,0.7945
test_accuracy,15,0.796
test_accuracy,16,0.7988
test_accuracy,17,0.8
test_accuracy,18,0.7975
test_accuracy,19,0.7987
test_accuracy,20,0.7995
test_accuracy,21,0.8005
test_accuracy,22,0.8006
test_accuracy,23,0.8001
test_accuracy,24,0.8003
test_accuracy,25,0.7988
test_accuracy,26,0.7998
test_accuracy,27,0.7992
test_accuracy,28,0.8011
test_accuracy,29,0.801
test_accuracy,30,0.8002
test_accuracy,31,0.8012
test_accuracy,32,0.8012
test_accuracy,33,0.8005
test_accuracy,34,0.8015
test_accuracy,35,0.8009
test_accuracy,36,0.8002
test_accuracy,37,0.8019
test_accuracy,38,0.8015
test_accuracy,39,0.8013
test_accuracy,40,0.8012
test_accuracy,41,0.8019
test_accuracy,42,0.8006
test_accuracy,43,0.8
test_accuracy,44,0.8015
test_accuracy,45,0.7997
test_accuracy,46,0.8004
test_accuracy,47,0.8006
test_accuracy,48,0.8017
test_accuracy,49,0.8011
test_accuracy,50,0.8014
test_accuracy,51,0.8006
test_accuracy,52,0.8009
test_accuracy,53,0.8011
test_accuracy,54,0.8018
test_accuracy,55,0.8
test_accuracy,56,0.801
test_accuracy,57,0.8008
test_accuracy,58,0.8011
test_accuracy,59,0.8015
