test_accuracy,0,0.5219
test_accuracy,1,0.5819
test_accuracy,2,0.6551
test_accuracy,3,0.7001
test_accuracy,4,0.6959
test_accuracy,5,0.6952
test_accuracy,6,0.6622
test_accuracy,7,0.6715
test_accuracy,8,0.67
test_accuracy,9,0.6684
test_accuracy,10,0.6998
test_accuracy,11,0.695
test_accuracy,12,0.743
test_accuracy,13,0.7582
test_accuracy,14,0.7627
test_accuracy,15,0.7651
test_accuracy,16,0.763
test_accuracy,17,0.7672
test_accuracy,18,0.7662
test_accuracy,19,0.7664
test_accuracy,20,0.7659
test_accuracy,21,0.7664
test_accuracy,22,0.7664
test_accuracy,23,0.7658
test_accuracy,24,0.7668
test_accuracy,25,0.7678
test_accuracy,26,0.7688
test_accuracy,27,0.7666
test_accuracy,28,0.7659
test_accuracy,29,0.7671
test_accuracy,30,0.7658
test_accuracy,31,0.7678
test_accuracy,32,0.7677
test_accuracy,33,0.7655
test_accuracy,34,0.7675
test_accuracy,35,0.7672
test_accuracy,36,0.7671
test_accuracy,37,0.7664
test_accuracy,38,0.7669
test_accuracy,39,0.7678
test_accuracy,40,0.7675
test_accuracy,41,0.766
test_accuracy,42,0.7666
test_accuracy,43,0.7655
test_accuracy,44,0.767
test_accuracy,45,0.7686
test_accuracy,46,0.7667
test_accuracy,47,0.768
test_accuracy,48,0.7675
test_accuracy,49,0.7667
test_accuracy,50,0.7674
test_accuracy,51,0.7663
test_accuracy,52,0.7667
test_accuracy,53,0.7676
test_accuracy,54,0.7685
test_accuracy,55,0.7688
test_accuracy,56,0.7684
test_accuracy,57,0.7684
test_accuracy,58,0.767
test_accuracy,59,0.767
