test_accuracy,0,0.2253
test_accuracy,1,0.2887
test_accuracy,2,0.3247
test_accuracy,3,0.3403
test_accuracy,4,0.373
test_accuracy,5,0.3574
test_accuracy,6,0.4157
test_accuracy,7,0.4318
test_accuracy,8,0.4548
test_accuracy,9,0.4315
test_accuracy,10,0.467
test_accuracy,11,0.4375
test_accuracy,12,0.4414
test_accuracy,13,0.4677
test_accuracy,14,0.3383
test_accuracy,15,0.3897
test_accuracy,16,0.549
test_accuracy,17,0.485
test_accuracy,18,0.5035
test_accuracy,19,0.5284
test_accuracy,20,0.5399
test_accuracy,21,0.5454
test_accuracy,22,0.5024
test_accuracy,23,0.5341
test_accuracy,24,0.5755
test_accuracy,25,0.5427
test_accuracy,26,0.5586
test_accuracy,27,0.4758
test_accuracy,28,0.5776
test_accuracy,29,0.5676
test_accuracy,30,0.5607
test_accuracy,31,0.5542
test_accuracy,32,0.5873
test_accuracy,33,0.5961
test_accuracy,34,0.5636
test_accuracy,35,0.5844
test_accuracy,36,0.5955
test_accuracy,37,0.5732
test_accuracy,38,0.5996
test_accuracy,39,0.5904
test_accuracy,40,0.6064
test_accuracy,41,0.6338
test_accuracy,42,0.6335
test_accuracy,43,0.6339
test_accuracy,44,0.6307
test_accuracy,45,0.6319
test_accuracy,46,0.6338
test_accuracy,47,0.6331
test_accuracy,48,0.6355
test_accuracy,49,0.6341
test_accuracy,50,0.632
test_accuracy,51,0.6303
test_accuracy,52,0.6323
test_accuracy,53,0.6321
test_accuracy,54,0.6295
test_accuracy,55,0.6292
test_accuracy,56,0.6315
test_accuracy,57,0.6263
test_accuracy,58,0.6285
test_accuracy,59,0.6305
