test_accuracy,0,0.1
test_accuracy,1,0.6719
test_accuracy,2,0.5694
test_accuracy,3,0.6804
test_accuracy,4,0.5634
test_accuracy,5,0.7064
test_accuracy,6,0.6707
test_accuracy,7,0.7397
test_accuracy,8,0.7337
test_accuracy,9,0.7143
test_accuracy,10,0.7393
test_accuracy,11,0.6472
test_accuracy,12,0.7192
test_accuracy,13,0.7453
test_accuracy,14,0.7185
test_accuracy,15,0.752
test_accuracy,16,0.7281
test_accuracy,17,0.7591
test_accuracy,18,0.7689
test_accuracy,19,0.7912
test_accuracy,20,0.798
test_accuracy,21,0.7937
test_accuracy,22,0.7965
test_accuracy,23,0.7977
test_accuracy,24,0.7932
test_accuracy,25,0.7975
test_accuracy,26,0.7944
test_accuracy,27,0.7974
test_accuracy,28,0.796
test_accuracy,29,0.7987
test_accuracy,30,0.7966
test_accuracy,31,0.7983
test_accuracy,32,0.7964
test_accuracy,33,0.7968
test_accuracy,34,0.7971
test_accuracy,35,0.7966
test_accuracy,36,0.7986
test_accuracy,37,0.7974
test_accuracy,38,0.7964
test_accuracy,39,0.7954
test_accuracy,40,0.7983
test_accuracy,41,0.7981
test_accuracy,42,0.7991
test_accuracy,43,0.7974
test_accuracy,44,0.7996
test_accuracy,45,0.7978
test_accuracy,46,0.7963
test_accuracy,47,0.7986
test_accuracy,48,0.8
test_accuracy,49,0.7978
test_accuracy,50,0.7979
test_accuracy,51,0.7988
test_accuracy,52,0.7992
test_accuracy,53,0.7984
test_accuracy,54,0.7967
test_accuracy,55,0.7987
test_accuracy,56,0.7974
test_accuracy,57,0.7975
test_accuracy,58,0.7989
test_accuracy,59,0.7973
