test_accuracy,0,0.1
test_accuracy,1,0.51
test_accuracy,2,0.4625
test_accuracy,3,0.5542
test_accuracy,4,0.6269
test_accuracy,5,0.6708
test_accuracy,6,0.5896
test_accuracy,7,0.6696
test_accuracy,8,0.6269
test_accuracy,9,0.6832
test_accuracy,10,0.6601
test_accuracy,11,0.6306
test_accuracy,12,0.7071
test_accuracy,13,0.6704
test_accuracy,14,0.6835
test_accuracy,15,0.6838
test_accuracy,16,0.6991
test_accuracy,17,0.7141
test_accuracy,18,0.6904
test_accuracy,19,0.6759
test_accuracy,20,0.6844
test_accuracy,21,0.6971
test_accuracy,22,0.6685
test_accuracy,23,0.6432
test_accuracy,24,0.7126
test_accuracy,25,0.5049
test_accuracy,26,0.7157
test_accuracy,27,0.704
test_accuracy,28,0.6881
test_accuracy,29,0.7014
test_accuracy,30,0.704
test_accuracy,31,0.7106
test_accuracy,32,0.701
test_accuracy,33,0.6411
test_accuracy,34,0.6488
test_accuracy,35,0.6098
test_accuracy,36,0.7106
test_accuracy,37,0.696
test_accuracy,38,0.6889
test_accuracy,39,0.7043
test_accuracy,40,0.71
test_accuracy,41,0.7407
test_accuracy,42,0.7421
test_accuracy,43,0.7424
test_accuracy,44,0.7408
test_accuracy,45,0.74
test_accuracy,46,0.7419
test_accuracy,47,0.7392
test_accuracy,48,0.739
test_accuracy,49,0.7383
test_accuracy,50,0.7386
test_accuracy,51,0.7382
test_accuracy,52,0.7404
test_accuracy,53,0.7396
test_accuracy,54,0.7384
test_accuracy,55,0.7375
test_accuracy,56,0.7392
test_accuracy,57,0.7392
test_accuracy,58,0.7367
test_accuracy,59,0.7386
