test_accuracy,0,0.1
test_accuracy,1,0.6439
test_accuracy,2,0.6629
test_accuracy,3,0.6861
test_accuracy,4,0.6746
test_accuracy,5,0.6608
test_accuracy,6,0.6786
test_accuracy,7,0.7044
test_accuracy,8,0.6873
test_accuracy,9,0.6348
test_accuracy,10,0.6319
test_accuracy,11,0.6547
test_accuracy,12,0.7338
test_accuracy,13,0.7203
test_accuracy,14,0.7073
test_accuracy,15,0.6549
test_accuracy,16,0.7105
test_accuracy,17,0.6571
test_accuracy,18,0.7047
test_accuracy,19,0.7457
test_accuracy,20,0.7183
test_accuracy,21,0.7243
test_accuracy,22,0.734
test_accuracy,23,0.7332
test_accuracy,24,0.7106
test_accuracy,25,0.7389
test_accuracy,26,0.7401
test_accuracy,27,0.7431
test_accuracy,28,0.743
test_accuracy,29,0.7493
test_accuracy,30,0.7434
test_accuracy,31,0.7077
test_accuracy,32,0.7518
test_accuracy,33,0.6801
test_accuracy,34,0.7559
test_accuracy,35,0.7346
test_accuracy,36,0.7604
test_accuracy,37,0.7532
test_accuracy,38,0.7645
test_accuracy,39,0.7706
test_accuracy,40,0.7454
test_accuracy,41,0.7731
test_accuracy,42,0.7731
test_accuracy,43,0.7751
test_accuracy,44,0.7757
test_accuracy,45,0.7753
test_accuracy,46,0.7752
test_accuracy,47,0.7754
test_accuracy,48,0.7762
test_accuracy,49,0.7777
test_accuracy,50,0.776
test_accuracy,51,0.7756
test_accuracy,52,0.7752
test_accuracy,53,0.7752
test_accuracy,54,0.7774
test_accuracy,55,0.7754
test_accuracy,56,0.7754
test_accuracy,57,0.7775
test_accuracy,58,0.7755
test_accuracy,59,0.7752
