test_accuracy,0,0.1
test_accuracy,1,0.6208
test_accuracy,2,0.6397
test_accuracy,3,0.5865
test_accuracy,4,0.5524
test_accuracy,5,0.7199
test_accuracy,6,0.6673
test_accuracy,7,0.6948
test_accuracy,8,0.7021
test_accuracy,9,0.709
test_accuracy,10,0.7585
test_accuracy,11,0.7692
test_accuracy,12,0.7774
test_accuracy,13,0.7932
test_accuracy,14,0.801
test_accuracy,15,0.7991
test_accuracy,16,0.802
test_accuracy,17,0.8022
test_accuracy,18,0.8052
test_accuracy,19,0.8026
test_accuracy,20,0.8047
test_accuracy,21,0.8034
test_accuracy,22,0.8039
test_accuracy,23,0.8045
test_accuracy,24,0.8046
test_accuracy,25,0.8047
test_accuracy,26,0.8049
test_accuracy,27,0.8039
test_accuracy,28,0.8054
test_accuracy,29,0.8056
test_accuracy,30,0.807
test_accuracy,31,0.8044
test_accuracy,32,0.806
test_accuracy,33,0.8059
test_accuracy,34,0.8054
test_accuracy,35,0.8046
test_accuracy,36,0.8055
test_accuracy,37,0.8076
test_accuracy,38,0.8038
test_accuracy,39,0.8055
test_accuracy,40,0.8058
test_accuracy,41,0.8053
test_accuracy,42,0.8052
test_accuracy,43,0.8064
test_accuracy,44,0.8046
test_accuracy,45,0.8053
test_accuracy,46,0.8048
test_accuracy,47,0.8051
test_accuracy,48,0.8064
test_accuracy,49,0.8052
test_accuracy,50,0.8044
test_accuracy,51,0.8064
test_accuracy,52,0.8049
test_accuracy,53,0.8058
test_accuracy,54,0.8055
test_accuracy,55,0.804
test_accuracy,56,0.8044
test_accuracy,57,0.8061
test_accuracy,58,0.8044
test_accuracy,59,0.8031
