test_accuracy,0,0.1
test_accuracy,1,0.1682
test_accuracy,2,0.1734
test_accuracy,3,0.1748
test_accuracy,4,0.1827
test_accuracy,5,0.1895
test_accuracy,6,0.1997
test_accuracy,7,0.2014
test_accuracy,8,0.2154
test_accuracy,9,0.2381
test_accuracy,10,0.2251
test_accuracy,11,0.2402
test_accuracy,12,0.2218
test_accuracy,13,0.233
test_accuracy,14,0.2158
test_accuracy,15,0.2502
test_accuracy,16,0.2659
test_accuracy,17,0.2572
test_accuracy,18,0.2561
test_accuracy,19,0.2187
test_accuracy,20,0.249
test_accuracy,21,0.2275
test_accuracy,22,0.247
test_accuracy,23,0.2729
test_accuracy,24,0.2622
test_accuracy,25,0.2679
test_accuracy,26,0.2307
test_accuracy,27,0.2797
test_accuracy,28,0.2491
test_accuracy,29,0.258
test_accuracy,30,0.2566
test_accuracy,31,0.2606
test_accuracy,32,0.2533
test_accuracy,33,0.268
test_accuracy,34,0.2364
test_accuracy,35,0.2595
test_accuracy,36,0.2632
test_accuracy,37,0.2643
test_accuracy,38,0.227
test_accuracy,39,0.266
test_accuracy,40,0.2447
test_accuracy,41,0.2773
test_accuracy,42,0.2765
test_accuracy,43,0.2598
test_accuracy,44,0.2674
test_accuracy,45,0.2659
test_accuracy,46,0.2736
test_accuracy,47,0.277
test_accuracy,48,0.2621
test_accuracy,49,0.2749
test_accuracy,50,0.2728
test_accuracy,51,0.2642
test_accuracy,52,0.2636
test_accuracy,53,0.2639
test_accuracy,54,0.2758
test_accuracy,55,0.264
test_accuracy,56,0.2721
test_accuracy,57,0.2627
test_accuracy,58,0.274
test_accuracy,59,0.2657
