test_accuracy,0,0.164
test_accuracy,1,0.1896
test_accuracy,2,0.1758
test_accuracy,3,0.2342
test_accuracy,4,0.1971
test_accuracy,5,0.2091
test_accuracy,6,0.2099
test_accuracy,7,0.228
test_accuracy,8,0.2188
test_accuracy,9,0.2502
test_accuracy,10,0.2538
test_accuracy,11,0.2413
test_accuracy,12,0.2547
test_accuracy,13,0.2465
test_accuracy,14,0.2617
test_accuracy,15,0.2565
test_accuracy,16,0.2855
test_accuracy,17,0.2573
test_accuracy,18,0.2738
test_accuracy,19,0.2869
test_accuracy,20,0.2664
test_accuracy,21,0.2306
test_accuracy,22,0.2367
test_accuracy,23,0.2454
test_accuracy,24,0.2418
test_accuracy,25,0.2698
test_accuracy,26,0.2448
test_accuracy,27,0.2251
test_accuracy,28,0.2645
test_accuracy,29,0.2884
test_accuracy,30,0.2818
test_accuracy,31,0.2781
test_accuracy,32,0.2354
test_accuracy,33,0.2874
test_accuracy,34,0.2441
test_accuracy,35,0.2598
test_accuracy,36,0.2729
test_accuracy,37,0.2898
test_accuracy,38,0.2662
test_accuracy,39,0.293
test_accuracy,40,0.2682
test_accuracy,41,0.268
test_accuracy,42,0.2998
test_accuracy,43,0.2929
test_accuracy,44,0.2874
test_accuracy,45,0.2932
test_accuracy,46,0.2686
test_accuracy,47,0.2946
test_accuracy,48,0.293
test_accuracy,49,0.2887
test_accuracy,50,0.2922
test_accuracy,51,0.2955
test_accuracy,52,0.2958
test_accuracy,53,0.2587
test_accuracy,54,0.2559
test_accuracy,55,0.2903
test_accuracy,56,0.2554
test_accuracy,57,0.2643
test_accuracy,58,0.2587
test_accuracy,59,0.2887
