test_accuracy,0,0.5161
test_accuracy,1,0.5761
test_accuracy,2,0.5727
test_accuracy,3,0.598
test_accuracy,4,0.4957
test_accuracy,5,0.6735
test_accuracy,6,0.7107
test_accuracy,7,0.6618
test_accuracy,8,0.68
test_accuracy,9,0.7063
test_accuracy,10,0.7398
test_accuracy,11,0.7654
test_accuracy,12,0.7741
test_accuracy,13,0.7764
test_accuracy,14,0.7785
test_accuracy,15,0.7788
test_accuracy,16,0.7795
test_accuracy,17,0.7787
test_accuracy,18,0.7792
test_accuracy,19,0.7784
test_accuracy,20,0.7807
test_accuracy,21,0.7795
test_accuracy,22,0.7806
test_accuracy,23,0.7797
test_accuracy,24,0.779
test_accuracy,25,0.7802
test_accuracy,26,0.7788
test_accuracy,27,0.7795
test_accuracy,28,0.7813
test_accuracy,29,0.7805
test_accuracy,30,0.7809
test_accuracy,31,0.7794
test_accuracy,32,0.7807
test_accuracy,33,0.7818
test_accuracy,34,0.7812
test_accuracy,35,0.7812
test_accuracy,36,0.7799
test_accuracy,37,0.7816
test_accuracy,38,0.7799
test_accuracy,39,0.7813
test_accuracy,40,0.7815
test_accuracy,41,0.7805
test_accuracy,42,0.7803
test_accuracy,43,0.7823
test_accuracy,44,0.781
test_accuracy,45,0.7818
test_accuracy,46,0.7807
test_accuracy,47,0.78
test_accuracy,48,0.78
test_accuracy,49,0.7817
test_accuracy,50,0.7808
test_accuracy,51,0.7816
test_accuracy,52,0.7807
test_accuracy,53,0.7804
test_accuracy,54,0.7815
test_accuracy,55,0.7814
test_accuracy,56,0.7807
test_accuracy,57,0.7816
test_accuracy,58,0.7813
test_accuracy,59,0.7805
