test_accuracy,0,0.5338
test_accuracy,1,0.5385
test_accuracy,2,0.5113
test_accuracy,3,0.6129
test_accuracy,4,0.6489
test_accuracy,5,0.6554
test_accuracy,6,0.634
test_accuracy,7,0.5517
test_accuracy,8,0.6836
test_accuracy,9,0.6879
test_accuracy,10,0.6798
test_accuracy,11,0.6747
test_accuracy,12,0.6606
test_accuracy,13,0.6578
test_accuracy,14,0.6628
test_accuracy,15,0.5827
test_accuracy,16,0.7026
test_accuracy,17,0.6731
test_accuracy,18,0.6835
test_accuracy,19,0.6807
test_accuracy,20,0.6942
test_accuracy,21,0.6828
test_accuracy,22,0.697
test_accuracy,23,0.6706
test_accuracy,24,0.5466
test_accuracy,25,0.6702
test_accuracy,26,0.6846
test_accuracy,27,0.6796
test_accuracy,28,0.6281
test_accuracy,29,0.6916
test_accuracy,30,0.6732
test_accuracy,31,0.7033
test_accuracy,32,0.708
test_accuracy,33,0.697
test_accuracy,34,0.6942
test_accuracy,35,0.6913
test_accuracy,36,0.6997
test_accuracy,37,0.6841
test_accuracy,38,0.7064
test_accuracy,39,0.7048
test_accuracy,40,0.7127
test_accuracy,41,0.7281
test_accuracy,42,0.7284
test_accuracy,43,0.7281
test_accuracy,44,0.7287
test_accuracy,45,0.7275
test_accuracy,46,0.7281
test_accuracy,47,0.7303
test_accuracy,48,0.7273
test_accuracy,49,0.7274
test_accuracy,50,0.7286
test_accuracy,51,0.7271
test_accuracy,52,0.7285
test_accuracy,53,0.728
test_accuracy,54,0.7277
test_accuracy,55,0.7271
test_accuracy,56,0.7259
test_accuracy,57,0.7265
test_accuracy,58,0.7275
test_accuracy,59,0.7256
