test_accuracy,0,0.56
test_accuracy,1,0.563
test_accuracy,2,0.5879
test_accuracy,3,0.6576
test_accuracy,4,0.5644
test_accuracy,5,0.6458
test_accuracy,6,0.6833
test_accuracy,7,0.6457
test_accuracy,8,0.6859
test_accuracy,9,0.6876
test_accuracy,10,0.5459
test_accuracy,11,0.6906
test_accuracy,12,0.6851
test_accuracy,13,0.6861
test_accuracy,14,0.6891
test_accuracy,15,0.6948
test_accuracy,16,0.6764
test_accuracy,17,0.6427
test_accuracy,18,0.6468
test_accuracy,19,0.7089
test_accuracy,20,0.6708
test_accuracy,21,0.7052
test_accuracy,22,0.6699
test_accuracy,23,0.7116
test_accuracy,24,0.7179
test_accuracy,25,0.7363
test_accuracy,26,0.7291
test_accuracy,27,0.7196
test_accuracy,28,0.7306
test_accuracy,29,0.746
test_accuracy,30,0.7534
test_accuracy,31,0.7472
test_accuracy,32,0.7419
test_accuracy,33,0.7465
test_accuracy,34,0.7497
test_accuracy,35,0.7469
test_accuracy,36,0.7456
test_accuracy,37,0.7499
test_accuracy,38,0.7464
test_accuracy,39,0.7498
test_accuracy,40,0.7505
test_accuracy,41,0.7491
test_accuracy,42,0.7476
test_accuracy,43,0.7485
test_accuracy,44,0.7484
test_accuracy,45,0.7471
test_accuracy,46,0.747
test_accuracy,47,0.7496
test_accuracy,48,0.7492
test_accuracy,49,0.7481
test_accuracy,50,0.748
test_accuracy,51,0.7486
test_accuracy,52,0.7483
test_accuracy,53,0.7472
test_accuracy,54,0.7474
test_accuracy,55,0.749
test_accuracy,56,0.7488
test_accuracy,57,0.7478
test_accuracy,58,0.7489
test_accuracy,59,0.7485
