test_accuracy,0,0.6176
test_accuracy,1,0.384
test_accuracy,2,0.5815
test_accuracy,3,0.5859
test_accuracy,4,0.7187
test_accuracy,5,0.6229
test_accuracy,6,0.7111
test_accuracy,7,0.59
test_accuracy,8,0.6973
test_accuracy,9,0.7357
test_accuracy,10,0.7509
test_accuracy,11,0.7557
test_accuracy,12,0.7777
test_accuracy,13,0.7828
test_accuracy,14,0.7848
test_accuracy,15,0.7857
test_accuracy,16,0.7849
test_accuracy,17,0.7874
test_accuracy,18,0.7851
test_accuracy,19,0.7855
test_accuracy,20,0.7864
test_accuracy,21,0.7868
test_accuracy,22,0.7855
test_accuracy,23,0.7871
test_accuracy,24,0.7856
test_accuracy,25,0.7869
test_accuracy,26,0.7866
test_accuracy,27,0.786
test_accuracy,28,0.7859
test_accuracy,29,0.7877
test_accuracy,30,0.7879
test_accuracy,31,0.7872
test_accuracy,32,0.7865
test_accuracy,33,0.7865
test_accuracy,34,0.7873
test_accuracy,35,0.7858
test_accuracy,36,0.7878
test_accuracy,37,0.7882
test_accuracy,38,0.7863
test_accuracy,39,0.7863
test_accuracy,40,0.7864
test_accuracy,41,0.7862
test_accuracy,42,0.7847
test_accuracy,43,0.7861
test_accuracy,44,0.7864
test_accuracy,45,0.7861
test_accuracy,46,0.7867
test_accuracy,47,0.7874
test_accuracy,48,0.7889
test_accuracy,49,0.7852
test_accuracy,50,0.7872
test_accuracy,51,0.786
test_accuracy,52,0.7885
test_accuracy,53,0.7881
test_accuracy,54,0.7858
test_accuracy,55,0.7859
test_accuracy,56,0.7859
test_accuracy,57,0.7868
test_accuracy,58,0.7857
test_accuracy,59,0.7866
