test_accuracy,0,0.1652
test_accuracy,1,0.5375
test_accuracy,2,0.6864
test_accuracy,3,0.717
test_accuracy,4,0.707
test_accuracy,5,0.6652
test_accuracy,6,0.7089
test_accuracy,7,0.7213
test_accuracy,8,0.7629
test_accuracy,9,0.7389
test_accuracy,10,0.7467
test_accuracy,11,0.7901
test_accuracy,12,0.8052
test_accuracy,13,0.8044
test_accuracy,14,0.8089
test_accuracy,15,0.8086
test_accuracy,16,0.8083
test_accuracy,17,0.8087
test_accuracy,18,0.8086
test_accuracy,19,0.8111
test_accuracy,20,0.8107
test_accuracy,21,0.811
test_accuracy,22,0.8099
test_accuracy,23,0.8107
test_accuracy,24,0.8109
test_accuracy,25,0.8119
test_accuracy,26,0.8123
test_accuracy,27,0.8101
test_accuracy,28,0.8114
test_accuracy,29,0.8106
test_accuracy,30,0.8103
test_accuracy,31,0.8126
test_accuracy,32,0.8114
test_accuracy,33,0.8108
test_accuracy,34,0.8111
test_accuracy,35,0.8116
test_accuracy,36,0.8113
test_accuracy,37,0.8115
test_accuracy,38,0.8114
test_accuracy,39,0.8116
test_accuracy,40,0.8115
test_accuracy,41,0.8114
test_accuracy,42,0.8125
test_accuracy,43,0.8118
test_accuracy,44,0.811
test_accuracy,45,0.8125
test_accuracy,46,0.8108
test_accuracy,47,0.8118
test_accuracy,48,0.811
test_accuracy,49,0.8126
test_accuracy,50,0.811
test_accuracy,51,0.8123
test_accuracy,52,0.812
test_accuracy,53,0.8112
test_accuracy,54,0.8119
test_accuracy,55,0.811
test_accuracy,56,0.8121
test_accuracy,57,0.8126
test_accuracy,58,0.8105
test_accuracy,59,0.8124
