test_accuracy,0,0.1
test_accuracy,1,0.5254
test_accuracy,2,0.6238
test_accuracy,3,0.6654
test_accuracy,4,0.5489
test_accuracy,5,0.6627
test_accuracy,6,0.6713
test_accuracy,7,0.7085
test_accuracy,8,0.6959
test_accuracy,9,0.7188
test_accuracy,10,0.7245
test_accuracy,11,0.678
test_accuracy,12,0.7423
test_accuracy,13,0.6937
test_accuracy,14,0.642
test_accuracy,15,0.7112
test_accuracy,16,0.7528
test_accuracy,17,0.5858
test_accuracy,18,0.6967
test_accuracy,19,0.7246
test_accuracy,20,0.7238
test_accuracy,21,0.7016
test_accuracy,22,0.7524
test_accuracy,23,0.7411
test_accuracy,24,0.7331
test_accuracy,25,0.7561
test_accuracy,26,0.7454
test_accuracy,27,0.7564
test_accuracy,28,0.7424
test_accuracy,29,0.767
test_accuracy,30,0.7652
test_accuracy,31,0.7722
test_accuracy,32,0.774
test_accuracy,33,0.769
test_accuracy,34,0.7694
test_accuracy,35,0.7771
test_accuracy,36,0.7725
test_accuracy,37,0.7723
test_accuracy,38,0.7777
test_accuracy,39,0.775
test_accuracy,40,0.7739
test_accuracy,41,0.7752
test_accuracy,42,0.7739
test_accuracy,43,0.7756
test_accuracy,44,0.7754
test_accuracy,45,0.7741
test_accuracy,46,0.7767
test_accuracy,47,0.7743
test_accuracy,48,0.7762
test_accuracy,49,0.7773
test_accuracy,50,0.7781
test_accuracy,51,0.7764
test_accuracy,52,0.7757
test_accuracy,53,0.776
test_accuracy,54,0.7758
test_accuracy,55,0.776
test_accuracy,56,0.7758
test_accuracy,57,0.7755
test_accuracy,58,0.776
test_accuracy,59,0.7766
