test_accuracy,0,0.5448
test_accuracy,1,0.6431
test_accuracy,2,0.7036
test_accuracy,3,0.7115
test_accuracy,4,0.7182
test_accuracy,5,0.6833
test_accuracy,6,0.6486
test_accuracy,7,0.7486
test_accuracy,8,0.7287
test_accuracy,9,0.7662
test_accuracy,10,0.7544
test_accuracy,11,0.7721
test_accuracy,12,0.6909
test_accuracy,13,0.7767
test_accuracy,14,0.7733
test_accuracy,15,0.7995
test_accuracy,16,0.8072
test_accuracy,17,0.8097
test_accuracy,18,0.8116
test_accuracy,19,0.8104
test_accuracy,20,0.8117
test_accuracy,21,0.8128
test_accuracy,22,0.8123
test_accuracy,23,0.8125
test_accuracy,24,0.8119
test_accuracy,25,0.8127
test_accuracy,26,0.8123
test_accuracy,27,0.8125
test_accuracy,28,0.8132
test_accuracy,29,0.8133
test_accuracy,30,0.8125
test_accuracy,31,0.8137
test_accuracy,32,0.8141
test_accuracy,33,0.8126
test_accuracy,34,0.8125
test_accuracy,35,0.8134
test_accuracy,36,0.8137
test_accuracy,37,0.8142
test_accuracy,38,0.8151
test_accuracy,39,0.8141
test_accuracy,40,0.8152
test_accuracy,41,0.8137
test_accuracy,42,0.8133
test_accuracy,43,0.8155
test_accuracy,44,0.8145
test_accuracy,45,0.8143
test_accuracy,46,0.8141
test_accuracy,47,0.8133
test_accuracy,48,0.8138
test_accuracy,49,0.8131
test_accuracy,50,0.8144
test_accuracy,51,0.8144
test_accuracy,52,0.8139
test_accuracy,53,0.8137
test_accuracy,54,0.8143
test_accuracy,55,0.8141
test_accuracy,56,0.8144
test_accuracy,57,0.8134
test_accuracy,58,0.8142
test_accuracy,59,0.8157
