test_accuracy,0,0.1
test_accuracy,1,0.5568
test_accuracy,2,0.5269
test_accuracy,3,0.6202
test_accuracy,4,0.5518
test_accuracy,5,0.5738
test_accuracy,6,0.6275
test_accuracy,7,0.6216
test_accuracy,8,0.6203
test_accuracy,9,0.6914
test_accuracy,10,0.5738
test_accuracy,11,0.7079
test_accuracy,12,0.6461
test_accuracy,13,0.6151
test_accuracy,14,0.6842
test_accuracy,15,0.7081
test_accuracy,16,0.6709
test_accuracy,17,0.6231
test_accuracy,18,0.584
test_accuracy,19,0.6552
test_accuracy,20,0.7114
test_accuracy,21,0.672
test_accuracy,22,0.7249
test_accuracy,23,0.6835
test_accuracy,24,0.6433
test_accuracy,25,0.7209
test_accuracy,26,0.7196
test_accuracy,27,0.7047
test_accuracy,28,0.713
test_accuracy,29,0.6852
test_accuracy,30,0.696
test_accuracy,31,0.7059
test_accuracy,32,0.705
test_accuracy,33,0.6575
test_accuracy,34,0.6776
test_accuracy,35,0.7102
test_accuracy,36,0.6934
test_accuracy,37,0.7029
test_accuracy,38,0.6451
test_accuracy,39,0.7062
test_accuracy,40,0.6906
test_accuracy,41,0.7406
test_accuracy,42,0.7434
test_accuracy,43,0.7425
test_accuracy,44,0.7383
test_accuracy,45,0.7402
test_accuracy,46,0.7391
test_accuracy,47,0.7383
test_accuracy,48,0.7393
test_accuracy,49,0.7405
test_accuracy,50,0.7416
test_accuracy,51,0.74
test_accuracy,52,0.7399
test_accuracy,53,0.74
test_accuracy,54,0.7378
test_accuracy,55,0.7394
test_accuracy,56,0.7399
test_accuracy,57,0.7396
test_accuracy,58,0.7389
test_accuracy,59,0.7389
