test_accuracy,0,0.1
test_accuracy,1,0.6741
test_accuracy,2,0.5901
test_accuracy,3,0.6908
test_accuracy,4,0.6347
test_accuracy,5,0.6768
test_accuracy,6,0.6928
test_accuracy,7,0.6514
test_accuracy,8,0.7138
test_accuracy,9,0.7183
test_accuracy,10,0.7209
test_accuracy,11,0.7234
test_accuracy,12,0.724
test_accuracy,13,0.7218
test_accuracy,14,0.7625
test_accuracy,15,0.75
test_accuracy,16,0.7436
test_accuracy,17,0.7578
test_accuracy,18,0.7822
test_accuracy,19,0.789
test_accuracy,20,0.7899
test_accuracy,21,0.7905
test_accuracy,22,0.7914
test_accuracy,23,0.7894
test_accuracy,24,0.7932
test_accuracy,25,0.7905
test_accuracy,26,0.7903
test_accuracy,27,0.7928
test_accuracy,28,0.7943
test_accuracy,29,0.7929
test_accuracy,30,0.793
test_accuracy,31,0.7932
test_accuracy,32,0.7936
test_accuracy,33,0.7936
test_accuracy,34,0.7923
test_accuracy,35,0.7933
test_accuracy,36,0.7922
test_accuracy,37,0.793
test_accuracy,38,0.7939
test_accuracy,39,0.7935
test_accuracy,40,0.7931
test_accuracy,41,0.7931
test_accuracy,42,0.7924
test_accuracy,43,0.7928
test_accuracy,44,0.7926
test_accuracy,45,0.7926
test_accuracy,46,0.7927
test_accuracy,47,0.7927
test_accuracy,48,0.793
test_accuracy,49,0.7932
test_accuracy,50,0.7938
test_accuracy,51,0.794
test_accuracy,52,0.791
test_accuracy,53,0.7929
test_accuracy,54,0.7942
test_accuracy,55,0.7926
test_accuracy,56,0.7939
test_accuracy,57,0.7928
test_accuracy,58,0.7918
test_accuracy,59,0.7931
