test_accuracy,0,0.1
test_accuracy,1,0.5843
test_accuracy,2,0.4778
test_accuracy,3,0.5417
test_accuracy,4,0.6602
test_accuracy,5,0.5857
test_accuracy,6,0.5954
test_accuracy,7,0.7024
test_accuracy,8,0.6336
test_accuracy,9,0.6831
test_accuracy,10,0.6693
test_accuracy,11,0.6836
test_accuracy,12,0.7164
test_accuracy,13,0.672
test_accuracy,14,0.6485
test_accuracy,15,0.6653
test_accuracy,16,0.6826
test_accuracy,17,0.6915
test_accuracy,18,0.683
test_accuracy,19,0.7114
test_accuracy,20,0.5999
test_accuracy,21,0.6877
test_accuracy,22,0.7146
test_accuracy,23,0.6955
test_accuracy,24,0.7186
test_accuracy,25,0.7115
test_accuracy,26,0.6976
test_accuracy,27,0.6731
test_accuracy,28,0.67
test_accuracy,29,0.7033
test_accuracy,30,0.6821
test_accuracy,31,0.7177
test_accuracy,32,0.6854
test_accuracy,33,0.711
test_accuracy,34,0.6654
test_accuracy,35,0.7143
test_accuracy,36,0.722
test_accuracy,37,0.7067
test_accuracy,38,0.6545
test_accuracy,39,0.6963
test_accuracy,40,0.7171
test_accuracy,41,0.7376
test_accuracy,42,0.7402
test_accuracy,43,0.7392
test_accuracy,44,0.7393
test_accuracy,45,0.741
test_accuracy,46,0.7401
test_accuracy,47,0.7387
test_accuracy,48,0.7391
test_accuracy,49,0.7408
test_accuracy,50,0.7391
test_accuracy,51,0.7386
test_accuracy,52,0.7391
test_accuracy,53,0.7394
test_accuracy,54,0.7408
test_accuracy,55,0.7398
test_accuracy,56,0.741
test_accuracy,57,0.7399
test_accuracy,58,0.7391
test_accuracy,59,0.7386
