test_accuracy,0,0.1
test_accuracy,1,0.2058
test_accuracy,2,0.2101
test_accuracy,3,0.1928
test_accuracy,4,0.1629
test_accuracy,5,0.2502
test_accuracy,6,0.2347
test_accuracy,7,0.2409
test_accuracy,8,0.2574
test_accuracy,9,0.2659
test_accuracy,10,0.2393
test_accuracy,11,0.2745
test_accuracy,12,0.2774
test_accuracy,13,0.207
test_accuracy,14,0.2697
test_accuracy,15,0.2599
test_accuracy,16,0.2686
test_accuracy,17,0.2535
test_accuracy,18,0.2883
test_accuracy,19,0.2196
test_accuracy,20,0.2495
test_accuracy,21,0.2664
test_accuracy,22,0.2896
test_accuracy,23,0.2562
test_accuracy,24,0.2782
test_accuracy,25,0.2574
test_accuracy,26,0.2818
test_accuracy,27,0.2594
test_accuracy,28,0.253
test_accuracy,29,0.2717
test_accuracy,30,0.2793
test_accuracy,31,0.2706
test_accuracy,32,0.2766
test_accuracy,33,0.2798
test_accuracy,34,0.2821
test_accuracy,35,0.2638
test_accuracy,36,0.2687
test_accuracy,37,0.2474
test_accuracy,38,0.2958
test_accuracy,39,0.2707
test_accuracy,40,0.2648
test_accuracy,41,0.2959
test_accuracy,42,0.2975
test_accuracy,43,0.2888
test_accuracy,44,0.2905
test_accuracy,45,0.288
test_accuracy,46,0.2726
test_accuracy,47,0.2866
test_accuracy,48,0.2708
test_accuracy,49,0.2775
test_accuracy,50,0.2972
test_accuracy,51,0.2905
test_accuracy,52,0.2859
test_accuracy,53,0.2967
test_accuracy,54,0.2881
test_accuracy,55,0.2947
test_accuracy,56,0.2968
test_accuracy,57,0.2941
test_accuracy,58,0.2767
test_accuracy,59,0.3034
