test_accuracy,0,0.592
test_accuracy,1,0.4496
test_accuracy,2,0.6672
test_accuracy,3,0.6104
test_accuracy,4,0.6433
test_accuracy,5,0.7009
test_accuracy,6,0.7219
test_accuracy,7,0.7245
test_accuracy,8,0.6906
test_accuracy,9,0.7254
test_accuracy,10,0.7792
test_accuracy,11,0.7876
test_accuracy,12,0.7917
test_accuracy,13,0.8054
test_accuracy,14,0.803
test_accuracy,15,0.8082
test_accuracy,16,0.8091
test_accuracy,17,0.8085
test_accuracy,18,0.8091
test_accuracy,19,0.8089
test_accuracy,20,0.8094
test_accuracy,21,0.8099
test_accuracy,22,0.8099
test_accuracy,23,0.8094
test_accuracy,24,0.8093
test_accuracy,25,0.8105
test_accuracy,26,0.81
test_accuracy,27,0.8107
test_accuracy,28,0.8112
test_accuracy,29,0.8093
test_accuracy,30,0.8116
test_accuracy,31,0.8109
test_accuracy,32,0.8101
test_accuracy,33,0.8107
test_accuracy,34,0.8113
test_accuracy,35,0.8112
test_accuracy,36,0.8115
test_accuracy,37,0.8112
test_accuracy,38,0.811
test_accuracy,39,0.8112
test_accuracy,40,0.8116
test_accuracy,41,0.81
test_accuracy,42,0.8098
test_accuracy,43,0.8105
test_accuracy,44,0.8102
test_accuracy,45,0.8108
test_accuracy,46,0.8097
test_accuracy,47,0.8109
test_accuracy,48,0.8098
test_accuracy,49,0.812
test_accuracy,50,0.8098
test_accuracy,51,0.8102
test_accuracy,52,0.8106
test_accuracy,53,0.8106
test_accuracy,54,0.8096
test_accuracy,55,0.8112
test_accuracy,56,0.8103
test_accuracy,57,0.8103
test_accuracy,58,0.8121
test_accuracy,59,0.8101
