test_accuracy,0,0.1
test_accuracy,1,0.6638
test_accuracy,2,0.7072
test_accuracy,3,0.5722
test_accuracy,4,0.6937
test_accuracy,5,0.7469
test_accuracy,6,0.72
test_accuracy,7,0.6806
test_accuracy,8,0.6606
test_accuracy,9,0.7159
test_accuracy,10,0.6758
test_accuracy,11,0.6888
test_accuracy,12,0.691
test_accuracy,13,0.7407
test_accuracy,14,0.7277
test_accuracy,15,0.7688
test_accuracy,16,0.7719
test_accuracy,17,0.7749
test_accuracy,18,0.7844
test_accuracy,19,0.7825
test_accuracy,20,0.7867
test_accuracy,21,0.788
test_accuracy,22,0.7904
test_accuracy,23,0.7905
test_accuracy,24,0.7926
test_accuracy,25,0.7906
test_accuracy,26,0.7923
test_accuracy,27,0.7917
test_accuracy,28,0.7796
test_accuracy,29,0.7939
test_accuracy,30,0.792
test_accuracy,31,0.7889
test_accuracy,32,0.7911
test_accuracy,33,0.7915
test_accuracy,34,0.7952
test_accuracy,35,0.7933
test_accuracy,36,0.7906
test_accuracy,37,0.7911
test_accuracy,38,0.7918
test_accuracy,39,0.7919
test_accuracy,40,0.7915
test_accuracy,41,0.791
test_accuracy,42,0.7921
test_accuracy,43,0.7914
test_accuracy,44,0.791
test_accuracy,45,0.7913
test_accuracy,46,0.792
test_accuracy,47,0.7917
test_accuracy,48,0.7931
test_accuracy,49,0.7916
test_accuracy,50,0.7927
test_accuracy,51,0.7933
test_accuracy,52,0.7919
test_accuracy,53,0.7922
test_accuracy,54,0.7922
test_accuracy,55,0.7925
test_accuracy,56,0.7924
test_accuracy,57,0.7931
test_accuracy,58,0.7919
test_accuracy,59,0.7921
