test_accuracy,0,0.1
test_accuracy,1,0.277
test_accuracy,2,0.6588
test_accuracy,3,0.6631
test_accuracy,4,0.7196
test_accuracy,5,0.6948
test_accuracy,6,0.7349
test_accuracy,7,0.6203
test_accuracy,8,0.7096
test_accuracy,9,0.7046
test_accuracy,10,0.7002
test_accuracy,11,0.5151
test_accuracy,12,0.7333
test_accuracy,13,0.7197
test_accuracy,14,0.6402
test_accuracy,15,0.7242
test_accuracy,16,0.6726
test_accuracy,17,0.7154
test_accuracy,18,0.7247
test_accuracy,19,0.7206
test_accuracy,20,0.7212
test_accuracy,21,0.7369
test_accuracy,22,0.7238
test_accuracy,23,0.7473
test_accuracy,24,0.7471
test_accuracy,25,0.7441
test_accuracy,26,0.7349
test_accuracy,27,0.759
test_accuracy,28,0.7483
test_accuracy,29,0.7503
test_accuracy,30,0.7622
test_accuracy,31,0.7424
test_accuracy,32,0.7511
test_accuracy,33,0.761
test_accuracy,34,0.7586
test_accuracy,35,0.7696
test_accuracy,36,0.7749
test_accuracy,37,0.7712
test_accuracy,38,0.7767
test_accuracy,39,0.7781
test_accuracy,40,0.7758
test_accuracy,41,0.7772
test_accuracy,42,0.7776
test_accuracy,43,0.7787
test_accuracy,44,0.7783
test_accuracy,45,0.778
test_accuracy,46,0.7783
test_accuracy,47,0.7778
test_accuracy,48,0.7794
test_accuracy,49,0.7808
test_accuracy,50,0.7792
test_accuracy,51,0.7809
test_accuracy,52,0.7791
test_accuracy,53,0.78
test_accuracy,54,0.7804
test_accuracy,55,0.7798
test_accuracy,56,0.7801
test_accuracy,57,0.7802
test_accuracy,58,0.7795
test_accuracy,59,0.7799
