test_accuracy,0,0.1
test_accuracy,1,0.4929
test_accuracy,2,0.4889
test_accuracy,3,0.523
test_accuracy,4,0.6164
test_accuracy,5,0.6315
test_accuracy,6,0.571
test_accuracy,7,0.7082
test_accuracy,8,0.7036
test_accuracy,9,0.6471
test_accuracy,10,0.7031
test_accuracy,11,0.6833
test_accuracy,12,0.6858
test_accuracy,13,0.566
test_accuracy,14,0.661
test_accuracy,15,0.6355
test_accuracy,16,0.7012
test_accuracy,17,0.693
test_accuracy,18,0.6775
test_accuracy,19,0.6254
test_accuracy,20,0.6498
test_accuracy,21,0.6796
test_accuracy,22,0.6906
test_accuracy,23,0.693
test_accuracy,24,0.6947
test_accuracy,25,0.6495
test_accuracy,26,0.6999
test_accuracy,27,0.6632
test_accuracy,28,0.6931
test_accuracy,29,0.7051
test_accuracy,30,0.7198
test_accuracy,31,0.6561
test_accuracy,32,0.659
test_accuracy,33,0.7226
test_accuracy,34,0.7103
test_accuracy,35,0.712
test_accuracy,36,0.7103
test_accuracy,37,0.711
test_accuracy,38,0.6974
test_accuracy,39,0.7168
test_accuracy,40,0.6849
test_accuracy,41,0.739
test_accuracy,42,0.7385
test_accuracy,43,0.741
test_accuracy,44,0.7382
test_accuracy,45,0.7378
test_accuracy,46,0.7384
test_accuracy,47,0.7355
test_accuracy,48,0.7372
test_accuracy,49,0.7365
test_accuracy,50,0.7373
test_accuracy,51,0.7366
test_accuracy,52,0.7347
test_accuracy,53,0.7356
test_accuracy,54,0.736
test_accuracy,55,0.736
test_accuracy,56,0.7369
test_accuracy,57,0.7347
test_accuracy,58,0.733
test_accuracy,59,0.7348
