test_accuracy,0,0.1127
test_accuracy,1,0.5831
test_accuracy,2,0.6873
test_accuracy,3,0.5823
test_accuracy,4,0.651
test_accuracy,5,0.725
test_accuracy,6,0.6283
test_accuracy,7,0.6346
test_accuracy,8,0.701
test_accuracy,9,0.7522
test_accuracy,10,0.7382
test_accuracy,11,0.765
test_accuracy,12,0.7864
test_accuracy,13,0.7979
test_accuracy,14,0.7961
test_accuracy,15,0.8057
test_accuracy,16,0.8044
test_accuracy,17,0.8055
test_accuracy,18,0.8041
test_accuracy,19,0.8062
test_accuracy,20,0.8057
test_accuracy,21,0.8058
test_accuracy,22,0.8068
test_accuracy,23,0.8066
test_accuracy,24,0.8072
test_accuracy,25,0.8063
test_accuracy,26,0.8063
test_accuracy,27,0.8063
test_accuracy,28,0.8069
test_accuracy,29,0.807
test_accuracy,30,0.8072
test_accuracy,31,0.8073
test_accuracy,32,0.8074
test_accuracy,33,0.8066
test_accuracy,34,0.8061
test_accuracy,35,0.8059
test_accuracy,36,0.8066
test_accuracy,37,0.8074
test_accuracy,38,0.8063
test_accuracy,39,0.8082
test_accuracy,40,0.8069
test_accuracy,41,0.8066
test_accuracy,42,0.8062
test_accuracy,43,0.8066
test_accuracy,44,0.806
test_accuracy,45,0.8067
test_accuracy,46,0.8072
test_accuracy,47,0.8067
test_accuracy,48,0.8054
test_accuracy,49,0.8075
test_accuracy,50,0.8061
test_accuracy,51,0.8056
test_accuracy,52,0.8076
test_accuracy,53,0.8065
test_accuracy,54,0.8072
test_accuracy,55,0.8062
test_accuracy,56,0.8073
test_accuracy,57,0.8069
test_accuracy,58,0.8075
test_accuracy,59,0.8063
