test_accuracy,0,0.5639
test_accuracy,1,0.5359
test_accuracy,2,0.6257
test_accuracy,3,0.5865
test_accuracy,4,0.6668
test_accuracy,5,0.6203
test_accuracy,6,0.6218
test_accuracy,7,0.6595
test_accuracy,8,0.6577
test_accuracy,9,0.6531
test_accuracy,10,0.7104
test_accuracy,11,0.6848
test_accuracy,12,0.7169
test_accuracy,13,0.7111
test_accuracy,14,0.7082
test_accuracy,15,0.725
test_accuracy,16,0.7362
test_accuracy,17,0.758
test_accuracy,18,0.7588
test_accuracy,19,0.7571
test_accuracy,20,0.7565
test_accuracy,21,0.7602
test_accuracy,22,0.7596
test_accuracy,23,0.7594
test_accuracy,24,0.7581
test_accuracy,25,0.7616
test_accuracy,26,0.7621
test_accuracy,27,0.7608
test_accuracy,28,0.7594
test_accuracy,29,0.7607
test_accuracy,30,0.76
test_accuracy,31,0.7629
test_accuracy,32,0.7621
test_accuracy,33,0.7635
test_accuracy,34,0.7624
test_accuracy,35,0.7601
test_accuracy,36,0.7601
test_accuracy,37,0.7623
test_accuracy,38,0.7638
test_accuracy,39,0.7623
test_accuracy,40,0.7604
test_accuracy,41,0.7618
test_accuracy,42,0.7615
test_accuracy,43,0.7614
test_accuracy,44,0.7615
test_accuracy,45,0.7628
test_accuracy,46,0.7601
test_accuracy,47,0.7618
test_accuracy,48,0.7616
test_accuracy,49,0.7615
test_accuracy,50,0.7624
test_accuracy,51,0.763
test_accuracy,52,0.7624
test_accuracy,53,0.7627
test_accuracy,54,0.7605
test_accuracy,55,0.7619
test_accuracy,56,0.7624
test_accuracy,57,0.7599
test_accuracy,58,0.7621
test_accuracy,59,0.7637
