test_accuracy,0,0.4916
test_accuracy,1,0.6041
test_accuracy,2,0.6384
test_accuracy,3,0.5469
test_accuracy,4,0.6542
test_accuracy,5,0.588
test_accuracy,6,0.6625
test_accuracy,7,0.6326
test_accuracy,8,0.6772
test_accuracy,9,0.6412
test_accuracy,10,0.6028
test_accuracy,11,0.6764
test_accuracy,12,0.6745
test_accuracy,13,0.6045
test_accuracy,14,0.6983
test_accuracy,15,0.6333
test_accuracy,16,0.6497
test_accuracy,17,0.6828
test_accuracy,18,0.6112
test_accuracy,19,0.6925
test_accuracy,20,0.669
test_accuracy,21,0.6621
test_accuracy,22,0.6946
test_accuracy,23,0.6586
test_accuracy,24,0.6424
test_accuracy,25,0.7107
test_accuracy,26,0.6587
test_accuracy,27,0.6735
test_accuracy,28,0.69
test_accuracy,29,0.6798
test_accuracy,30,0.6849
test_accuracy,31,0.6767
test_accuracy,32,0.695
test_accuracy,33,0.687
test_accuracy,34,0.6793
test_accuracy,35,0.6946
test_accuracy,36,0.7018
test_accuracy,37,0.6587
test_accuracy,38,0.6673
test_accuracy,39,0.6304
test_accuracy,40,0.6819
test_accuracy,41,0.724
test_accuracy,42,0.7237
test_accuracy,43,0.7253
test_accuracy,44,0.7244
test_accuracy,45,0.7245
test_accuracy,46,0.7263
test_accuracy,47,0.7237
test_accuracy,48,0.7274
test_accuracy,49,0.7265
test_accuracy,50,0.7261
test_accuracy,51,0.7255
test_accuracy,52,0.7279
test_accuracy,53,0.7242
test_accuracy,54,0.7242
test_accuracy,55,0.7265
test_accuracy,56,0.7271
test_accuracy,57,0.7258
test_accuracy,58,0.7237
test_accuracy,59,0.7267
