test_accuracy,0,0.5726
test_accuracy,1,0.7066
test_accuracy,2,0.7244
test_accuracy,3,0.6488
test_accuracy,4,0.6842
test_accuracy,5,0.717
test_accuracy,6,0.7154
test_accuracy,7,0.7329
test_accuracy,8,0.7745
test_accuracy,9,0.7207
test_accuracy,10,0.7624
test_accuracy,11,0.7556
test_accuracy,12,0.793
test_accuracy,13,0.7937
test_accuracy,14,0.8107
test_accuracy,15,0.8138
test_accuracy,16,0.8131
test_accuracy,17,0.8145
test_accuracy,18,0.8148
test_accuracy,19,0.8149
test_accuracy,20,0.8143
test_accuracy,21,0.8148
test_accuracy,22,0.8154
test_accuracy,23,0.8151
test_accuracy,24,0.8154
test_accuracy,25,0.8148
test_accuracy,26,0.8152
test_accuracy,27,0.8149
test_accuracy,28,0.8163
test_accuracy,29,0.8171
test_accuracy,30,0.8175
test_accuracy,31,0.8162
test_accuracy,32,0.8155
test_accuracy,33,0.8164
test_accuracy,34,0.8165
test_accuracy,35,0.8157
test_accuracy,36,0.8169
test_accuracy,37,0.817
test_accuracy,38,0.8167
test_accuracy,39,0.8165
test_accuracy,40,0.8163
test_accuracy,41,0.8163
test_accuracy,42,0.8175
test_accuracy,43,0.8169
test_accuracy,44,0.817
test_accuracy,45,0.8181
test_accuracy,46,0.8173
test_accuracy,47,0.8186
test_accuracy,48,0.8176
test_accuracy,49,0.8143
test_accuracy,50,0.8179
test_accuracy,51,0.816
test_accuracy,52,0.8161
test_accuracy,53,0.8175
test_accuracy,54,0.8172
test_accuracy,55,0.8162
test_accuracy,56,0.8176
test_accuracy,57,0.8183
test_accuracy,58,0.8163
test_accuracy,59,0.817
