test_accuracy,0,0.4617
test_accuracy,1,0.4828
test_accuracy,2,0.611
test_accuracy,3,0.5783
test_accuracy,4,0.6273
test_accuracy,5,0.6677
test_accuracy,6,0.6899
test_accuracy,7,0.6665
test_accuracy,8,0.7015
test_accuracy,9,0.6662
test_accuracy,10,0.6688
test_accuracy,11,0.7149
test_accuracy,12,0.696
test_accuracy,13,0.6835
test_accuracy,14,0.6965
test_accuracy,15,0.643
test_accuracy,16,0.713
test_accuracy,17,0.6667
test_accuracy,18,0.7104
test_accuracy,19,0.7147
test_accuracy,20,0.707
test_accuracy,21,0.6955
test_accuracy,22,0.7187
test_accuracy,23,0.7116
test_accuracy,24,0.6973
test_accuracy,25,0.7301
test_accuracy,26,0.742
test_accuracy,27,0.743
test_accuracy,28,0.7428
test_accuracy,29,0.7391
test_accuracy,30,0.7412
test_accuracy,31,0.7464
test_accuracy,32,0.7481
test_accuracy,33,0.7487
test_accuracy,34,0.7485
test_accuracy,35,0.7482
test_accuracy,36,0.7492
test_accuracy,37,0.7499
test_accuracy,38,0.7472
test_accuracy,39,0.7464
test_accuracy,40,0.7427
test_accuracy,41,0.7452
test_accuracy,42,0.7469
test_accuracy,43,0.7465
test_accuracy,44,0.7455
test_accuracy,45,0.7465
test_accuracy,46,0.7454
test_accuracy,47,0.746
test_accuracy,48,0.7461
test_accuracy,49,0.7459
test_accuracy,50,0.7481
test_accuracy,51,0.7463
test_accuracy,52,0.7466
test_accuracy,53,0.7449
test_accuracy,54,0.7478
test_accuracy,55,0.7464
test_accuracy,56,0.7464
test_accuracy,57,0.7468
test_accuracy,58,0.7469
test_accuracy,59,0.7477
