test_accuracy,0,0.2185
test_accuracy,1,0.2478
test_accuracy,2,0.2658
test_accuracy,3,0.3005
test_accuracy,4,0.2992
test_accuracy,5,0.3494
test_accuracy,6,0.3742
test_accuracy,7,0.2912
test_accuracy,8,0.3132
test_accuracy,9,0.3651
test_accuracy,10,0.386
test_accuracy,11,0.3516
test_accuracy,12,0.362
test_accuracy,13,0.3671
test_accuracy,14,0.3724
test_accuracy,15,0.3767
test_accuracy,16,0.4254
test_accuracy,17,0.382
test_accuracy,18,0.4266
test_accuracy,19,0.417
test_accuracy,20,0.3896
test_accuracy,21,0.3554
test_accuracy,22,0.4244
test_accuracy,23,0.3128
test_accuracy,24,0.4107
test_accuracy,25,0.4281
test_accuracy,26,0.424
test_accuracy,27,0.4256
test_accuracy,28,0.4232
test_accuracy,29,0.401
test_accuracy,30,0.4527
test_accuracy,31,0.4278
test_accuracy,32,0.4257
test_accuracy,33,0.4383
test_accuracy,34,0.4044
test_accuracy,35,0.4282
test_accuracy,36,0.4003
test_accuracy,37,0.4314
test_accuracy,38,0.4407
test_accuracy,39,0.4322
test_accuracy,40,0.4344
test_accuracy,41,0.4456
test_accuracy,42,0.4685
test_accuracy,43,0.4583
test_accuracy,44,0.4474
test_accuracy,45,0.4471
test_accuracy,46,0.459
test_accuracy,47,0.4475
test_accuracy,48,0.4445
test_accuracy,49,0.4455
test_accuracy,50,0.4441
test_accuracy,51,0.4564
test_accuracy,52,0.446
test_accuracy,53,0.445
test_accuracy,54,0.4422
test_accuracy,55,0.4443
test_accuracy,56,0.4673
test_accuracy,57,0.47
test_accuracy,58,0.4415
test_accuracy,59,0.4524
