test_accuracy,0,0.1
test_accuracy,1,0.6555
test_accuracy,2,0.556
test_accuracy,3,0.6995
test_accuracy,4,0.5223
test_accuracy,5,0.4975
test_accuracy,6,0.6314
test_accuracy,7,0.6843
test_accuracy,8,0.7209
test_accuracy,9,0.679
test_accuracy,10,0.7353
test_accuracy,11,0.6222
test_accuracy,12,0.7416
test_accuracy,13,0.7584
test_accuracy,14,0.7596
test_accuracy,15,0.7501
test_accuracy,16,0.7687
test_accuracy,17,0.7805
test_accuracy,18,0.7778
test_accuracy,19,0.7957
test_accuracy,20,0.7903
test_accuracy,21,0.7975
test_accuracy,22,0.7988
test_accuracy,23,0.7991
test_accuracy,24,0.7966
test_accuracy,25,0.7995
test_accuracy,26,0.7991
test_accuracy,27,0.7974
test_accuracy,28,0.7988
test_accuracy,29,0.7986
test_accuracy,30,0.7975
test_accuracy,31,0.7997
test_accuracy,32,0.7991
test_accuracy,33,0.7999
test_accuracy,34,0.7995
test_accuracy,35,0.799
test_accuracy,36,0.7974
test_accuracy,37,0.7986
test_accuracy,38,0.7983
test_accuracy,39,0.7978
test_accuracy,40,0.7988
test_accuracy,41,0.799
test_accuracy,42,0.7996
test_accuracy,43,0.7996
test_accuracy,44,0.7993
test_accuracy,45,0.7997
test_accuracy,46,0.7987
test_accuracy,47,0.7993
test_accuracy,48,0.7994
test_accuracy,49,0.7988
test_accuracy,50,0.7982
test_accuracy,51,0.7998
test_accuracy,52,0.7982
test_accuracy,53,0.7994
test_accuracy,54,0.7995
test_accuracy,55,0.7981
test_accuracy,56,0.799
test_accuracy,57,0.7991
test_accuracy,58,0.7999
test_accuracy,59,0.7989
