test_accuracy,0,0.1
test_accuracy,1,0.5792
test_accuracy,2,0.6849
test_accuracy,3,0.55
test_accuracy,4,0.5948
test_accuracy,5,0.6905
test_accuracy,6,0.6785
test_accuracy,7,0.7541
test_accuracy,8,0.6454
test_accuracy,9,0.7396
test_accuracy,10,0.7034
test_accuracy,11,0.6319
test_accuracy,12,0.7166
test_accuracy,13,0.7163
test_accuracy,14,0.639
test_accuracy,15,0.6963
test_accuracy,16,0.7125
test_accuracy,17,0.751
test_accuracy,18,0.6712
test_accuracy,19,0.7381
test_accuracy,20,0.7052
test_accuracy,21,0.7287
test_accuracy,22,0.7356
test_accuracy,23,0.7115
test_accuracy,24,0.7093
test_accuracy,25,0.7503
test_accuracy,26,0.7436
test_accuracy,27,0.7429
test_accuracy,28,0.7656
test_accuracy,29,0.7515
test_accuracy,30,0.7439
test_accuracy,31,0.7593
test_accuracy,32,0.7664
test_accuracy,33,0.7735
test_accuracy,34,0.7716
test_accuracy,35,0.7761
test_accuracy,36,0.7739
test_accuracy,37,0.7749
test_accuracy,38,0.7777
test_accuracy,39,0.7803
test_accuracy,40,0.7795
test_accuracy,41,0.7821
test_accuracy,42,0.7825
test_accuracy,43,0.7795
test_accuracy,44,0.7811
test_accuracy,45,0.7827
test_accuracy,46,0.7821
test_accuracy,47,0.7814
test_accuracy,48,0.7811
test_accuracy,49,0.7802
test_accuracy,50,0.7812
test_accuracy,51,0.7818
test_accuracy,52,0.7814
test_accuracy,53,0.7809
test_accuracy,54,0.7802
test_accuracy,55,0.7809
test_accuracy,56,0.7822
test_accuracy,57,0.7788
test_accuracy,58,0.782
test_accuracy,59,0.7826
