test_accuracy,0,0.1
test_accuracy,1,0.3353
test_accuracy,2,0.6285
test_accuracy,3,0.6058
test_accuracy,4,0.4465
test_accuracy,5,0.5095
test_accuracy,6,0.6984
test_accuracy,7,0.6407
test_accuracy,8,0.6339
test_accuracy,9,0.7229
test_accuracy,10,0.606
test_accuracy,11,0.7123
test_accuracy,12,0.5831
test_accuracy,13,0.657
test_accuracy,14,0.6623
test_accuracy,15,0.7061
test_accuracy,16,0.7095
test_accuracy,17,0.6773
test_accuracy,18,0.7071
test_accuracy,19,0.6691
test_accuracy,20,0.6244
test_accuracy,21,0.669
test_accuracy,22,0.6967
test_accuracy,23,0.6491
test_accuracy,24,0.6831
test_accuracy,25,0.6533
test_accuracy,26,0.6243
test_accuracy,27,0.623
test_accuracy,28,0.6757
test_accuracy,29,0.6899
test_accuracy,30,0.6822
test_accuracy,31,0.6767
test_accuracy,32,0.7162
test_accuracy,33,0.7036
test_accuracy,34,0.6653
test_accuracy,35,0.6607
test_accuracy,36,0.7147
test_accuracy,37,0.7046
test_accuracy,38,0.6476
test_accuracy,39,0.6978
test_accuracy,40,0.7081
test_accuracy,41,0.7342
test_accuracy,42,0.737
test_accuracy,43,0.7365
test_accuracy,44,0.7376
test_accuracy,45,0.7382
test_accuracy,46,0.7366
test_accuracy,47,0.7345
test_accuracy,48,0.7358
test_accuracy,49,0.7343
test_accuracy,50,0.7339
test_accuracy,51,0.7357
test_accuracy,52,0.7351
test_accuracy,53,0.736
test_accuracy,54,0.7378
test_accuracy,55,0.7363
test_accuracy,56,0.7342
test_accuracy,57,0.7353
test_accuracy,58,0.7331
test_accuracy,59,0.735
