test_accuracy,0,0.5565
test_accuracy,1,0.5682
test_accuracy,2,0.6748
test_accuracy,3,0.5755
test_accuracy,4,0.6424
test_accuracy,5,0.7009
test_accuracy,6,0.5741
test_accuracy,7,0.6136
test_accuracy,8,0.6639
test_accuracy,9,0.6805
test_accuracy,10,0.7
test_accuracy,11,0.6838
test_accuracy,12,0.7168
test_accuracy,13,0.7071
test_accuracy,14,0.7152
test_accuracy,15,0.6776
test_accuracy,16,0.6939
test_accuracy,17,0.6882
test_accuracy,18,0.7072
test_accuracy,19,0.6795
test_accuracy,20,0.7134
test_accuracy,21,0.7192
test_accuracy,22,0.7159
test_accuracy,23,0.6886
test_accuracy,24,0.7298
test_accuracy,25,0.7383
test_accuracy,26,0.7292
test_accuracy,27,0.7375
test_accuracy,28,0.7331
test_accuracy,29,0.7412
test_accuracy,30,0.7468
test_accuracy,31,0.749
test_accuracy,32,0.7474
test_accuracy,33,0.7491
test_accuracy,34,0.7484
test_accuracy,35,0.7484
test_accuracy,36,0.7496
test_accuracy,37,0.7466
test_accuracy,38,0.7473
test_accuracy,39,0.7494
test_accuracy,40,0.7461
test_accuracy,41,0.7482
test_accuracy,42,0.749
test_accuracy,43,0.7489
test_accuracy,44,0.7499
test_accuracy,45,0.7482
test_accuracy,46,0.7476
test_accuracy,47,0.7495
test_accuracy,48,0.7483
test_accuracy,49,0.7486
test_accuracy,50,0.749
test_accuracy,51,0.7495
test_accuracy,52,0.7476
test_accuracy,53,0.7486
test_accuracy,54,0.7489
test_accuracy,55,0.748
test_accuracy,56,0.7501
test_accuracy,57,0.7507
test_accuracy,58,0.7487
test_accuracy,59,0.7498
