test_accuracy,0,0.5423
test_accuracy,1,0.582
test_accuracy,2,0.6605
test_accuracy,3,0.6298
test_accuracy,4,0.6305
test_accuracy,5,0.7
test_accuracy,6,0.7015
test_accuracy,7,0.7086
test_accuracy,8,0.7108
test_accuracy,9,0.6533
test_accuracy,10,0.7067
test_accuracy,11,0.7024
test_accuracy,12,0.7053
test_accuracy,13,0.7282
test_accuracy,14,0.7064
test_accuracy,15,0.7516
test_accuracy,16,0.7576
test_accuracy,17,0.7582
test_accuracy,18,0.7609
test_accuracy,19,0.7646
test_accuracy,20,0.7664
test_accuracy,21,0.766
test_accuracy,22,0.7661
test_accuracy,23,0.7664
test_accuracy,24,0.7657
test_accuracy,25,0.7659
test_accuracy,26,0.7657
test_accuracy,27,0.7643
test_accuracy,28,0.7636
test_accuracy,29,0.7671
test_accuracy,30,0.7666
test_accuracy,31,0.7632
test_accuracy,32,0.7647
test_accuracy,33,0.765
test_accuracy,34,0.7465
test_accuracy,35,0.7653
test_accuracy,36,0.7654
test_accuracy,37,0.759
test_accuracy,38,0.7654
test_accuracy,39,0.7624
test_accuracy,40,0.7654
test_accuracy,41,0.7657
test_accuracy,42,0.7642
test_accuracy,43,0.7657
test_accuracy,44,0.7643
test_accuracy,45,0.7656
test_accuracy,46,0.7644
test_accuracy,47,0.766
test_accuracy,48,0.7646
test_accuracy,49,0.7661
test_accuracy,50,0.7647
test_accuracy,51,0.7672
test_accuracy,52,0.765
test_accuracy,53,0.767
test_accuracy,54,0.7668
test_accuracy,55,0.7654
test_accuracy,56,0.7658
test_accuracy,57,0.7644
test_accuracy,58,0.7657
test_accuracy,59,0.765
