test_accuracy,0,0.5199
test_accuracy,1,0.5891
test_accuracy,2,0.5535
test_accuracy,3,0.5761
test_accuracy,4,0.6609
test_accuracy,5,0.6427
test_accuracy,6,0.6297
test_accuracy,7,0.4466
test_accuracy,8,0.6765
test_accuracy,9,0.6606
test_accuracy,10,0.7003
test_accuracy,11,0.6933
test_accuracy,12,0.6595
test_accuracy,13,0.657
test_accuracy,14,0.6463
test_accuracy,15,0.7085
test_accuracy,16,0.6357
test_accuracy,17,0.6765
test_accuracy,18,0.6338
test_accuracy,19,0.6928
test_accuracy,20,0.6396
test_accuracy,21,0.6972
test_accuracy,22,0.6779
test_accuracy,23,0.6676
test_accuracy,24,0.6557
test_accuracy,25,0.625
test_accuracy,26,0.6765
test_accuracy,27,0.6602
test_accuracy,28,0.6939
test_accuracy,29,0.6904
test_accuracy,30,0.6213
test_accuracy,31,0.6612
test_accuracy,32,0.6646
test_accuracy,33,0.7067
test_accuracy,34,0.6816
test_accuracy,35,0.6886
test_accuracy,36,0.653
test_accuracy,37,0.6869
test_accuracy,38,0.6413
test_accuracy,39,0.7027
test_accuracy,40,0.6947
test_accuracy,41,0.7215
test_accuracy,42,0.7226
test_accuracy,43,0.7225
test_accuracy,44,0.7231
test_accuracy,45,0.7251
test_accuracy,46,0.7244
test_accuracy,47,0.7241
test_accuracy,48,0.7229
test_accuracy,49,0.7272
test_accuracy,50,0.7224
test_accuracy,51,0.7239
test_accuracy,52,0.7259
test_accuracy,53,0.7245
test_accuracy,54,0.7238
test_accuracy,55,0.723
test_accuracy,56,0.7214
test_accuracy,57,0.7231
test_accuracy,58,0.7232
test_accuracy,59,0.7213
