test_accuracy,0,0.2015
test_accuracy,1,0.2395
test_accuracy,2,0.2542
test_accuracy,3,0.2738
test_accuracy,4,0.2931
test_accuracy,5,0.2819
test_accuracy,6,0.3235
test_accuracy,7,0.3455
test_accuracy,8,0.3463
test_accuracy,9,0.333
test_accuracy,10,0.351
test_accuracy,11,0.382
test_accuracy,12,0.3476
test_accuracy,13,0.3681
test_accuracy,14,0.3654
test_accuracy,15,0.3712
test_accuracy,16,0.3694
test_accuracy,17,0.4134
test_accuracy,18,0.4169
test_accuracy,19,0.3896
test_accuracy,20,0.3544
test_accuracy,21,0.4123
test_accuracy,22,0.3675
test_accuracy,23,0.4442
test_accuracy,24,0.4357
test_accuracy,25,0.4543
test_accuracy,26,0.4093
test_accuracy,27,0.4439
test_accuracy,28,0.4399
test_accuracy,29,0.4065
test_accuracy,30,0.4072
test_accuracy,31,0.4319
test_accuracy,32,0.439
test_accuracy,33,0.416
test_accuracy,34,0.4672
test_accuracy,35,0.4815
test_accuracy,36,0.4693
test_accuracy,37,0.4807
test_accuracy,38,0.4653
test_accuracy,39,0.4792
test_accuracy,40,0.4392
test_accuracy,41,0.4685
test_accuracy,42,0.5005
test_accuracy,43,0.5024
test_accuracy,44,0.4648
test_accuracy,45,0.4989
test_accuracy,46,0.4628
test_accuracy,47,0.4962
test_accuracy,48,0.5008
test_accuracy,49,0.4667
test_accuracy,50,0.4626
test_accuracy,51,0.4988
test_accuracy,52,0.4592
test_accuracy,53,0.4958
test_accuracy,54,0.4951
test_accuracy,55,0.4985
test_accuracy,56,0.4961
test_accuracy,57,0.4613
test_accuracy,58,0.4613
test_accuracy,59,0.4635
