test_accuracy,0,0.532
test_accuracy,1,0.6621
test_accuracy,2,0.6913
test_accuracy,3,0.6886
test_accuracy,4,0.6523
test_accuracy,5,0.6375
test_accuracy,6,0.6842
test_accuracy,7,0.6459
test_accuracy,8,0.7204
test_accuracy,9,0.7458
test_accuracy,10,0.756
test_accuracy,11,0.7756
test_accuracy,12,0.779
test_accuracy,13,0.7856
test_accuracy,14,0.7875
test_accuracy,15,0.7872
test_accuracy,16,0.7873
test_accuracy,17,0.7888
test_accuracy,18,0.7867
test_accuracy,19,0.7877
test_accuracy,20,0.7862
test_accuracy,21,0.7873
test_accuracy,22,0.7875
test_accuracy,23,0.7876
test_accuracy,24,0.79
test_accuracy,25,0.7871
test_accuracy,26,0.789
test_accuracy,27,0.7877
test_accuracy,28,0.7882
test_accuracy,29,0.7895
test_accuracy,30,0.7886
test_accuracy,31,0.7891
test_accuracy,32,0.7882
test_accuracy,33,0.7888
test_accuracy,34,0.7884
test_accuracy,35,0.7907
test_accuracy,36,0.7882
test_accuracy,37,0.7881
test_accuracy,38,0.7888
test_accuracy,39,0.7886
test_accuracy,40,0.7883
test_accuracy,41,0.7898
test_accuracy,42,0.7902
test_accuracy,43,0.7892
test_accuracy,44,0.7903
test_accuracy,45,0.7896
test_accuracy,46,0.7905
test_accuracy,47,0.788
test_accuracy,48,0.79
test_accuracy,49,0.7882
test_accuracy,50,0.789
test_accuracy,51,0.7887
test_accuracy,52,0.7892
test_accuracy,53,0.7892
test_accuracy,54,0.7894
test_accuracy,55,0.7887
test_accuracy,56,0.7902
test_accuracy,57,0.79
test_accuracy,58,0.7896
test_accuracy,59,0.79
