test_accuracy,0,0.4463
test_accuracy,1,0.5763
test_accuracy,2,0.659
test_accuracy,3,0.6125
test_accuracy,4,0.6057
test_accuracy,5,0.6893
test_accuracy,6,0.5895
test_accuracy,7,0.6716
test_accuracy,8,0.6999
test_accuracy,9,0.6697
test_accuracy,10,0.6565
test_accuracy,11,0.7021
test_accuracy,12,0.7227
test_accuracy,13,0.7195
test_accuracy,14,0.6632
test_accuracy,15,0.7192
test_accuracy,16,0.7414
test_accuracy,17,0.7483
test_accuracy,18,0.7447
test_accuracy,19,0.7536
test_accuracy,20,0.7559
test_accuracy,21,0.7569
test_accuracy,22,0.7574
test_accuracy,23,0.757
test_accuracy,24,0.7575
test_accuracy,25,0.7551
test_accuracy,26,0.7599
test_accuracy,27,0.7554
test_accuracy,28,0.7567
test_accuracy,29,0.7573
test_accuracy,30,0.7576
test_accuracy,31,0.7572
test_accuracy,32,0.7577
test_accuracy,33,0.7565
test_accuracy,34,0.759
test_accuracy,35,0.7566
test_accuracy,36,0.7556
test_accuracy,37,0.7559
test_accuracy,38,0.7585
test_accuracy,39,0.7586
test_accuracy,40,0.7588
test_accuracy,41,0.7593
test_accuracy,42,0.7597
test_accuracy,43,0.7601
test_accuracy,44,0.758
test_accuracy,45,0.7598
test_accuracy,46,0.759
test_accuracy,47,0.7591
test_accuracy,48,0.7592
test_accuracy,49,0.7581
test_accuracy,50,0.7596
test_accuracy,51,0.7591
test_accuracy,52,0.7581
test_accuracy,53,0.7589
test_accuracy,54,0.7594
test_accuracy,55,0.7583
test_accuracy,56,0.7592
test_accuracy,57,0.7584
test_accuracy,58,0.7587
test_accuracy,59,0.7601
