test_accuracy,0,0.162
test_accuracy,1,0.1918
test_accuracy,2,0.2089
test_accuracy,3,0.228
test_accuracy,4,0.2132
test_accuracy,5,0.2886
test_accuracy,6,0.2503
test_accuracy,7,0.3233
test_accuracy,8,0.3512
test_accuracy,9,0.3584
test_accuracy,10,0.3201
test_accuracy,11,0.3488
test_accuracy,12,0.3675
test_accuracy,13,0.3954
test_accuracy,14,0.3787
test_accuracy,15,0.406
test_accuracy,16,0.4375
test_accuracy,17,0.3861
test_accuracy,18,0.4379
test_accuracy,19,0.4033
test_accuracy,20,0.43
test_accuracy,21,0.4099
test_accuracy,22,0.4617
test_accuracy,23,0.4203
test_accuracy,24,0.4421
test_accuracy,25,0.4727
test_accuracy,26,0.4774
test_accuracy,27,0.4555
test_accuracy,28,0.5122
test_accuracy,29,0.505
test_accuracy,30,0.4722
test_accuracy,31,0.4928
test_accuracy,32,0.5023
test_accuracy,33,0.4501
test_accuracy,34,0.4727
test_accuracy,35,0.5191
test_accuracy,36,0.5126
test_accuracy,37,0.4867
test_accuracy,38,0.5178
test_accuracy,39,0.5211
test_accuracy,40,0.5066
test_accuracy,41,0.5645
test_accuracy,42,0.5639
test_accuracy,43,0.5468
test_accuracy,44,0.5441
test_accuracy,45,0.5479
test_accuracy,46,0.563
test_accuracy,47,0.562
test_accuracy,48,0.5485
test_accuracy,49,0.5627
test_accuracy,50,0.5466
test_accuracy,51,0.5622
test_accuracy,52,0.5619
test_accuracy,53,0.5465
test_accuracy,54,0.5573
test_accuracy,55,0.545
test_accuracy,56,0.5455
test_accuracy,57,0.5421
test_accuracy,58,0.5574
test_accuracy,59,0.5598
