test_accuracy,0,0.5989
test_accuracy,1,0.521
test_accuracy,2,0.6563
test_accuracy,3,0.6707
test_accuracy,4,0.6001
test_accuracy,5,0.6008
test_accuracy,6,0.6095
test_accuracy,7,0.666
test_accuracy,8,0.6934
test_accuracy,9,0.6862
test_accuracy,10,0.4537
test_accuracy,11,0.7187
test_accuracy,12,0.6653
test_accuracy,13,0.6738
test_accuracy,14,0.7214
test_accuracy,15,0.6625
test_accuracy,16,0.6695
test_accuracy,17,0.6125
test_accuracy,18,0.7034
test_accuracy,19,0.6947
test_accuracy,20,0.7035
test_accuracy,21,0.7232
test_accuracy,22,0.705
test_accuracy,23,0.7152
test_accuracy,24,0.7258
test_accuracy,25,0.7425
test_accuracy,26,0.7405
test_accuracy,27,0.742
test_accuracy,28,0.7385
test_accuracy,29,0.7469
test_accuracy,30,0.7488
test_accuracy,31,0.7493
test_accuracy,32,0.751
test_accuracy,33,0.7521
test_accuracy,34,0.7506
test_accuracy,35,0.7494
test_accuracy,36,0.749
test_accuracy,37,0.748
test_accuracy,38,0.7503
test_accuracy,39,0.7507
test_accuracy,40,0.7379
test_accuracy,41,0.7475
test_accuracy,42,0.7484
test_accuracy,43,0.7494
test_accuracy,44,0.7485
test_accuracy,45,0.7492
test_accuracy,46,0.7502
test_accuracy,47,0.7507
test_accuracy,48,0.7505
test_accuracy,49,0.751
test_accuracy,50,0.75
test_accuracy,51,0.7499
test_accuracy,52,0.7505
test_accuracy,53,0.7502
test_accuracy,54,0.75
test_accuracy,55,0.751
test_accuracy,56,0.7504
test_accuracy,57,0.7508
test_accuracy,58,0.7514
test_accuracy,59,0.7498
