test_accuracy,0,0.5487
test_accuracy,1,0.6471
test_accuracy,2,0.6721
test_accuracy,3,0.6762
test_accuracy,4,0.6834
test_accuracy,5,0.671
test_accuracy,6,0.7254
test_accuracy,7,0.6694
test_accuracy,8,0.7138
test_accuracy,9,0.5908
test_accuracy,10,0.6899
test_accuracy,11,0.7605
test_accuracy,12,0.7685
test_accuracy,13,0.7628
test_accuracy,14,0.7876
test_accuracy,15,0.7902
test_accuracy,16,0.7909
test_accuracy,17,0.7955
test_accuracy,18,0.7931
test_accuracy,19,0.7956
test_accuracy,20,0.7957
test_accuracy,21,0.796
test_accuracy,22,0.7965
test_accuracy,23,0.7963
test_accuracy,24,0.7954
test_accuracy,25,0.7962
test_accuracy,26,0.7958
test_accuracy,27,0.7971
test_accuracy,28,0.7969
test_accuracy,29,0.7968
test_accuracy,30,0.7967
test_accuracy,31,0.7959
test_accuracy,32,0.7968
test_accuracy,33,0.7977
test_accuracy,34,0.7961
test_accuracy,35,0.7964
test_accuracy,36,0.7966
test_accuracy,37,0.7965
test_accuracy,38,0.7974
test_accuracy,39,0.7985
test_accuracy,40,0.7974
test_accuracy,41,0.7984
test_accuracy,42,0.7971
test_accuracy,43,0.7978
test_accuracy,44,0.7985
test_accuracy,45,0.7965
test_accuracy,46,0.7959
test_accuracy,47,0.7979
test_accuracy,48,0.7971
test_accuracy,49,0.7975
test_accuracy,50,0.7973
test_accuracy,51,0.7982
test_accuracy,52,0.7972
test_accuracy,53,0.7984
test_accuracy,54,0.7977
test_accuracy,55,0.797
test_accuracy,56,0.7979
test_accuracy,57,0.7989
test_accuracy,58,0.7989
test_accuracy,59,0.797
