test_accuracy,0,0.5028
test_accuracy,1,0.5873
test_accuracy,2,0.6066
test_accuracy,3,0.5661
test_accuracy,4,0.6414
test_accuracy,5,0.6076
test_accuracy,6,0.6645
test_accuracy,7,0.6436
test_accuracy,8,0.6795
test_accuracy,9,0.6326
test_accuracy,10,0.6158
test_accuracy,11,0.6664
test_accuracy,12,0.7002
test_accuracy,13,0.6644
test_accuracy,14,0.6488
test_accuracy,15,0.6386
test_accuracy,16,0.6981
test_accuracy,17,0.6616
test_accuracy,18,0.6344
test_accuracy,19,0.6414
test_accuracy,20,0.698
test_accuracy,21,0.693
test_accuracy,22,0.6973
test_accuracy,23,0.635
test_accuracy,24,0.6941
test_accuracy,25,0.706
test_accuracy,26,0.682
test_accuracy,27,0.7018
test_accuracy,28,0.6656
test_accuracy,29,0.6462
test_accuracy,30,0.7045
test_accuracy,31,0.6777
test_accuracy,32,0.6808
test_accuracy,33,0.6897
test_accuracy,34,0.6486
test_accuracy,35,0.6887
test_accuracy,36,0.7078
test_accuracy,37,0.6983
test_accuracy,38,0.6972
test_accuracy,39,0.7016
test_accuracy,40,0.7096
test_accuracy,41,0.7246
test_accuracy,42,0.7308
test_accuracy,43,0.7279
test_accuracy,44,0.73
test_accuracy,45,0.7295
test_accuracy,46,0.7277
test_accuracy,47,0.7261
test_accuracy,48,0.7302
test_accuracy,49,0.7274
test_accuracy,50,0.73
test_accuracy,51,0.7284
test_accuracy,52,0.7282
test_accuracy,53,0.7269
test_accuracy,54,0.7279
test_accuracy,55,0.7285
test_accuracy,56,0.7283
test_accuracy,57,0.7298
test_accuracy,58,0.7277
test_accuracy,59,0.7276
