test_accuracy,0,0.1
test_accuracy,1,0.521
test_accuracy,2,0.5119
test_accuracy,3,0.5969
test_accuracy,4,0.7065
test_accuracy,5,0.6993
test_accuracy,6,0.6557
test_accuracy,7,0.6989
test_accuracy,8,0.7224
test_accuracy,9,0.7033
test_accuracy,10,0.6796
test_accuracy,11,0.6695
test_accuracy,12,0.7342
test_accuracy,13,0.7343
test_accuracy,14,0.65
test_accuracy,15,0.6806
test_accuracy,16,0.6975
test_accuracy,17,0.702
test_accuracy,18,0.7296
test_accuracy,19,0.7382
test_accuracy,20,0.736
test_accuracy,21,0.7422
test_accuracy,22,0.7446
test_accuracy,23,0.7286
test_accuracy,24,0.7389
test_accuracy,25,0.7483
test_accuracy,26,0.7455
test_accuracy,27,0.7418
test_accuracy,28,0.7449
test_accuracy,29,0.7478
test_accuracy,30,0.7588
test_accuracy,31,0.7713
test_accuracy,32,0.7662
test_accuracy,33,0.7636
test_accuracy,34,0.7664
test_accuracy,35,0.7731
test_accuracy,36,0.7688
test_accuracy,37,0.7757
test_accuracy,38,0.771
test_accuracy,39,0.7682
test_accuracy,40,0.7741
test_accuracy,41,0.7759
test_accuracy,42,0.775
test_accuracy,43,0.7758
test_accuracy,44,0.7747
test_accuracy,45,0.7761
test_accuracy,46,0.775
test_accuracy,47,0.7757
test_accuracy,48,0.7778
test_accuracy,49,0.7762
test_accuracy,50,0.7757
test_accuracy,51,0.7736
test_accuracy,52,0.776
test_accuracy,53,0.7748
test_accuracy,54,0.7751
test_accuracy,55,0.7761
test_accuracy,56,0.7747
test_accuracy,57,0.7755
test_accuracy,58,0.7743
test_accuracy,59,0.7754
