test_accuracy,0,0.1046
test_accuracy,1,0.6737
test_accuracy,2,0.6729
test_accuracy,3,0.6651
test_accuracy,4,0.714
test_accuracy,5,0.6916
test_accuracy,6,0.6693
test_accuracy,7,0.714
test_accuracy,8,0.7315
test_accuracy,9,0.7064
test_accuracy,10,0.7078
test_accuracy,11,0.755
test_accuracy,12,0.782
test_accuracy,13,0.7878
test_accuracy,14,0.7993
test_accuracy,15,0.801
test_accuracy,16,0.801
test_accuracy,17,0.8012
test_accuracy,18,0.8009
test_accuracy,19,0.8019
test_accuracy,20,0.8011
test_accuracy,21,0.8027
test_accuracy,22,0.801
test_accuracy,23,0.8009
test_accuracy,24,0.8017
test_accuracy,25,0.8027
test_accuracy,26,0.8025
test_accuracy,27,0.8012
test_accuracy,28,0.8018
test_accuracy,29,0.8034
test_accuracy,30,0.803
test_accuracy,31,0.8031
test_accuracy,32,0.8021
test_accuracy,33,0.8026
test_accuracy,34,0.8022
test_accuracy,35,0.8026
test_accuracy,36,0.8017
test_accuracy,37,0.8032
test_accuracy,38,0.8023
test_accuracy,39,0.8013
test_accuracy,40,0.802
test_accuracy,41,0.8017
test_accuracy,42,0.8018
test_accuracy,43,0.8037
test_accuracy,44,0.802
test_accuracy,45,0.8015
test_accuracy,46,0.8025
test_accuracy,47,0.8018
test_accuracy,48,0.8034
test_accuracy,49,0.8025
test_accuracy,50,0.8026
test_accuracy,51,0.8044
test_accuracy,52,0.8013
test_accuracy,53,0.8023
test_accuracy,54,0.8031
test_accuracy,55,0.8021
test_accuracy,56,0.8028
test_accuracy,57,0.803
test_accuracy,58,0.8027
test_accuracy,59,0.8015
