test_accuracy,0,0.1
test_accuracy,1,0.4561
test_accuracy,2,0.5376
test_accuracy,3,0.5588
test_accuracy,4,0.6254
test_accuracy,5,0.6181
test_accuracy,6,0.659
test_accuracy,7,0.591
test_accuracy,8,0.6615
test_accuracy,9,0.5971
test_accuracy,10,0.6914
test_accuracy,11,0.6969
test_accuracy,12,0.698
test_accuracy,13,0.6762
test_accuracy,14,0.7124
test_accuracy,15,0.6926
test_accuracy,16,0.7013
test_accuracy,17,0.675
test_accuracy,18,0.6551
test_accuracy,19,0.7131
test_accuracy,20,0.7157
test_accuracy,21,0.7259
test_accuracy,22,0.6988
test_accuracy,23,0.6803
test_accuracy,24,0.6614
test_accuracy,25,0.6606
test_accuracy,26,0.7097
test_accuracy,27,0.6837
test_accuracy,28,0.705
test_accuracy,29,0.6857
test_accuracy,30,0.7011
test_accuracy,31,0.6698
test_accuracy,32,0.6508
test_accuracy,33,0.7007
test_accuracy,34,0.7145
test_accuracy,35,0.5396
test_accuracy,36,0.7064
test_accuracy,37,0.7011
test_accuracy,38,0.7044
test_accuracy,39,0.7097
test_accuracy,40,0.7024
test_accuracy,41,0.74
test_accuracy,42,0.7412
test_accuracy,43,0.742
test_accuracy,44,0.7407
test_accuracy,45,0.739
test_accuracy,46,0.742
test_accuracy,47,0.7422
test_accuracy,48,0.7398
test_accuracy,49,0.7391
test_accuracy,50,0.7425
test_accuracy,51,0.7412
test_accuracy,52,0.7381
test_accuracy,53,0.7409
test_accuracy,54,0.7423
test_accuracy,55,0.7432
test_accuracy,56,0.7412
test_accuracy,57,0.7434
test_accuracy,58,0.7407
test_accuracy,59,0.7416
