test_accuracy,0,0.1
test_accuracy,1,0.1147
test_accuracy,2,0.186
test_accuracy,3,0.1713
test_accuracy,4,0.2003
test_accuracy,5,0.1845
test_accuracy,6,0.1887
test_accuracy,7,0.1905
test_accuracy,8,0.1927
test_accuracy,9,0.1908
test_accuracy,10,0.2143
test_accuracy,11,0.2232
test_accuracy,12,0.1969
test_accuracy,13,0.2207
test_accuracy,14,0.1944
test_accuracy,15,0.1938
test_accuracy,16,0.1856
test_accuracy,17,0.1984
test_accuracy,18,0.1986
test_accuracy,19,0.2056
test_accuracy,20,0.2049
test_accuracy,21,0.207
test_accuracy,22,0.1807
test_accuracy,23,0.1954
test_accuracy,24,0.1897
test_accuracy,25,0.2235
test_accuracy,26,0.1964
test_accuracy,27,0.2191
test_accuracy,28,0.1995
test_accuracy,29,0.1916
test_accuracy,30,0.2037
test_accuracy,31,0.21
test_accuracy,32,0.2079
test_accuracy,33,0.1825
test_accuracy,34,0.204
test_accuracy,35,0.2098
test_accuracy,36,0.217
test_accuracy,37,0.1881
test_accuracy,38,0.1603
test_accuracy,39,0.2202
test_accuracy,40,0.1971
test_accuracy,41,0.2102
test_accuracy,42,0.2069
test_accuracy,43,0.207
test_accuracy,44,0.2085
test_accuracy,45,0.211
test_accuracy,46,0.2046
test_accuracy,47,0.2097
test_accuracy,48,0.2073
test_accuracy,49,0.2315
test_accuracy,50,0.2075
test_accuracy,51,0.204
test_accuracy,52,0.2302
test_accuracy,53,0.204
test_accuracy,54,0.2056
test_accuracy,55,0.2047
test_accuracy,56,0.2251
test_accuracy,57,0.2029
test_accuracy,58,0.2049
test_accuracy,59,0.2038
