test_accuracy,0,0.1
test_accuracy,1,0.5355
test_accuracy,2,0.6251
test_accuracy,3,0.6561
test_accuracy,4,0.6217
test_accuracy,5,0.7339
test_accuracy,6,0.7394
test_accuracy,7,0.6811
test_accuracy,8,0.7175
test_accuracy,9,0.6004
test_accuracy,10,0.73
test_accuracy,11,0.7204
test_accuracy,12,0.7772
test_accuracy,13,0.7622
test_accuracy,14,0.778
test_accuracy,15,0.7982
test_accuracy,16,0.8014
test_accuracy,17,0.8012
test_accuracy,18,0.8016
test_accuracy,19,0.801
test_accuracy,20,0.8023
test_accuracy,21,0.8017
test_accuracy,22,0.8025
test_accuracy,23,0.8027
test_accuracy,24,0.8025
test_accuracy,25,0.8035
test_accuracy,26,0.8042
test_accuracy,27,0.8037
test_accuracy,28,0.8029
test_accuracy,29,0.8038
test_accuracy,30,0.805
test_accuracy,31,0.804
test_accuracy,32,0.8034
test_accuracy,33,0.8
test_accuracy,34,0.8032
test_accuracy,35,0.8031
test_accuracy,36,0.8033
test_accuracy,37,0.803
test_accuracy,38,0.8039
test_accuracy,39,0.8029
test_accuracy,40,0.8038
test_accuracy,41,0.8034
test_accuracy,42,0.803
test_accuracy,43,0.8028
test_accuracy,44,0.8034
test_accuracy,45,0.8022
test_accuracy,46,0.8032
test_accuracy,47,0.8034
test_accuracy,48,0.8035
test_accuracy,49,0.8041
test_accuracy,50,0.803
test_accuracy,51,0.8029
test_accuracy,52,0.8029
test_accuracy,53,0.8039
test_accuracy,54,0.8034
test_accuracy,55,0.804
test_accuracy,56,0.8047
test_accuracy,57,0.8037
test_accuracy,58,0.8031
test_accuracy,59,0.8025
