test_accuracy,0,0.1
test_accuracy,1,0.6643
test_accuracy,2,0.5238
test_accuracy,3,0.6294
test_accuracy,4,0.6969
test_accuracy,5,0.6817
test_accuracy,6,0.6994
test_accuracy,7,0.6383
test_accuracy,8,0.7043
test_accuracy,9,0.6409
test_accuracy,10,0.6243
test_accuracy,11,0.726
test_accuracy,12,0.7016
test_accuracy,13,0.7153
test_accuracy,14,0.7642
test_accuracy,15,0.6524
test_accuracy,16,0.7668
test_accuracy,17,0.7442
test_accuracy,18,0.7852
test_accuracy,19,0.7919
test_accuracy,20,0.7932
test_accuracy,21,0.7891
test_accuracy,22,0.7968
test_accuracy,23,0.7984
test_accuracy,24,0.7991
test_accuracy,25,0.7961
test_accuracy,26,0.799
test_accuracy,27,0.7994
test_accuracy,28,0.7979
test_accuracy,29,0.7993
test_accuracy,30,0.7991
test_accuracy,31,0.7981
test_accuracy,32,0.7998
test_accuracy,33,0.7988
test_accuracy,34,0.7997
test_accuracy,35,0.7985
test_accuracy,36,0.7993
test_accuracy,37,0.7986
test_accuracy,38,0.7994
test_accuracy,39,0.7994
test_accuracy,40,0.7976
test_accuracy,41,0.7987
test_accuracy,42,0.8
test_accuracy,43,0.8012
test_accuracy,44,0.7997
test_accuracy,45,0.7995
test_accuracy,46,0.7989
test_accuracy,47,0.8003
test_accuracy,48,0.7985
test_accuracy,49,0.7989
test_accuracy,50,0.801
test_accuracy,51,0.7988
test_accuracy,52,0.7992
test_accuracy,53,0.8006
test_accuracy,54,0.7999
test_accuracy,55,0.7992
test_accuracy,56,0.8012
test_accuracy,57,0.7998
test_accuracy,58,0.7993
test_accuracy,59,0.7996
