test_accuracy,0,0.1
test_accuracy,1,0.6406
test_accuracy,2,0.6147
test_accuracy,3,0.5847
test_accuracy,4,0.693
test_accuracy,5,0.6302
test_accuracy,6,0.6984
test_accuracy,7,0.634
test_accuracy,8,0.6204
test_accuracy,9,0.6109
test_accuracy,10,0.6446
test_accuracy,11,0.7304
test_accuracy,12,0.6252
test_accuracy,13,0.7315
test_accuracy,14,0.6711
test_accuracy,15,0.6593
test_accuracy,16,0.7334
test_accuracy,17,0.7085
test_accuracy,18,0.7234
test_accuracy,19,0.7271
test_accuracy,20,0.6993
test_accuracy,21,0.6996
test_accuracy,22,0.7306
test_accuracy,23,0.7396
test_accuracy,24,0.7596
test_accuracy,25,0.7185
test_accuracy,26,0.7442
test_accuracy,27,0.7321
test_accuracy,28,0.766
test_accuracy,29,0.759
test_accuracy,30,0.7565
test_accuracy,31,0.7674
test_accuracy,32,0.7195
test_accuracy,33,0.6222
test_accuracy,34,0.7287
test_accuracy,35,0.7475
test_accuracy,36,0.7174
test_accuracy,37,0.7397
test_accuracy,38,0.7572
test_accuracy,39,0.763
test_accuracy,40,0.7477
test_accuracy,41,0.7716
test_accuracy,42,0.7732
test_accuracy,43,0.776
test_accuracy,44,0.7738
test_accuracy,45,0.7755
test_accuracy,46,0.7773
test_accuracy,47,0.7764
test_accuracy,48,0.7783
test_accuracy,49,0.7763
test_accuracy,50,0.776
test_accuracy,51,0.7767
test_accuracy,52,0.7778
test_accuracy,53,0.778
test_accuracy,54,0.7781
test_accuracy,55,0.7761
test_accuracy,56,0.777
test_accuracy,57,0.7782
test_accuracy,58,0.777
test_accuracy,59,0.7772
