test_accuracy,0,0.1084
test_accuracy,1,0.6427
test_accuracy,2,0.5696
test_accuracy,3,0.6848
test_accuracy,4,0.7052
test_accuracy,5,0.6942
test_accuracy,6,0.7466
test_accuracy,7,0.6411
test_accuracy,8,0.6991
test_accuracy,9,0.743
test_accuracy,10,0.7552
test_accuracy,11,0.697
test_accuracy,12,0.7679
test_accuracy,13,0.7921
test_accuracy,14,0.7935
test_accuracy,15,0.7946
test_accuracy,16,0.7612
test_accuracy,17,0.8031
test_accuracy,18,0.802
test_accuracy,19,0.8045
test_accuracy,20,0.805
test_accuracy,21,0.8048
test_accuracy,22,0.8047
test_accuracy,23,0.8047
test_accuracy,24,0.8061
test_accuracy,25,0.8038
test_accuracy,26,0.8027
test_accuracy,27,0.8065
test_accuracy,28,0.8061
test_accuracy,29,0.8056
test_accuracy,30,0.807
test_accuracy,31,0.8069
test_accuracy,32,0.807
test_accuracy,33,0.8085
test_accuracy,34,0.8068
test_accuracy,35,0.8073
test_accuracy,36,0.8064
test_accuracy,37,0.8079
test_accuracy,38,0.8086
test_accuracy,39,0.8076
test_accuracy,40,0.8061
test_accuracy,41,0.8073
test_accuracy,42,0.8078
test_accuracy,43,0.8094
test_accuracy,44,0.8078
test_accuracy,45,0.8081
test_accuracy,46,0.8084
test_accuracy,47,0.8063
test_accuracy,48,0.8079
test_accuracy,49,0.8067
test_accuracy,50,0.8076
test_accuracy,51,0.8084
test_accuracy,52,0.8073
test_accuracy,53,0.8077
test_accuracy,54,0.8079
test_accuracy,55,0.808
test_accuracy,56,0.807
test_accuracy,57,0.8066
test_accuracy,58,0.8075
test_accuracy,59,0.8068
