test_accuracy,0,0.1
test_accuracy,1,0.4592
test_accuracy,2,0.5764
test_accuracy,3,0.5574
test_accuracy,4,0.5671
test_accuracy,5,0.6077
test_accuracy,6,0.6709
test_accuracy,7,0.647
test_accuracy,8,0.6504
test_accuracy,9,0.7104
test_accuracy,10,0.6742
test_accuracy,11,0.7227
test_accuracy,12,0.7146
test_accuracy,13,0.6689
test_accuracy,14,0.712
test_accuracy,15,0.5836
test_accuracy,16,0.6882
test_accuracy,17,0.7065
test_accuracy,18,0.676
test_accuracy,19,0.7021
test_accuracy,20,0.7209
test_accuracy,21,0.7049
test_accuracy,22,0.682
test_accuracy,23,0.6425
test_accuracy,24,0.7298
test_accuracy,25,0.6662
test_accuracy,26,0.7046
test_accuracy,27,0.7043
test_accuracy,28,0.6727
test_accuracy,29,0.7083
test_accuracy,30,0.6907
test_accuracy,31,0.6865
test_accuracy,32,0.7127
test_accuracy,33,0.7075
test_accuracy,34,0.6859
test_accuracy,35,0.7014
test_accuracy,36,0.6319
test_accuracy,37,0.7049
test_accuracy,38,0.6503
test_accuracy,39,0.7216
test_accuracy,40,0.7083
test_accuracy,41,0.7438
test_accuracy,42,0.746
test_accuracy,43,0.743
test_accuracy,44,0.743
test_accuracy,45,0.7436
test_accuracy,46,0.7415
test_accuracy,47,0.7425
test_accuracy,48,0.7432
test_accuracy,49,0.7421
test_accuracy,50,0.7425
test_accuracy,51,0.7428
test_accuracy,52,0.7399
test_accuracy,53,0.7403
test_accuracy,54,0.7406
test_accuracy,55,0.7422
test_accuracy,56,0.7402
test_accuracy,57,0.7405
test_accuracy,58,0.7438
test_accuracy,59,0.7429
