test_accuracy,0,0.5401
test_accuracy,1,0.4167
test_accuracy,2,0.6556
test_accuracy,3,0.6405
test_accuracy,4,0.6629
test_accuracy,5,0.5715
test_accuracy,6,0.696
test_accuracy,7,0.7123
test_accuracy,8,0.7271
test_accuracy,9,0.7414
test_accuracy,10,0.7002
test_accuracy,11,0.763
test_accuracy,12,0.7598
test_accuracy,13,0.7809
test_accuracy,14,0.7811
test_accuracy,15,0.7842
test_accuracy,16,0.7873
test_accuracy,17,0.7852
test_accuracy,18,0.785
test_accuracy,19,0.7861
test_accuracy,20,0.7842
test_accuracy,21,0.7883
test_accuracy,22,0.7871
test_accuracy,23,0.7867
test_accuracy,24,0.7854
test_accuracy,25,0.7868
test_accuracy,26,0.7871
test_accuracy,27,0.7879
test_accuracy,28,0.7851
test_accuracy,29,0.7871
test_accuracy,30,0.7846
test_accuracy,31,0.7857
test_accuracy,32,0.787
test_accuracy,33,0.7866
test_accuracy,34,0.7863
test_accuracy,35,0.7861
test_accuracy,36,0.7885
test_accuracy,37,0.7863
test_accuracy,38,0.7867
test_accuracy,39,0.7879
test_accuracy,40,0.7856
test_accuracy,41,0.7872
test_accuracy,42,0.7853
test_accuracy,43,0.7867
test_accuracy,44,0.7876
test_accuracy,45,0.7865
test_accuracy,46,0.7861
test_accuracy,47,0.7867
test_accuracy,48,0.7866
test_accuracy,49,0.7872
test_accuracy,50,0.7878
test_accuracy,51,0.7866
test_accuracy,52,0.7871
test_accuracy,53,0.7853
test_accuracy,54,0.7856
test_accuracy,55,0.7871
test_accuracy,56,0.7871
test_accuracy,57,0.7869
test_accuracy,58,0.7863
test_accuracy,59,0.7852
