test_accuracy,0,0.4632
test_accuracy,1,0.5252
test_accuracy,2,0.6375
test_accuracy,3,0.5537
test_accuracy,4,0.6899
test_accuracy,5,0.6972
test_accuracy,6,0.702
test_accuracy,7,0.7082
test_accuracy,8,0.5521
test_accuracy,9,0.6641
test_accuracy,10,0.7304
test_accuracy,11,0.7325
test_accuracy,12,0.7521
test_accuracy,13,0.7677
test_accuracy,14,0.771
test_accuracy,15,0.7712
test_accuracy,16,0.7695
test_accuracy,17,0.7717
test_accuracy,18,0.7721
test_accuracy,19,0.7739
test_accuracy,20,0.7752
test_accuracy,21,0.7737
test_accuracy,22,0.772
test_accuracy,23,0.7723
test_accuracy,24,0.7754
test_accuracy,25,0.773
test_accuracy,26,0.7727
test_accuracy,27,0.7731
test_accuracy,28,0.7717
test_accuracy,29,0.7709
test_accuracy,30,0.7719
test_accuracy,31,0.7742
test_accuracy,32,0.7737
test_accuracy,33,0.7734
test_accuracy,34,0.7728
test_accuracy,35,0.7747
test_accuracy,36,0.7745
test_accuracy,37,0.7739
test_accuracy,38,0.7719
test_accuracy,39,0.7746
test_accuracy,40,0.7737
test_accuracy,41,0.7747
test_accuracy,42,0.7738
test_accuracy,43,0.7743
test_accuracy,44,0.7746
test_accuracy,45,0.775
test_accuracy,46,0.7746
test_accuracy,47,0.773
test_accuracy,48,0.7734
test_accuracy,49,0.7731
test_accuracy,50,0.7734
test_accuracy,51,0.7738
test_accuracy,52,0.7728
test_accuracy,53,0.7739
test_accuracy,54,0.7732
test_accuracy,55,0.7745
test_accuracy,56,0.7733
test_accuracy,57,0.7731
test_accuracy,58,0.7743
test_accuracy,59,0.7735
