test_accuracy,0,0.5591
test_accuracy,1,0.615
test_accuracy,2,0.6368
test_accuracy,3,0.6676
test_accuracy,4,0.6827
test_accuracy,5,0.6712
test_accuracy,6,0.6463
test_accuracy,7,0.6706
test_accuracy,8,0.5695
test_accuracy,9,0.6067
test_accuracy,10,0.6856
test_accuracy,11,0.7098
test_accuracy,12,0.7109
test_accuracy,13,0.7188
test_accuracy,14,0.7322
test_accuracy,15,0.748
test_accuracy,16,0.7448
test_accuracy,17,0.7587
test_accuracy,18,0.7593
test_accuracy,19,0.7619
test_accuracy,20,0.7617
test_accuracy,21,0.764
test_accuracy,22,0.7619
test_accuracy,23,0.763
test_accuracy,24,0.7648
test_accuracy,25,0.7631
test_accuracy,26,0.763
test_accuracy,27,0.7651
test_accuracy,28,0.7659
test_accuracy,29,0.7631
test_accuracy,30,0.7636
test_accuracy,31,0.7641
test_accuracy,32,0.7654
test_accuracy,33,0.7655
test_accuracy,34,0.7672
test_accuracy,35,0.7639
test_accuracy,36,0.766
test_accuracy,37,0.763
test_accuracy,38,0.7654
test_accuracy,39,0.7662
test_accuracy,40,0.7639
test_accuracy,41,0.764
test_accuracy,42,0.7627
test_accuracy,43,0.7656
test_accuracy,44,0.7657
test_accuracy,45,0.7659
test_accuracy,46,0.7653
test_accuracy,47,0.7666
test_accuracy,48,0.7644
test_accuracy,49,0.7653
test_accuracy,50,0.7649
test_accuracy,51,0.7653
test_accuracy,52,0.7654
test_accuracy,53,0.7652
test_accuracy,54,0.7657
test_accuracy,55,0.7652
test_accuracy,56,0.7653
test_accuracy,57,0.7662
test_accuracy,58,0.7655
test_accuracy,59,0.7658
