test_accuracy,0,0.4635
test_accuracy,1,0.6224
test_accuracy,2,0.583
test_accuracy,3,0.6008
test_accuracy,4,0.6552
test_accuracy,5,0.6594
test_accuracy,6,0.6944
test_accuracy,7,0.665
test_accuracy,8,0.6132
test_accuracy,9,0.6951
test_accuracy,10,0.6961
test_accuracy,11,0.6902
test_accuracy,12,0.7214
test_accuracy,13,0.6722
test_accuracy,14,0.6901
test_accuracy,15,0.6782
test_accuracy,16,0.7081
test_accuracy,17,0.6978
test_accuracy,18,0.7259
test_accuracy,19,0.7183
test_accuracy,20,0.6996
test_accuracy,21,0.7016
test_accuracy,22,0.7187
test_accuracy,23,0.7279
test_accuracy,24,0.7282
test_accuracy,25,0.6886
test_accuracy,26,0.7354
test_accuracy,27,0.7366
test_accuracy,28,0.7434
test_accuracy,29,0.7437
test_accuracy,30,0.7476
test_accuracy,31,0.7512
test_accuracy,32,0.753
test_accuracy,33,0.7534
test_accuracy,34,0.7515
test_accuracy,35,0.7521
test_accuracy,36,0.7556
test_accuracy,37,0.7548
test_accuracy,38,0.7556
test_accuracy,39,0.7521
test_accuracy,40,0.752
test_accuracy,41,0.754
test_accuracy,42,0.7537
test_accuracy,43,0.7539
test_accuracy,44,0.7532
test_accuracy,45,0.7537
test_accuracy,46,0.7535
test_accuracy,47,0.7549
test_accuracy,48,0.7542
test_accuracy,49,0.753
test_accuracy,50,0.7538
test_accuracy,51,0.7539
test_accuracy,52,0.7536
test_accuracy,53,0.7532
test_accuracy,54,0.7539
test_accuracy,55,0.7533
test_accuracy,56,0.7519
test_accuracy,57,0.7539
test_accuracy,58,0.7541
test_accuracy,59,0.7548
