test_accuracy,0,0.6025
test_accuracy,1,0.6365
test_accuracy,2,0.5886
test_accuracy,3,0.65
test_accuracy,4,0.7081
test_accuracy,5,0.6727
test_accuracy,6,0.6774
test_accuracy,7,0.5955
test_accuracy,8,0.7521
test_accuracy,9,0.734
test_accuracy,10,0.7236
test_accuracy,11,0.7756
test_accuracy,12,0.7557
test_accuracy,13,0.7837
test_accuracy,14,0.7954
test_accuracy,15,0.7996
test_accuracy,16,0.8005
test_accuracy,17,0.8019
test_accuracy,18,0.8015
test_accuracy,19,0.8018
test_accuracy,20,0.8007
test_accuracy,21,0.8016
test_accuracy,22,0.8018
test_accuracy,23,0.801
test_accuracy,24,0.8026
test_accuracy,25,0.8015
test_accuracy,26,0.8023
test_accuracy,27,0.802
test_accuracy,28,0.8007
test_accuracy,29,0.8013
test_accuracy,30,0.8018
test_accuracy,31,0.8015
test_accuracy,32,0.8005
test_accuracy,33,0.8005
test_accuracy,34,0.8028
test_accuracy,35,0.802
test_accuracy,36,0.8021
test_accuracy,37,0.802
test_accuracy,38,0.8008
test_accuracy,39,0.8024
test_accuracy,40,0.8023
test_accuracy,41,0.8019
test_accuracy,42,0.8029
test_accuracy,43,0.8039
test_accuracy,44,0.8017
test_accuracy,45,0.8022
test_accuracy,46,0.8021
test_accuracy,47,0.8018
test_accuracy,48,0.8031
test_accuracy,49,0.8039
test_accuracy,50,0.8026
test_accuracy,51,0.8021
test_accuracy,52,0.8026
test_accuracy,53,0.8039
test_accuracy,54,0.8025
test_accuracy,55,0.8022
test_accuracy,56,0.8025
test_accuracy,57,0.8027
test_accuracy,58,0.8021
test_accuracy,59,0.8027
