test_accuracy,0,0.1893
test_accuracy,1,0.2179
test_accuracy,2,0.2394
test_accuracy,3,0.2887
test_accuracy,4,0.3191
test_accuracy,5,0.3251
test_accuracy,6,0.3297
test_accuracy,7,0.3343
test_accuracy,8,0.3515
test_accuracy,9,0.3579
test_accuracy,10,0.328
test_accuracy,11,0.3415
test_accuracy,12,0.3473
test_accuracy,13,0.3955
test_accuracy,14,0.3778
test_accuracy,15,0.3906
test_accuracy,16,0.3948
test_accuracy,17,0.4037
test_accuracy,18,0.3694
test_accuracy,19,0.4078
test_accuracy,20,0.3895
test_accuracy,21,0.4065
test_accuracy,22,0.3973
test_accuracy,23,0.4018
test_accuracy,24,0.4053
test_accuracy,25,0.4108
test_accuracy,26,0.4266
test_accuracy,27,0.4126
test_accuracy,28,0.4045
test_accuracy,29,0.4166
test_accuracy,30,0.4308
test_accuracy,31,0.4044
test_accuracy,32,0.4322
test_accuracy,33,0.4469
test_accuracy,34,0.4489
test_accuracy,35,0.4392
test_accuracy,36,0.4424
test_accuracy,37,0.4637
test_accuracy,38,0.4459
test_accuracy,39,0.4342
test_accuracy,40,0.4489
test_accuracy,41,0.4771
test_accuracy,42,0.4611
test_accuracy,43,0.4757
test_accuracy,44,0.4639
test_accuracy,45,0.4605
test_accuracy,46,0.4633
test_accuracy,47,0.4641
test_accuracy,48,0.458
test_accuracy,49,0.4606
test_accuracy,50,0.4654
test_accuracy,51,0.4626
test_accuracy,52,0.4635
test_accuracy,53,0.4586
test_accuracy,54,0.4595
test_accuracy,55,0.4576
test_accuracy,56,0.4563
test_accuracy,57,0.4684
test_accuracy,58,0.4581
test_accuracy,59,0.4592
