test_accuracy,0,0.5424
test_accuracy,1,0.5688
test_accuracy,2,0.6451
test_accuracy,3,0.6817
test_accuracy,4,0.6844
test_accuracy,5,0.6884
test_accuracy,6,0.6725
test_accuracy,7,0.6869
test_accuracy,8,0.6695
test_accuracy,9,0.7277
test_accuracy,10,0.7249
test_accuracy,11,0.7426
test_accuracy,12,0.749
test_accuracy,13,0.7608
test_accuracy,14,0.7639
test_accuracy,15,0.7648
test_accuracy,16,0.7656
test_accuracy,17,0.7674
test_accuracy,18,0.7674
test_accuracy,19,0.7664
test_accuracy,20,0.7677
test_accuracy,21,0.7676
test_accuracy,22,0.7679
test_accuracy,23,0.7655
test_accuracy,24,0.767
test_accuracy,25,0.7669
test_accuracy,26,0.7703
test_accuracy,27,0.7699
test_accuracy,28,0.7691
test_accuracy,29,0.7683
test_accuracy,30,0.7677
test_accuracy,31,0.7685
test_accuracy,32,0.7682
test_accuracy,33,0.7689
test_accuracy,34,0.7684
test_accuracy,35,0.7693
test_accuracy,36,0.7691
test_accuracy,37,0.769
test_accuracy,38,0.7691
test_accuracy,39,0.7533
test_accuracy,40,0.7701
test_accuracy,41,0.768
test_accuracy,42,0.7685
test_accuracy,43,0.7675
test_accuracy,44,0.7682
test_accuracy,45,0.7683
test_accuracy,46,0.7683
test_accuracy,47,0.7689
test_accuracy,48,0.7702
test_accuracy,49,0.7686
test_accuracy,50,0.7676
test_accuracy,51,0.768
test_accuracy,52,0.7689
test_accuracy,53,0.7687
test_accuracy,54,0.7676
test_accuracy,55,0.7691
test_accuracy,56,0.7692
test_accuracy,57,0.7682
test_accuracy,58,0.769
test_accuracy,59,0.7687
