test_accuracy,0,0.574
test_accuracy,1,0.5745
test_accuracy,2,0.6741
test_accuracy,3,0.6474
test_accuracy,4,0.6281
test_accuracy,5,0.619
test_accuracy,6,0.6901
test_accuracy,7,0.7037
test_accuracy,8,0.7018
test_accuracy,9,0.6589
test_accuracy,10,0.6914
test_accuracy,11,0.6808
test_accuracy,12,0.6933
test_accuracy,13,0.6991
test_accuracy,14,0.6887
test_accuracy,15,0.6879
test_accuracy,16,0.6632
test_accuracy,17,0.7017
test_accuracy,18,0.658
test_accuracy,19,0.7249
test_accuracy,20,0.6766
test_accuracy,21,0.7103
test_accuracy,22,0.7111
test_accuracy,23,0.722
test_accuracy,24,0.7286
test_accuracy,25,0.7131
test_accuracy,26,0.7375
test_accuracy,27,0.7388
test_accuracy,28,0.7334
test_accuracy,29,0.7351
test_accuracy,30,0.7379
test_accuracy,31,0.7434
test_accuracy,32,0.7423
test_accuracy,33,0.7426
test_accuracy,34,0.7446
test_accuracy,35,0.7461
test_accuracy,36,0.7449
test_accuracy,37,0.7452
test_accuracy,38,0.7455
test_accuracy,39,0.7392
test_accuracy,40,0.7466
test_accuracy,41,0.7425
test_accuracy,42,0.7433
test_accuracy,43,0.7453
test_accuracy,44,0.7426
test_accuracy,45,0.7447
test_accuracy,46,0.7448
test_accuracy,47,0.7467
test_accuracy,48,0.7465
test_accuracy,49,0.7429
test_accuracy,50,0.7441
test_accuracy,51,0.7431
test_accuracy,52,0.7446
test_accuracy,53,0.7446
test_accuracy,54,0.7443
test_accuracy,55,0.7439
test_accuracy,56,0.7448
test_accuracy,57,0.7455
test_accuracy,58,0.7449
test_accuracy,59,0.7453
