test_accuracy,0,0.4995
test_accuracy,1,0.5504
test_accuracy,2,0.6008
test_accuracy,3,0.6259
test_accuracy,4,0.6612
test_accuracy,5,0.6105
test_accuracy,6,0.6646
test_accuracy,7,0.6449
test_accuracy,8,0.6614
test_accuracy,9,0.6885
test_accuracy,10,0.659
test_accuracy,11,0.6534
test_accuracy,12,0.6487
test_accuracy,13,0.6907
test_accuracy,14,0.7003
test_accuracy,15,0.6686
test_accuracy,16,0.6719
test_accuracy,17,0.6999
test_accuracy,18,0.6928
test_accuracy,19,0.6466
test_accuracy,20,0.684
test_accuracy,21,0.692
test_accuracy,22,0.6983
test_accuracy,23,0.6931
test_accuracy,24,0.6774
test_accuracy,25,0.6774
test_accuracy,26,0.6959
test_accuracy,27,0.6924
test_accuracy,28,0.6271
test_accuracy,29,0.6802
test_accuracy,30,0.6976
test_accuracy,31,0.6825
test_accuracy,32,0.6556
test_accuracy,33,0.6986
test_accuracy,34,0.7054
test_accuracy,35,0.6576
test_accuracy,36,0.6912
test_accuracy,37,0.6945
test_accuracy,38,0.6965
test_accuracy,39,0.6857
test_accuracy,40,0.6796
test_accuracy,41,0.7245
test_accuracy,42,0.7257
test_accuracy,43,0.7274
test_accuracy,44,0.7292
test_accuracy,45,0.7284
test_accuracy,46,0.7275
test_accuracy,47,0.7287
test_accuracy,48,0.7265
test_accuracy,49,0.7271
test_accuracy,50,0.7304
test_accuracy,51,0.7266
test_accuracy,52,0.7276
test_accuracy,53,0.7301
test_accuracy,54,0.7273
test_accuracy,55,0.7264
test_accuracy,56,0.7296
test_accuracy,57,0.73
test_accuracy,58,0.7268
test_accuracy,59,0.7271
