test_accuracy,0,0.2149
test_accuracy,1,0.2444
test_accuracy,2,0.2814
test_accuracy,3,0.2996
test_accuracy,4,0.3471
test_accuracy,5,0.3754
test_accuracy,6,0.4198
test_accuracy,7,0.4594
test_accuracy,8,0.376
test_accuracy,9,0.4736
test_accuracy,10,0.5023
test_accuracy,11,0.4151
test_accuracy,12,0.4925
test_accuracy,13,0.4929
test_accuracy,14,0.5151
test_accuracy,15,0.476
test_accuracy,16,0.4606
test_accuracy,17,0.4831
test_accuracy,18,0.5131
test_accuracy,19,0.4516
test_accuracy,20,0.5295
test_accuracy,21,0.4127
test_accuracy,22,0.5075
test_accuracy,23,0.492
test_accuracy,24,0.4326
test_accuracy,25,0.5076
test_accuracy,26,0.4556
test_accuracy,27,0.4887
test_accuracy,28,0.4795
test_accuracy,29,0.4763
test_accuracy,30,0.4997
test_accuracy,31,0.5198
test_accuracy,32,0.5132
test_accuracy,33,0.5194
test_accuracy,34,0.5361
test_accuracy,35,0.4934
test_accuracy,36,0.5425
test_accuracy,37,0.4973
test_accuracy,38,0.4889
test_accuracy,39,0.521
test_accuracy,40,0.5121
test_accuracy,41,0.556
test_accuracy,42,0.553
test_accuracy,43,0.5332
test_accuracy,44,0.5543
test_accuracy,45,0.5346
test_accuracy,46,0.5372
test_accuracy,47,0.5536
test_accuracy,48,0.5522
test_accuracy,49,0.5318
test_accuracy,50,0.5317
test_accuracy,51,0.5292
test_accuracy,52,0.5255
test_accuracy,53,0.5475
test_accuracy,54,0.5277
test_accuracy,55,0.5269
test_accuracy,56,0.5239
test_accuracy,57,0.5259
test_accuracy,58,0.5318
test_accuracy,59,0.5282
