test_accuracy,0,0.5963
test_accuracy,1,0.6279
test_accuracy,2,0.4708
test_accuracy,3,0.5274
test_accuracy,4,0.5633
test_accuracy,5,0.7076
test_accuracy,6,0.6728
test_accuracy,7,0.7254
test_accuracy,8,0.711
test_accuracy,9,0.7308
test_accuracy,10,0.7388
test_accuracy,11,0.7533
test_accuracy,12,0.7527
test_accuracy,13,0.7699
test_accuracy,14,0.7728
test_accuracy,15,0.7706
test_accuracy,16,0.7742
test_accuracy,17,0.7739
test_accuracy,18,0.7749
test_accuracy,19,0.7746
test_accuracy,20,0.7753
test_accuracy,21,0.7737
test_accuracy,22,0.7744
test_accuracy,23,0.774
test_accuracy,24,0.7764
test_accuracy,25,0.7757
test_accuracy,26,0.7748
test_accuracy,27,0.7753
test_accuracy,28,0.7748
test_accuracy,29,0.7738
test_accuracy,30,0.7735
test_accuracy,31,0.7749
test_accuracy,32,0.7738
test_accuracy,33,0.7747
test_accuracy,34,0.775
test_accuracy,35,0.775
test_accuracy,36,0.7742
test_accuracy,37,0.7748
test_accuracy,38,0.7758
test_accuracy,39,0.7741
test_accuracy,40,0.7744
test_accuracy,41,0.7727
test_accuracy,42,0.7742
test_accuracy,43,0.7729
test_accuracy,44,0.7748
test_accuracy,45,0.774
test_accuracy,46,0.7757
test_accuracy,47,0.7751
test_accuracy,48,0.7738
test_accuracy,49,0.7746
test_accuracy,50,0.7735
test_accuracy,51,0.773
test_accuracy,52,0.7744
test_accuracy,53,0.7743
test_accuracy,54,0.7747
test_accuracy,55,0.7746
test_accuracy,56,0.7745
test_accuracy,57,0.775
test_accuracy,58,0.7753
test_accuracy,59,0.7747
