test_accuracy,0,0.5236
test_accuracy,1,0.6109
test_accuracy,2,0.5212
test_accuracy,3,0.5876
test_accuracy,4,0.707
test_accuracy,5,0.6706
test_accuracy,6,0.68
test_accuracy,7,0.6865
test_accuracy,8,0.6584
test_accuracy,9,0.71
test_accuracy,10,0.6953
test_accuracy,11,0.6616
test_accuracy,12,0.7122
test_accuracy,13,0.7091
test_accuracy,14,0.7197
test_accuracy,15,0.7447
test_accuracy,16,0.745
test_accuracy,17,0.7497
test_accuracy,18,0.7521
test_accuracy,19,0.7579
test_accuracy,20,0.7564
test_accuracy,21,0.7563
test_accuracy,22,0.7574
test_accuracy,23,0.7604
test_accuracy,24,0.7591
test_accuracy,25,0.7593
test_accuracy,26,0.7593
test_accuracy,27,0.761
test_accuracy,28,0.7594
test_accuracy,29,0.7603
test_accuracy,30,0.7594
test_accuracy,31,0.7616
test_accuracy,32,0.7614
test_accuracy,33,0.762
test_accuracy,34,0.7615
test_accuracy,35,0.7597
test_accuracy,36,0.7608
test_accuracy,37,0.7625
test_accuracy,38,0.7336
test_accuracy,39,0.7592
test_accuracy,40,0.7594
test_accuracy,41,0.7613
test_accuracy,42,0.7601
test_accuracy,43,0.761
test_accuracy,44,0.7609
test_accuracy,45,0.7618
test_accuracy,46,0.7608
test_accuracy,47,0.7607
test_accuracy,48,0.7598
test_accuracy,49,0.7603
test_accuracy,50,0.7609
test_accuracy,51,0.7596
test_accuracy,52,0.76
test_accuracy,53,0.7603
test_accuracy,54,0.7621
test_accuracy,55,0.7609
test_accuracy,56,0.7606
test_accuracy,57,0.7591
test_accuracy,58,0.7619
test_accuracy,59,0.7594
