test_accuracy,0,0.635
test_accuracy,1,0.6072
test_accuracy,2,0.6494
test_accuracy,3,0.6482
test_accuracy,4,0.6778
test_accuracy,5,0.7332
test_accuracy,6,0.735
test_accuracy,7,0.6582
test_accuracy,8,0.7082
test_accuracy,9,0.7568
test_accuracy,10,0.7759
test_accuracy,11,0.7822
test_accuracy,12,0.7138
test_accuracy,13,0.8028
test_accuracy,14,0.8111
test_accuracy,15,0.8154
test_accuracy,16,0.8162
test_accuracy,17,0.8165
test_accuracy,18,0.8159
test_accuracy,19,0.8172
test_accuracy,20,0.8157
test_accuracy,21,0.817
test_accuracy,22,0.8177
test_accuracy,23,0.8172
test_accuracy,24,0.8183
test_accuracy,25,0.8165
test_accuracy,26,0.8175
test_accuracy,27,0.8165
test_accuracy,28,0.8165
test_accuracy,29,0.8173
test_accuracy,30,0.817
test_accuracy,31,0.8161
test_accuracy,32,0.8169
test_accuracy,33,0.8176
test_accuracy,34,0.8169
test_accuracy,35,0.8191
test_accuracy,36,0.8192
test_accuracy,37,0.8188
test_accuracy,38,0.8177
test_accuracy,39,0.8194
test_accuracy,40,0.8185
test_accuracy,41,0.8187
test_accuracy,42,0.8184
test_accuracy,43,0.8182
test_accuracy,44,0.819
test_accuracy,45,0.8183
test_accuracy,46,0.817
test_accuracy,47,0.8169
test_accuracy,48,0.8181
test_accuracy,49,0.8192
test_accuracy,50,0.8181
test_accuracy,51,0.8192
test_accuracy,52,0.819
test_accuracy,53,0.8181
test_accuracy,54,0.8178
test_accuracy,55,0.8175
test_accuracy,56,0.8181
test_accuracy,57,0.8174
test_accuracy,58,0.8175
test_accuracy,59,0.8185
