test_accuracy,0,0.1
test_accuracy,1,0.5157
test_accuracy,2,0.6436
test_accuracy,3,0.6028
test_accuracy,4,0.6442
test_accuracy,5,0.6987
test_accuracy,6,0.6267
test_accuracy,7,0.6447
test_accuracy,8,0.6438
test_accuracy,9,0.6367
test_accuracy,10,0.6961
test_accuracy,11,0.7048
test_accuracy,12,0.6626
test_accuracy,13,0.5601
test_accuracy,14,0.7224
test_accuracy,15,0.6714
test_accuracy,16,0.7123
test_accuracy,17,0.7047
test_accuracy,18,0.6535
test_accuracy,19,0.6847
test_accuracy,20,0.6424
test_accuracy,21,0.6944
test_accuracy,22,0.7028
test_accuracy,23,0.707
test_accuracy,24,0.7
test_accuracy,25,0.6765
test_accuracy,26,0.7166
test_accuracy,27,0.6952
test_accuracy,28,0.5353
test_accuracy,29,0.7074
test_accuracy,30,0.7218
test_accuracy,31,0.6825
test_accuracy,32,0.6008
test_accuracy,33,0.6881
test_accuracy,34,0.6611
test_accuracy,35,0.7248
test_accuracy,36,0.5839
test_accuracy,37,0.7156
test_accuracy,38,0.7094
test_accuracy,39,0.7121
test_accuracy,40,0.6439
test_accuracy,41,0.7434
test_accuracy,42,0.7445
test_accuracy,43,0.7438
test_accuracy,44,0.7461
test_accuracy,45,0.7447
test_accuracy,46,0.7419
test_accuracy,47,0.7435
test_accuracy,48,0.7432
test_accuracy,49,0.7442
test_accuracy,50,0.7441
test_accuracy,51,0.7414
test_accuracy,52,0.7425
test_accuracy,53,0.7404
test_accuracy,54,0.7424
test_accuracy,55,0.7403
test_accuracy,56,0.7418
test_accuracy,57,0.7434
test_accuracy,58,0.7419
test_accuracy,59,0.741
