test_accuracy,0,0.2335
test_accuracy,1,0.6392
test_accuracy,2,0.6806
test_accuracy,3,0.6667
test_accuracy,4,0.7068
test_accuracy,5,0.7249
test_accuracy,6,0.7388
test_accuracy,7,0.6718
test_accuracy,8,0.6455
test_accuracy,9,0.7667
test_accuracy,10,0.7487
test_accuracy,11,0.7746
test_accuracy,12,0.7484
test_accuracy,13,0.7614
test_accuracy,14,0.7863
test_accuracy,15,0.7852
test_accuracy,16,0.8003
test_accuracy,17,0.8002
test_accuracy,18,0.802
test_accuracy,19,0.803
test_accuracy,20,0.8039
test_accuracy,21,0.8044
test_accuracy,22,0.804
test_accuracy,23,0.8031
test_accuracy,24,0.8037
test_accuracy,25,0.8033
test_accuracy,26,0.804
test_accuracy,27,0.8028
test_accuracy,28,0.803
test_accuracy,29,0.803
test_accuracy,30,0.8036
test_accuracy,31,0.804
test_accuracy,32,0.8052
test_accuracy,33,0.8036
test_accuracy,34,0.8033
test_accuracy,35,0.8042
test_accuracy,36,0.8042
test_accuracy,37,0.8037
test_accuracy,38,0.8053
test_accuracy,39,0.8042
test_accuracy,40,0.8062
test_accuracy,41,0.805
test_accuracy,42,0.8035
test_accuracy,43,0.8036
test_accuracy,44,0.8043
test_accuracy,45,0.8057
test_accuracy,46,0.8048
test_accuracy,47,0.8058
test_accuracy,48,0.8061
test_accuracy,49,0.8044
test_accuracy,50,0.8064
test_accuracy,51,0.8052
test_accuracy,52,0.8057
test_accuracy,53,0.8043
test_accuracy,54,0.8053
test_accuracy,55,0.805
test_accuracy,56,0.8052
test_accuracy,57,0.8041
test_accuracy,58,0.8046
test_accuracy,59,0.8048
