test_accuracy,0,0.1
test_accuracy,1,0.5419
test_accuracy,2,0.6173
test_accuracy,3,0.5205
test_accuracy,4,0.6676
test_accuracy,5,0.6603
test_accuracy,6,0.6687
test_accuracy,7,0.7138
test_accuracy,8,0.6438
test_accuracy,9,0.6929
test_accuracy,10,0.5735
test_accuracy,11,0.7432
test_accuracy,12,0.7424
test_accuracy,13,0.6716
test_accuracy,14,0.739
test_accuracy,15,0.7195
test_accuracy,16,0.7296
test_accuracy,17,0.7297
test_accuracy,18,0.7232
test_accuracy,19,0.6698
test_accuracy,20,0.6821
test_accuracy,21,0.7449
test_accuracy,22,0.7441
test_accuracy,23,0.7476
test_accuracy,24,0.7233
test_accuracy,25,0.744
test_accuracy,26,0.7631
test_accuracy,27,0.7412
test_accuracy,28,0.7335
test_accuracy,29,0.7435
test_accuracy,30,0.741
test_accuracy,31,0.763
test_accuracy,32,0.7653
test_accuracy,33,0.7606
test_accuracy,34,0.7654
test_accuracy,35,0.7674
test_accuracy,36,0.7738
test_accuracy,37,0.7719
test_accuracy,38,0.7741
test_accuracy,39,0.7692
test_accuracy,40,0.7721
test_accuracy,41,0.774
test_accuracy,42,0.7745
test_accuracy,43,0.775
test_accuracy,44,0.7736
test_accuracy,45,0.774
test_accuracy,46,0.7748
test_accuracy,47,0.7753
test_accuracy,48,0.7751
test_accuracy,49,0.7758
test_accuracy,50,0.7757
test_accuracy,51,0.7749
test_accuracy,52,0.776
test_accuracy,53,0.7783
test_accuracy,54,0.775
test_accuracy,55,0.7765
test_accuracy,56,0.7752
test_accuracy,57,0.776
test_accuracy,58,0.7755
test_accuracy,59,0.7766
