test_accuracy,0,0.6028
test_accuracy,1,0.6582
test_accuracy,2,0.6585
test_accuracy,3,0.7237
test_accuracy,4,0.6469
test_accuracy,5,0.6863
test_accuracy,6,0.6412
test_accuracy,7,0.6725
test_accuracy,8,0.7589
test_accuracy,9,0.7652
test_accuracy,10,0.7638
test_accuracy,11,0.7855
test_accuracy,12,0.7885
test_accuracy,13,0.7907
test_accuracy,14,0.7904
test_accuracy,15,0.7912
test_accuracy,16,0.7903
test_accuracy,17,0.7924
test_accuracy,18,0.7919
test_accuracy,19,0.7918
test_accuracy,20,0.7918
test_accuracy,21,0.7911
test_accuracy,22,0.7919
test_accuracy,23,0.7914
test_accuracy,24,0.7935
test_accuracy,25,0.792
test_accuracy,26,0.792
test_accuracy,27,0.7907
test_accuracy,28,0.7931
test_accuracy,29,0.7911
test_accuracy,30,0.7926
test_accuracy,31,0.7931
test_accuracy,32,0.7921
test_accuracy,33,0.7931
test_accuracy,34,0.792
test_accuracy,35,0.7933
test_accuracy,36,0.7915
test_accuracy,37,0.7927
test_accuracy,38,0.7929
test_accuracy,39,0.7927
test_accuracy,40,0.7924
test_accuracy,41,0.7925
test_accuracy,42,0.7924
test_accuracy,43,0.7919
test_accuracy,44,0.791
test_accuracy,45,0.7929
test_accuracy,46,0.7917
test_accuracy,47,0.7916
test_accuracy,48,0.792
test_accuracy,49,0.7911
test_accuracy,50,0.7935
test_accuracy,51,0.7927
test_accuracy,52,0.7927
test_accuracy,53,0.7925
test_accuracy,54,0.7917
test_accuracy,55,0.7922
test_accuracy,56,0.7921
test_accuracy,57,0.7919
test_accuracy,58,0.7922
test_accuracy,59,0.7925
