test_accuracy,0,0.553
test_accuracy,1,0.5387
test_accuracy,2,0.4758
test_accuracy,3,0.5765
test_accuracy,4,0.6103
test_accuracy,5,0.6763
test_accuracy,6,0.6653
test_accuracy,7,0.6377
test_accuracy,8,0.682
test_accuracy,9,0.6764
test_accuracy,10,0.6761
test_accuracy,11,0.6607
test_accuracy,12,0.7075
test_accuracy,13,0.6751
test_accuracy,14,0.6754
test_accuracy,15,0.6389
test_accuracy,16,0.7212
test_accuracy,17,0.6851
test_accuracy,18,0.7174
test_accuracy,19,0.7157
test_accuracy,20,0.7068
test_accuracy,21,0.685
test_accuracy,22,0.7027
test_accuracy,23,0.7121
test_accuracy,24,0.7264
test_accuracy,25,0.7372
test_accuracy,26,0.7401
test_accuracy,27,0.7478
test_accuracy,28,0.7405
test_accuracy,29,0.7468
test_accuracy,30,0.7468
test_accuracy,31,0.7481
test_accuracy,32,0.7462
test_accuracy,33,0.7461
test_accuracy,34,0.7475
test_accuracy,35,0.7501
test_accuracy,36,0.7488
test_accuracy,37,0.746
test_accuracy,38,0.7477
test_accuracy,39,0.748
test_accuracy,40,0.7483
test_accuracy,41,0.7482
test_accuracy,42,0.7473
test_accuracy,43,0.749
test_accuracy,44,0.7486
test_accuracy,45,0.7486
test_accuracy,46,0.7486
test_accuracy,47,0.7488
test_accuracy,48,0.749
test_accuracy,49,0.7469
test_accuracy,50,0.7474
test_accuracy,51,0.748
test_accuracy,52,0.7467
test_accuracy,53,0.7486
test_accuracy,54,0.7479
test_accuracy,55,0.7475
test_accuracy,56,0.7483
test_accuracy,57,0.748
test_accuracy,58,0.7475
test_accuracy,59,0.7486
