test_accuracy,0,0.5184
test_accuracy,1,0.5188
test_accuracy,2,0.4983
test_accuracy,3,0.5419
test_accuracy,4,0.5761
test_accuracy,5,0.6188
test_accuracy,6,0.6127
test_accuracy,7,0.6741
test_accuracy,8,0.6585
test_accuracy,9,0.63
test_accuracy,10,0.6726
test_accuracy,11,0.6326
test_accuracy,12,0.682
test_accuracy,13,0.6917
test_accuracy,14,0.6773
test_accuracy,15,0.6802
test_accuracy,16,0.6641
test_accuracy,17,0.6616
test_accuracy,18,0.6364
test_accuracy,19,0.6563
test_accuracy,20,0.6955
test_accuracy,21,0.6846
test_accuracy,22,0.6768
test_accuracy,23,0.6901
test_accuracy,24,0.701
test_accuracy,25,0.6824
test_accuracy,26,0.6939
test_accuracy,27,0.6688
test_accuracy,28,0.6991
test_accuracy,29,0.6778
test_accuracy,30,0.7027
test_accuracy,31,0.6779
test_accuracy,32,0.6534
test_accuracy,33,0.689
test_accuracy,34,0.6872
test_accuracy,35,0.7053
test_accuracy,36,0.6468
test_accuracy,37,0.6835
test_accuracy,38,0.7106
test_accuracy,39,0.7034
test_accuracy,40,0.7032
test_accuracy,41,0.7249
test_accuracy,42,0.7275
test_accuracy,43,0.7294
test_accuracy,44,0.7289
test_accuracy,45,0.7257
test_accuracy,46,0.7289
test_accuracy,47,0.7281
test_accuracy,48,0.7279
test_accuracy,49,0.7275
test_accuracy,50,0.7287
test_accuracy,51,0.7271
test_accuracy,52,0.7281
test_accuracy,53,0.7267
test_accuracy,54,0.7282
test_accuracy,55,0.7268
test_accuracy,56,0.726
test_accuracy,57,0.7267
test_accuracy,58,0.7286
test_accuracy,59,0.7257
