test_accuracy,0,0.5801
test_accuracy,1,0.6621
test_accuracy,2,0.6421
test_accuracy,3,0.6784
test_accuracy,4,0.6996
test_accuracy,5,0.6418
test_accuracy,6,0.7548
test_accuracy,7,0.7393
test_accuracy,8,0.7057
test_accuracy,9,0.7315
test_accuracy,10,0.7638
test_accuracy,11,0.7871
test_accuracy,12,0.7709
test_accuracy,13,0.8025
test_accuracy,14,0.799
test_accuracy,15,0.8078
test_accuracy,16,0.8107
test_accuracy,17,0.8137
test_accuracy,18,0.815
test_accuracy,19,0.8137
test_accuracy,20,0.8135
test_accuracy,21,0.814
test_accuracy,22,0.8142
test_accuracy,23,0.8145
test_accuracy,24,0.8139
test_accuracy,25,0.8146
test_accuracy,26,0.8152
test_accuracy,27,0.8162
test_accuracy,28,0.8163
test_accuracy,29,0.8132
test_accuracy,30,0.8139
test_accuracy,31,0.8156
test_accuracy,32,0.8153
test_accuracy,33,0.8143
test_accuracy,34,0.8144
test_accuracy,35,0.8147
test_accuracy,36,0.8143
test_accuracy,37,0.8155
test_accuracy,38,0.8159
test_accuracy,39,0.8146
test_accuracy,40,0.8157
test_accuracy,41,0.8149
test_accuracy,42,0.8156
test_accuracy,43,0.816
test_accuracy,44,0.8158
test_accuracy,45,0.8148
test_accuracy,46,0.8167
test_accuracy,47,0.8152
test_accuracy,48,0.8154
test_accuracy,49,0.8146
test_accuracy,50,0.8154
test_accuracy,51,0.8159
test_accuracy,52,0.8159
test_accuracy,53,0.8156
test_accuracy,54,0.8147
test_accuracy,55,0.8157
test_accuracy,56,0.814
test_accuracy,57,0.8149
test_accuracy,58,0.8138
test_accuracy,59,0.8146
