test_accuracy,0,0.2387
test_accuracy,1,0.2778
test_accuracy,2,0.3671
test_accuracy,3,0.3966
test_accuracy,4,0.4285
test_accuracy,5,0.3828
test_accuracy,6,0.3731
test_accuracy,7,0.511
test_accuracy,8,0.4975
test_accuracy,9,0.5282
test_accuracy,10,0.4791
test_accuracy,11,0.54
test_accuracy,12,0.5249
test_accuracy,13,0.5626
test_accuracy,14,0.529
test_accuracy,15,0.5445
test_accuracy,16,0.5688
test_accuracy,17,0.532
test_accuracy,18,0.5878
test_accuracy,19,0.5678
test_accuracy,20,0.5571
test_accuracy,21,0.6165
test_accuracy,22,0.5717
test_accuracy,23,0.614
test_accuracy,24,0.5725
test_accuracy,25,0.6184
test_accuracy,26,0.5929
test_accuracy,27,0.6117
test_accuracy,28,0.6031
test_accuracy,29,0.6214
test_accuracy,30,0.5927
test_accuracy,31,0.5824
test_accuracy,32,0.5948
test_accuracy,33,0.6311
test_accuracy,34,0.58
test_accuracy,35,0.5869
test_accuracy,36,0.5801
test_accuracy,37,0.5913
test_accuracy,38,0.5581
test_accuracy,39,0.5491
test_accuracy,40,0.5422
test_accuracy,41,0.5764
test_accuracy,42,0.5662
test_accuracy,43,0.5702
test_accuracy,44,0.5598
test_accuracy,45,0.5694
test_accuracy,46,0.5663
test_accuracy,47,0.5633
test_accuracy,48,0.5746
test_accuracy,49,0.569
test_accuracy,50,0.5629
test_accuracy,51,0.5668
test_accuracy,52,0.563
test_accuracy,53,0.5637
test_accuracy,54,0.562
test_accuracy,55,0.5565
test_accuracy,56,0.5586
test_accuracy,57,0.5674
test_accuracy,58,0.5651
test_accuracy,59,0.5635
